[E:50ee8df7-e02a-42ac-b7ca-ee4f2a7c45f2][T:2024-09-04 12:35:17.023252][U:admin@nvidia.com][A:train.deploy]
[E:420e11d1-3b50-4c05-b768-91abd22f5af3][T:2024-09-04 12:35:17.044192][U:][A:train.start_job]
[E:aa6268b9-4b69-479d-b9ef-5b8f3cf02f20][T:2024-09-04 12:35:18.334758][U:admin@nvidia.com][A:train.deploy]
[E:bc7a7d69-b175-4262-b9b4-c416396b6ff3][T:2024-09-04 12:35:18.351769][U:][A:train.start_job]
[E:0b81c58b-ed15-4b2a-815b-e522ffa9b1f1][T:2024-09-04 12:36:29.972603][U:][A:train.abort]
[E:02249817-5a9b-4075-9b0a-853ecd16db3f][T:2024-09-04 12:36:31.056529][U:][A:train.abort]
[E:62c2c340-60ad-41b4-bede-d1a446d3b321][T:2024-09-04 12:42:53.907863][U:admin@nvidia.com][A:train.deploy]
[E:66a0f4ac-4bc8-46bf-8acd-3367c7ef3603][T:2024-09-04 12:42:53.979951][U:][A:train.start_job]
[E:e670df4e-3be1-4094-90d5-030385a97ade][R:8bb362d6-1856-457e-a1b3-cbb407321ab5][T:2024-09-04 12:43:10.851427][U:admin@nvidia.com][A:train.check_status]
[E:e2da754b-f760-4b35-bb32-ce503d7d7987][R:3db5086f-9a3d-402c-84fe-753a300694ed][T:2024-09-04 12:43:49.545872][U:admin@nvidia.com][A:train.check_status]
[E:b4052023-2bb5-4000-85cf-99dd7b6fdabd][T:2024-09-04 12:44:13.809461][U:][A:train.abort]
[E:717b728a-41cc-4145-b14b-baf18b69af6d][R:576166d2-4e58-4aa8-b61d-71366ffd199f][T:2024-09-04 12:44:31.253862][U:admin@nvidia.com][A:train.check_status]
[E:9b7571ec-216d-4354-8f3d-110aa9c97e75][R:515b271a-8d41-4a76-9e32-0757c00bae06][T:2024-09-04 12:44:34.948402][U:admin@nvidia.com][A:train.check_status]
[E:5d4e156e-910d-4a0d-ba08-998cb768979a][T:2024-09-04 12:44:39.945280][U:admin@nvidia.com][A:train.deploy]
[E:83085799-f393-45df-b646-f1bf5f673462][T:2024-09-04 12:44:39.983262][U:][A:train.start_job]
[E:0f8e59ba-f863-4965-bf54-6e6720b2970c][T:2024-09-04 12:45:53.237125][U:][A:train.abort]
[E:f575e4e5-6cce-4e24-af37-f79eab4333b6][T:2024-09-04 12:46:22.788457][U:admin@nvidia.com][A:train.deploy]
[E:20a9bc88-9e90-4e56-87ee-568f7cf38b1a][T:2024-09-04 12:46:22.824955][U:][A:train.start_job]
[E:543d46ba-0ace-455e-9de8-bbf3cef0709f][T:2024-09-04 12:46:26.612170][U:][A:train.notify_job_status]
[E:bf6437bd-b193-4de7-a857-2701f9cc67a2][R:fc457bb9-bc7f-409c-b805-fa86db3f7ce1][T:2024-09-04 12:46:27.165809][J:c237095d-43f6-473b-a930-feb0fe2a41df][A:get_weights#0b21debe-f36e-46cc-968e-0738a27b7b9c]received task from server
[E:80e6d334-6c0d-4cde-858f-e70280da9277][T:2024-09-04 12:46:27.166114][J:c237095d-43f6-473b-a930-feb0fe2a41df][A:get_weights#0b21debe-f36e-46cc-968e-0738a27b7b9c]invoked executor Cifar10Trainer
[E:65d641d8-261c-4ef9-b138-86e30f4614a8][R:fc457bb9-bc7f-409c-b805-fa86db3f7ce1][T:2024-09-04 12:46:27.166628][J:c237095d-43f6-473b-a930-feb0fe2a41df][A:get_weights#0b21debe-f36e-46cc-968e-0738a27b7b9c]submit result OK
[E:48b1560d-da27-441f-ad8e-118aa9bb2ec2][R:fea87246-59fc-47aa-9328-423beeb03dba][T:2024-09-04 12:46:28.900952][U:admin@nvidia.com][A:train.check_status]
[E:5bf7866a-52fd-4280-b084-b34a57ba79bb][R:cb3ccb93-cbc4-4b26-a829-b675b0738440][T:2024-09-04 12:46:29.200633][J:c237095d-43f6-473b-a930-feb0fe2a41df][A:train#6337dccf-6040-43d7-8672-953c35450e4d]received task from server
[E:9c9b16fe-c0bf-4105-8a2c-7172c1e7e9f4][T:2024-09-04 12:46:29.201048][J:c237095d-43f6-473b-a930-feb0fe2a41df][A:train#6337dccf-6040-43d7-8672-953c35450e4d]invoked executor Cifar10Trainer
[E:62697662-51a9-48d6-b960-d624e6971fb6][R:cb3ccb93-cbc4-4b26-a829-b675b0738440][T:2024-09-04 12:46:31.918185][J:c237095d-43f6-473b-a930-feb0fe2a41df][A:train#6337dccf-6040-43d7-8672-953c35450e4d]submit result OK
[E:fbb6a7c2-f2e9-413a-ad2d-231a682194da][R:2c2d07e4-17c3-4732-8154-c0b1e7f2678c][T:2024-09-04 12:46:33.985380][J:c237095d-43f6-473b-a930-feb0fe2a41df][A:train#a37c0a53-fc76-49c1-bd4a-fcb09a81f3aa]received task from server
[E:dc378e0e-41f2-4ae9-a129-c09ee201ebc5][T:2024-09-04 12:46:33.985533][J:c237095d-43f6-473b-a930-feb0fe2a41df][A:train#a37c0a53-fc76-49c1-bd4a-fcb09a81f3aa]invoked executor Cifar10Trainer
[E:87e76a24-e120-4767-be4e-70f99bc7bd71][R:2c2d07e4-17c3-4732-8154-c0b1e7f2678c][T:2024-09-04 12:46:36.627628][J:c237095d-43f6-473b-a930-feb0fe2a41df][A:train#a37c0a53-fc76-49c1-bd4a-fcb09a81f3aa]submit result OK
[E:821682e2-5a7e-4471-9441-8a53801011a7][R:7dff18cc-0c57-4d62-b0e2-ad6b784b0d4d][T:2024-09-04 12:46:38.670785][J:c237095d-43f6-473b-a930-feb0fe2a41df][A:submit_model#53645f46-22eb-4825-9ed2-98ea4dd5efbe]received task from server
[E:3f15ac87-ec70-4ca5-b3e7-24d701eaa587][T:2024-09-04 12:46:38.671064][J:c237095d-43f6-473b-a930-feb0fe2a41df][A:submit_model#53645f46-22eb-4825-9ed2-98ea4dd5efbe]invoked executor Cifar10Trainer
[E:53850ee1-9f93-413a-bad8-aa14cf659a17][R:7dff18cc-0c57-4d62-b0e2-ad6b784b0d4d][T:2024-09-04 12:46:38.674090][J:c237095d-43f6-473b-a930-feb0fe2a41df][A:submit_model#53645f46-22eb-4825-9ed2-98ea4dd5efbe]submit result OK
[E:762c9c80-780a-4d14-ae9c-4b7385b055bd][R:31a1133d-04b1-45ed-a4ae-7e9e29e7058d][T:2024-09-04 12:46:40.693737][J:c237095d-43f6-473b-a930-feb0fe2a41df][A:validate#c28a6f27-022f-4229-9115-0eca0f95632c]received task from server
[E:0d96c86c-f610-4653-b80b-cfaa60dfbc9b][T:2024-09-04 12:46:40.693916][J:c237095d-43f6-473b-a930-feb0fe2a41df][A:validate#c28a6f27-022f-4229-9115-0eca0f95632c]invoked executor Cifar10Validator
[E:40fcf18d-9d78-4f43-8897-3536a7626f0b][R:31a1133d-04b1-45ed-a4ae-7e9e29e7058d][T:2024-09-04 12:46:40.710005][J:c237095d-43f6-473b-a930-feb0fe2a41df][A:validate#c28a6f27-022f-4229-9115-0eca0f95632c]submit result OK
[E:138e7423-80db-416d-acec-815b4f5700f0][R:91e6f67e-0339-4350-b596-6764a6e067bc][T:2024-09-04 12:46:42.728491][J:c237095d-43f6-473b-a930-feb0fe2a41df][A:validate#d0f8f6e6-5577-40f0-bb42-ae970cf4ab30]received task from server
[E:ba98a704-7ffa-4aee-8d4d-2af6af522cb1][T:2024-09-04 12:46:42.728748][J:c237095d-43f6-473b-a930-feb0fe2a41df][A:validate#d0f8f6e6-5577-40f0-bb42-ae970cf4ab30]invoked executor Cifar10Validator
[E:c1616538-3233-47b8-83d5-c4ee853fb394][R:91e6f67e-0339-4350-b596-6764a6e067bc][T:2024-09-04 12:46:42.748076][J:c237095d-43f6-473b-a930-feb0fe2a41df][A:validate#d0f8f6e6-5577-40f0-bb42-ae970cf4ab30]submit result OK
[E:a722f1fc-093d-4ea8-99f8-40076e36f7bb][R:7dfe1320-5ce9-44aa-b077-52cdc8a1a273][T:2024-09-04 12:46:44.764292][J:c237095d-43f6-473b-a930-feb0fe2a41df][A:validate#71ea5078-9311-411a-a3c5-582235c7cbe3]received task from server
[E:d8bbf18a-f51c-44bf-80f6-f0d0081861d9][T:2024-09-04 12:46:44.764732][J:c237095d-43f6-473b-a930-feb0fe2a41df][A:validate#71ea5078-9311-411a-a3c5-582235c7cbe3]invoked executor Cifar10Validator
[E:586108c6-4a07-46ea-92af-8c22780fce5d][R:7dfe1320-5ce9-44aa-b077-52cdc8a1a273][T:2024-09-04 12:46:44.815874][J:c237095d-43f6-473b-a930-feb0fe2a41df][A:validate#71ea5078-9311-411a-a3c5-582235c7cbe3]submit result OK
[E:0dc49ce0-c537-4551-afc9-20922186438a][T:2024-09-04 12:46:46.829287][U:][A:train.notify_job_status]
