Running with job name: 20_30_1_1
=== SLURM Environment Variables ===
SLURM_JOB_USER=kunyang
SLURM_TASKS_PER_NODE=16
SLURM_JOB_UID=149751124
SLURM_TASK_PID=3214585
SLURM_JOB_GPUS=0
SLURM_LOCALID=0
SLURM_SUBMIT_DIR=/users/kunyang/FLNLP_Dropout/rKrum_dropout
SLURMD_NODENAME=bcm-dgxa100-0019
SLURM_JOB_START_TIME=1756903520
SLURM_NODE_ALIASES=(null)
SLURM_CLUSTER_NAME=mp
SLURM_JOB_END_TIME=1756910720
SLURM_CPUS_ON_NODE=16
SLURM_JOB_CPUS_PER_NODE=16
SLURM_GPUS_ON_NODE=1
SLURM_GTIDS=0
SLURM_JOB_PARTITION=batch
SLURM_JOB_NUM_NODES=1
SLURM_JOBID=347511
SLURM_JOB_QOS=normal
SLURM_SCONTROL=/cm/shared/apps/slurm/current/bin/scontrol
SLURM_PROCID=0
SLURM_TOPOLOGY_ADDR=bcm-dgxa100-0019
SLURM_TOPOLOGY_ADDR_PATTERN=node
SLURM_MEM_PER_NODE=131072
SLURM_WORKING_CLUSTER=mp:mpcm1:6817:9984:109
SLURM_NODELIST=bcm-dgxa100-0019
SLURM_JOB_ACCOUNT=kunyang_nvflare_py31012_0001
SLURM_PRIO_PROCESS=0
SLURM_NNODES=1
SLURM_SUBMIT_HOST=slogin-01
SLURM_JOB_ID=347511
SLURM_NODEID=0
SLURM_SINFO=/cm/shared/apps/slurm/current/bin/sinfo
SLURM_CONF=/cm/shared/apps/slurm/var/etc/slurm/slurm.conf
SLURM_JOB_NAME=rkrum_8_30_1_1
SLURM_JOB_GID=999999
SLURM_JOB_NODELIST=bcm-dgxa100-0019
===================================
=== Node Information ===
===1node.sh===
hostname: bcm-dgxa100-0019
IP: 10.211.48.22
Linux bcm-dgxa100-0019 5.15.0-1083-nvidia #84-Ubuntu SMP Mon Jul 14 22:35:46 UTC 2025 x86_64 x86_64 x86_64 GNU/Linux
/users/kunyang/FLNLP_Dropout/rKrum_dropout
Running on nodes: bcm-dgxa100-0019
Job ID: 347511
Running with job name: rkrum_8_30_1_1
GPUs: 1, Clients: 20, Rounds: 30, OUT_DIR: out, NODE_NAME: bcm-dgxa100-0019
SERVER_NODE: bcm-dgxa100-0019, IP: 10.211.48.22
Launching server and clients on bcm-dgxa100-0019...
===1node.sh===
hostname: bcm-dgxa100-0019
IP: 10.211.48.22
Linux bcm-dgxa100-0019 5.15.0-1083-nvidia #84-Ubuntu SMP Mon Jul 14 22:35:46 UTC 2025 x86_64 x86_64 x86_64 GNU/Linux
/users/kunyang/FLNLP_Dropout/rKrum_dropout
Checking and killing existing python processes...
✅All python processes terminated.
🚀 Starting server...
/users/kunyang/FLNLP_Dropout/rKrum_dropout
Waiting for server to start...
python3 server.py is now running.
🚀 Launching client 1... cuda_idx: 0, client_idx: 1
✅ Started ./start.sh for client site-1 with PID 3214829
🚀 Launching client 2... cuda_idx: 0, client_idx: 2
✅ Started ./start.sh for client site-2 with PID 3214830
🚀 Launching client 3... cuda_idx: 0, client_idx: 3
✅ Started ./start.sh for client site-3 with PID 3214831
🚀 Launching client 4... cuda_idx: 0, client_idx: 4
✅ Started ./start.sh for client site-4 with PID 3214832
🚀 Launching client 5... cuda_idx: 0, client_idx: 5
✅ Started ./start.sh for client site-5 with PID 3214833
🚀 Launching client 6... cuda_idx: 0, client_idx: 6
✅ Started ./start.sh for client site-6 with PID 3214834
🚀 Launching client 7... cuda_idx: 0, client_idx: 7
✅ Started ./start.sh for client site-7 with PID 3214835
🚀 Launching client 8... cuda_idx: 0, client_idx: 8
✅ Started ./start.sh for client site-8 with PID 3214836
🚀 Launching client 9... cuda_idx: 0, client_idx: 9
✅ Started ./start.sh for client site-9 with PID 3214837
🚀 Launching client 10... cuda_idx: 0, client_idx: 10
✅ Started ./start.sh for client site-10 with PID 3214838
🚀 Launching client 11... cuda_idx: 0, client_idx: 11
✅ Started ./start.sh for client site-11 with PID 3214839
🚀 Launching client 12... cuda_idx: 0, client_idx: 12
✅ Started ./start.sh for client site-12 with PID 3214840
🚀 Launching client 13... cuda_idx: 0, client_idx: 13
✅ Started ./start.sh for client site-13 with PID 3214841
🚀 Launching client 14... cuda_idx: 0, client_idx: 14
✅ Started ./start.sh for client site-14 with PID 3214842
🚀 Launching client 15... cuda_idx: 0, client_idx: 15
✅ Started ./start.sh for client site-15 with PID 3214843
🚀 Launching client 16... cuda_idx: 0, client_idx: 16
✅ Started ./start.sh for client site-16 with PID 3214844
🚀 Launching client 17... cuda_idx: 0, client_idx: 17
✅ Started ./start.sh for client site-17 with PID 3214845
🚀 Launching client 18... cuda_idx: 0, client_idx: 18
✅ Started ./start.sh for client site-18 with PID 3214846
🚀 Launching client 19... cuda_idx: 0, client_idx: 19
✅ Started ./start.sh for client site-19 with PID 3214847
🚀 Launching client 20... cuda_idx: 0, client_idx: 20
✅ Started ./start.sh for client site-20 with PID 3214848
Checking for server.py process...
✅ server.py is no longer running. Exiting loop.
hostname: bcm-dgxa100-0019
IP: 10.211.48.22
Linux bcm-dgxa100-0019 5.15.0-1083-nvidia #84-Ubuntu SMP Mon Jul 14 22:35:46 UTC 2025 x86_64 x86_64 x86_64 GNU/Linux
Checking if server.py is still running...
✅ server.py has finished. Exiting loop.
✅ All processes terminated.
