Running with job name: 20_30_1_1
=== SLURM Environment Variables ===
SLURM_JOB_USER=kunyang
SLURM_TASKS_PER_NODE=16
SLURM_JOB_UID=149751124
SLURM_TASK_PID=5476
SLURM_JOB_GPUS=5
SLURM_LOCALID=0
SLURM_SUBMIT_DIR=/users/kunyang/nvflare/auto_labeling/DROPOUT/rKrum_dropout
SLURMD_NODENAME=bcm-dgxa100-0015
SLURM_JOB_START_TIME=1762964771
SLURM_NODE_ALIASES=(null)
SLURM_CLUSTER_NAME=mp
SLURM_JOB_END_TIME=1762971971
SLURM_CPUS_ON_NODE=16
SLURM_JOB_CPUS_PER_NODE=16
SLURM_GPUS_ON_NODE=1
SLURM_GTIDS=0
SLURM_JOB_PARTITION=batch
SLURM_JOB_NUM_NODES=1
SLURM_JOBID=361563
SLURM_JOB_QOS=normal
SLURM_SCONTROL=/cm/shared/apps/slurm/current/bin/scontrol
SLURM_PROCID=0
SLURM_TOPOLOGY_ADDR=bcm-dgxa100-0015
SLURM_TOPOLOGY_ADDR_PATTERN=node
SLURM_MEM_PER_NODE=131072
SLURM_WORKING_CLUSTER=mp:mpcm1:6817:9984:109
SLURM_NODELIST=bcm-dgxa100-0015
SLURM_JOB_ACCOUNT=kunyang_nvflare_py31012_0001
SLURM_PRIO_PROCESS=0
SLURM_NNODES=1
SLURM_SUBMIT_HOST=slogin-01
SLURM_JOB_ID=361563
SLURM_NODEID=0
SLURM_SINFO=/cm/shared/apps/slurm/current/bin/sinfo
SLURM_CONF=/cm/shared/apps/slurm/var/etc/slurm/slurm.conf
SLURM_JOB_NAME=rkrum_20_30_1_1
SLURM_JOB_GID=999999
SLURM_JOB_NODELIST=bcm-dgxa100-0015
===================================
=== Node Information ===
===1node.sh===
hostname: bcm-dgxa100-0015
IP: 10.211.48.18
Linux bcm-dgxa100-0015 5.15.0-1083-nvidia #84-Ubuntu SMP Mon Jul 14 22:35:46 UTC 2025 x86_64 x86_64 x86_64 GNU/Linux
/users/kunyang/nvflare/auto_labeling/DROPOUT/rKrum_dropout
Running on nodes: bcm-dgxa100-0015
Job ID: 361563
Running with job name: rkrum_20_30_1_1
GPUs: 1, Clients: 20, Rounds: 30, OUT_DIR: out, NODE_NAME: bcm-dgxa100-0015
SERVER_NODE: bcm-dgxa100-0015, IP: 10.211.48.18
Launching server and clients on bcm-dgxa100-0015...
===1node.sh===
hostname: bcm-dgxa100-0015
IP: 10.211.48.18
Linux bcm-dgxa100-0015 5.15.0-1083-nvidia #84-Ubuntu SMP Mon Jul 14 22:35:46 UTC 2025 x86_64 x86_64 x86_64 GNU/Linux
/users/kunyang/nvflare/auto_labeling/DROPOUT/rKrum_dropout
Checking and killing existing python processes...
✅All python processes terminated.
🚀 Starting server...
/users/kunyang/nvflare/auto_labeling/DROPOUT/rKrum_dropout
Waiting for server to start...
Server not up yet... retrying in 5 seconds.
python3 server.py is now running.
🚀 Launching client 1... cuda_idx: 0, client_idx: 1
✅ Started ./start.sh for client site-1 with PID 6130
🚀 Launching client 2... cuda_idx: 0, client_idx: 2
✅ Started ./start.sh for client site-2 with PID 6131
🚀 Launching client 3... cuda_idx: 0, client_idx: 3
✅ Started ./start.sh for client site-3 with PID 6132
🚀 Launching client 4... cuda_idx: 0, client_idx: 4
✅ Started ./start.sh for client site-4 with PID 6133
🚀 Launching client 5... cuda_idx: 0, client_idx: 5
✅ Started ./start.sh for client site-5 with PID 6134
🚀 Launching client 6... cuda_idx: 0, client_idx: 6
✅ Started ./start.sh for client site-6 with PID 6135
🚀 Launching client 7... cuda_idx: 0, client_idx: 7
✅ Started ./start.sh for client site-7 with PID 6136
🚀 Launching client 8... cuda_idx: 0, client_idx: 8
✅ Started ./start.sh for client site-8 with PID 6137
🚀 Launching client 9... cuda_idx: 0, client_idx: 9
✅ Started ./start.sh for client site-9 with PID 6138
🚀 Launching client 10... cuda_idx: 0, client_idx: 10
✅ Started ./start.sh for client site-10 with PID 6139
🚀 Launching client 11... cuda_idx: 0, client_idx: 11
✅ Started ./start.sh for client site-11 with PID 6140
🚀 Launching client 12... cuda_idx: 0, client_idx: 12
✅ Started ./start.sh for client site-12 with PID 6141
🚀 Launching client 13... cuda_idx: 0, client_idx: 13
✅ Started ./start.sh for client site-13 with PID 6142
🚀 Launching client 14... cuda_idx: 0, client_idx: 14
✅ Started ./start.sh for client site-14 with PID 6143
🚀 Launching client 15... cuda_idx: 0, client_idx: 15
✅ Started ./start.sh for client site-15 with PID 6144
🚀 Launching client 16... cuda_idx: 0, client_idx: 16
✅ Started ./start.sh for client site-16 with PID 6145
🚀 Launching client 17... cuda_idx: 0, client_idx: 17
✅ Started ./start.sh for client site-17 with PID 6146
🚀 Launching client 18... cuda_idx: 0, client_idx: 18
✅ Started ./start.sh for client site-18 with PID 6147
🚀 Launching client 19... cuda_idx: 0, client_idx: 19
✅ Started ./start.sh for client site-19 with PID 6148
🚀 Launching client 20... cuda_idx: 0, client_idx: 20
✅ Started ./start.sh for client site-20 with PID 6149
Checking for server.py process...
🔁 server.py is still running.
⏳ Sleeping for 100 seconds before next check...
hostname: bcm-dgxa100-0015
IP: 10.211.48.18
Linux bcm-dgxa100-0015 5.15.0-1083-nvidia #84-Ubuntu SMP Mon Jul 14 22:35:46 UTC 2025 x86_64 x86_64 x86_64 GNU/Linux
Checking if server.py is still running...
kunyang     5534  4.7  0.0 8988968 497460 ?      Sl   10:26   0:04 python3 server.py --server_ip 127.0.0.1 --workspace_dir out/ws_20_30_1_1 --num_clients 20 --num_rounds 30
⏳ Sleeping for 100 seconds before next check...
Checking for server.py process...
🔁 server.py is still running.
⏳ Sleeping for 100 seconds before next check...
hostname: bcm-dgxa100-0015
IP: 10.211.48.18
Linux bcm-dgxa100-0015 5.15.0-1083-nvidia #84-Ubuntu SMP Mon Jul 14 22:35:46 UTC 2025 x86_64 x86_64 x86_64 GNU/Linux
Checking if server.py is still running...
kunyang     5534  2.3  0.0 8988968 497460 ?      Sl   10:26   0:04 python3 server.py --server_ip 127.0.0.1 --workspace_dir out/ws_20_30_1_1 --num_clients 20 --num_rounds 30
⏳ Sleeping for 100 seconds before next check...
Checking for server.py process...
🔁 server.py is still running.
⏳ Sleeping for 100 seconds before next check...
hostname: bcm-dgxa100-0015
IP: 10.211.48.18
Linux bcm-dgxa100-0015 5.15.0-1083-nvidia #84-Ubuntu SMP Mon Jul 14 22:35:46 UTC 2025 x86_64 x86_64 x86_64 GNU/Linux
Checking if server.py is still running...
kunyang     5534  1.5  0.0 8988968 497460 ?      Sl   10:26   0:04 python3 server.py --server_ip 127.0.0.1 --workspace_dir out/ws_20_30_1_1 --num_clients 20 --num_rounds 30
⏳ Sleeping for 100 seconds before next check...
Checking for server.py process...
🔁 server.py is still running.
⏳ Sleeping for 100 seconds before next check...
hostname: bcm-dgxa100-0015
IP: 10.211.48.18
Linux bcm-dgxa100-0015 5.15.0-1083-nvidia #84-Ubuntu SMP Mon Jul 14 22:35:46 UTC 2025 x86_64 x86_64 x86_64 GNU/Linux
Checking if server.py is still running...
kunyang     5534  1.1  0.0 8988968 497460 ?      Sl   10:26   0:04 python3 server.py --server_ip 127.0.0.1 --workspace_dir out/ws_20_30_1_1 --num_clients 20 --num_rounds 30
⏳ Sleeping for 100 seconds before next check...
Checking for server.py process...
🔁 server.py is still running.
⏳ Sleeping for 100 seconds before next check...
hostname: bcm-dgxa100-0015
IP: 10.211.48.18
Linux bcm-dgxa100-0015 5.15.0-1083-nvidia #84-Ubuntu SMP Mon Jul 14 22:35:46 UTC 2025 x86_64 x86_64 x86_64 GNU/Linux
Checking if server.py is still running...
kunyang     5534  0.9  0.0 8988968 497460 ?      Sl   10:26   0:04 python3 server.py --server_ip 127.0.0.1 --workspace_dir out/ws_20_30_1_1 --num_clients 20 --num_rounds 30
⏳ Sleeping for 100 seconds before next check...
Checking for server.py process...
🔁 server.py is still running.
⏳ Sleeping for 100 seconds before next check...
hostname: bcm-dgxa100-0015
IP: 10.211.48.18
Linux bcm-dgxa100-0015 5.15.0-1083-nvidia #84-Ubuntu SMP Mon Jul 14 22:35:46 UTC 2025 x86_64 x86_64 x86_64 GNU/Linux
Checking if server.py is still running...
kunyang     5534  0.7  0.0 8988968 497460 ?      Sl   10:26   0:04 python3 server.py --server_ip 127.0.0.1 --workspace_dir out/ws_20_30_1_1 --num_clients 20 --num_rounds 30
⏳ Sleeping for 100 seconds before next check...
Checking for server.py process...
🔁 server.py is still running.
⏳ Sleeping for 100 seconds before next check...
hostname: bcm-dgxa100-0015
IP: 10.211.48.18
Linux bcm-dgxa100-0015 5.15.0-1083-nvidia #84-Ubuntu SMP Mon Jul 14 22:35:46 UTC 2025 x86_64 x86_64 x86_64 GNU/Linux
Checking if server.py is still running...
kunyang     5534  0.6  0.0 8988968 497460 ?      Sl   10:26   0:04 python3 server.py --server_ip 127.0.0.1 --workspace_dir out/ws_20_30_1_1 --num_clients 20 --num_rounds 30
⏳ Sleeping for 100 seconds before next check...
Checking for server.py process...
🔁 server.py is still running.
⏳ Sleeping for 100 seconds before next check...
hostname: bcm-dgxa100-0015
IP: 10.211.48.18
Linux bcm-dgxa100-0015 5.15.0-1083-nvidia #84-Ubuntu SMP Mon Jul 14 22:35:46 UTC 2025 x86_64 x86_64 x86_64 GNU/Linux
Checking if server.py is still running...
kunyang     5534  0.5  0.0 8988968 497460 ?      Sl   10:26   0:04 python3 server.py --server_ip 127.0.0.1 --workspace_dir out/ws_20_30_1_1 --num_clients 20 --num_rounds 30
⏳ Sleeping for 100 seconds before next check...
Checking for server.py process...
🔁 server.py is still running.
⏳ Sleeping for 100 seconds before next check...
hostname: bcm-dgxa100-0015
IP: 10.211.48.18
Linux bcm-dgxa100-0015 5.15.0-1083-nvidia #84-Ubuntu SMP Mon Jul 14 22:35:46 UTC 2025 x86_64 x86_64 x86_64 GNU/Linux
Checking if server.py is still running...
kunyang     5534  0.5  0.0 8988968 497460 ?      Sl   10:26   0:04 python3 server.py --server_ip 127.0.0.1 --workspace_dir out/ws_20_30_1_1 --num_clients 20 --num_rounds 30
⏳ Sleeping for 100 seconds before next check...
Checking for server.py process...
🔁 server.py is still running.
⏳ Sleeping for 100 seconds before next check...
hostname: bcm-dgxa100-0015
IP: 10.211.48.18
Linux bcm-dgxa100-0015 5.15.0-1083-nvidia #84-Ubuntu SMP Mon Jul 14 22:35:46 UTC 2025 x86_64 x86_64 x86_64 GNU/Linux
Checking if server.py is still running...
kunyang     5534  0.4  0.0 8988968 497460 ?      Sl   10:26   0:04 python3 server.py --server_ip 127.0.0.1 --workspace_dir out/ws_20_30_1_1 --num_clients 20 --num_rounds 30
⏳ Sleeping for 100 seconds before next check...
Checking for server.py process...
🔁 server.py is still running.
⏳ Sleeping for 100 seconds before next check...
hostname: bcm-dgxa100-0015
IP: 10.211.48.18
Linux bcm-dgxa100-0015 5.15.0-1083-nvidia #84-Ubuntu SMP Mon Jul 14 22:35:46 UTC 2025 x86_64 x86_64 x86_64 GNU/Linux
Checking if server.py is still running...
kunyang     5534  0.4  0.0 8988968 497460 ?      Sl   10:26   0:04 python3 server.py --server_ip 127.0.0.1 --workspace_dir out/ws_20_30_1_1 --num_clients 20 --num_rounds 30
⏳ Sleeping for 100 seconds before next check...
Checking for server.py process...
🔁 server.py is still running.
⏳ Sleeping for 100 seconds before next check...
hostname: bcm-dgxa100-0015
IP: 10.211.48.18
Linux bcm-dgxa100-0015 5.15.0-1083-nvidia #84-Ubuntu SMP Mon Jul 14 22:35:46 UTC 2025 x86_64 x86_64 x86_64 GNU/Linux
Checking if server.py is still running...
kunyang     5534  0.3  0.0 8988968 497460 ?      Sl   10:26   0:04 python3 server.py --server_ip 127.0.0.1 --workspace_dir out/ws_20_30_1_1 --num_clients 20 --num_rounds 30
⏳ Sleeping for 100 seconds before next check...
Checking for server.py process...
🔁 server.py is still running.
⏳ Sleeping for 100 seconds before next check...
hostname: bcm-dgxa100-0015
IP: 10.211.48.18
Linux bcm-dgxa100-0015 5.15.0-1083-nvidia #84-Ubuntu SMP Mon Jul 14 22:35:46 UTC 2025 x86_64 x86_64 x86_64 GNU/Linux
Checking if server.py is still running...
kunyang     5534  0.3  0.0 8988968 497460 ?      Sl   10:26   0:04 python3 server.py --server_ip 127.0.0.1 --workspace_dir out/ws_20_30_1_1 --num_clients 20 --num_rounds 30
⏳ Sleeping for 100 seconds before next check...
Checking for server.py process...
🔁 server.py is still running.
⏳ Sleeping for 100 seconds before next check...
hostname: bcm-dgxa100-0015
IP: 10.211.48.18
Linux bcm-dgxa100-0015 5.15.0-1083-nvidia #84-Ubuntu SMP Mon Jul 14 22:35:46 UTC 2025 x86_64 x86_64 x86_64 GNU/Linux
Checking if server.py is still running...
Checking for server.py process...
kunyang     5534  0.3  0.0 8988968 497460 ?      Sl   10:26   0:04 python3 server.py --server_ip 127.0.0.1 --workspace_dir out/ws_20_30_1_1 --num_clients 20 --num_rounds 30
⏳ Sleeping for 100 seconds before next check...
🔁 server.py is still running.
⏳ Sleeping for 100 seconds before next check...
hostname: bcm-dgxa100-0015
IP: 10.211.48.18
Linux bcm-dgxa100-0015 5.15.0-1083-nvidia #84-Ubuntu SMP Mon Jul 14 22:35:46 UTC 2025 x86_64 x86_64 x86_64 GNU/Linux
Checking if server.py is still running...
Checking for server.py process...
kunyang     5534  0.3  0.0 8988968 497460 ?      Sl   10:26   0:04 python3 server.py --server_ip 127.0.0.1 --workspace_dir out/ws_20_30_1_1 --num_clients 20 --num_rounds 30
⏳ Sleeping for 100 seconds before next check...
🔁 server.py is still running.
⏳ Sleeping for 100 seconds before next check...
hostname: bcm-dgxa100-0015
IP: 10.211.48.18
Linux bcm-dgxa100-0015 5.15.0-1083-nvidia #84-Ubuntu SMP Mon Jul 14 22:35:46 UTC 2025 x86_64 x86_64 x86_64 GNU/Linux
Checking if server.py is still running...
Checking for server.py process...
kunyang     5534  0.2  0.0 8988968 497460 ?      Sl   10:26   0:04 python3 server.py --server_ip 127.0.0.1 --workspace_dir out/ws_20_30_1_1 --num_clients 20 --num_rounds 30
⏳ Sleeping for 100 seconds before next check...
🔁 server.py is still running.
⏳ Sleeping for 100 seconds before next check...
hostname: bcm-dgxa100-0015
IP: 10.211.48.18
Linux bcm-dgxa100-0015 5.15.0-1083-nvidia #84-Ubuntu SMP Mon Jul 14 22:35:46 UTC 2025 x86_64 x86_64 x86_64 GNU/Linux
Checking if server.py is still running...
Checking for server.py process...
kunyang     5534  0.2  0.0 8988968 497460 ?      Sl   10:26   0:04 python3 server.py --server_ip 127.0.0.1 --workspace_dir out/ws_20_30_1_1 --num_clients 20 --num_rounds 30
⏳ Sleeping for 100 seconds before next check...
🔁 server.py is still running.
⏳ Sleeping for 100 seconds before next check...
hostname: bcm-dgxa100-0015
IP: 10.211.48.18
Linux bcm-dgxa100-0015 5.15.0-1083-nvidia #84-Ubuntu SMP Mon Jul 14 22:35:46 UTC 2025 x86_64 x86_64 x86_64 GNU/Linux
Checking if server.py is still running...
Checking for server.py process...
kunyang     5534  0.2  0.0 8988968 497460 ?      Sl   10:26   0:04 python3 server.py --server_ip 127.0.0.1 --workspace_dir out/ws_20_30_1_1 --num_clients 20 --num_rounds 30
⏳ Sleeping for 100 seconds before next check...
🔁 server.py is still running.
⏳ Sleeping for 100 seconds before next check...
Checking for server.py process...
hostname: bcm-dgxa100-0015
IP: 10.211.48.18
Linux bcm-dgxa100-0015 5.15.0-1083-nvidia #84-Ubuntu SMP Mon Jul 14 22:35:46 UTC 2025 x86_64 x86_64 x86_64 GNU/Linux
Checking if server.py is still running...
🔁 server.py is still running.
⏳ Sleeping for 100 seconds before next check...
kunyang     5534  0.2  0.0 8988968 497460 ?      Sl   10:26   0:04 python3 server.py --server_ip 127.0.0.1 --workspace_dir out/ws_20_30_1_1 --num_clients 20 --num_rounds 30
⏳ Sleeping for 100 seconds before next check...
Checking for server.py process...
hostname: bcm-dgxa100-0015
IP: 10.211.48.18
Linux bcm-dgxa100-0015 5.15.0-1083-nvidia #84-Ubuntu SMP Mon Jul 14 22:35:46 UTC 2025 x86_64 x86_64 x86_64 GNU/Linux
Checking if server.py is still running...
🔁 server.py is still running.
⏳ Sleeping for 100 seconds before next check...
kunyang     5534  0.2  0.0 8988968 497460 ?      Sl   10:26   0:04 python3 server.py --server_ip 127.0.0.1 --workspace_dir out/ws_20_30_1_1 --num_clients 20 --num_rounds 30
⏳ Sleeping for 100 seconds before next check...
Checking for server.py process...
hostname: bcm-dgxa100-0015
IP: 10.211.48.18
Linux bcm-dgxa100-0015 5.15.0-1083-nvidia #84-Ubuntu SMP Mon Jul 14 22:35:46 UTC 2025 x86_64 x86_64 x86_64 GNU/Linux
Checking if server.py is still running...
🔁 server.py is still running.
⏳ Sleeping for 100 seconds before next check...
kunyang     5534  0.2  0.0 8988968 497460 ?      Sl   10:26   0:04 python3 server.py --server_ip 127.0.0.1 --workspace_dir out/ws_20_30_1_1 --num_clients 20 --num_rounds 30
⏳ Sleeping for 100 seconds before next check...
Checking for server.py process...
hostname: bcm-dgxa100-0015
IP: 10.211.48.18
Linux bcm-dgxa100-0015 5.15.0-1083-nvidia #84-Ubuntu SMP Mon Jul 14 22:35:46 UTC 2025 x86_64 x86_64 x86_64 GNU/Linux
Checking if server.py is still running...
🔁 server.py is still running.
⏳ Sleeping for 100 seconds before next check...
kunyang     5534  0.2  0.0 8988968 497460 ?      Sl   10:26   0:04 python3 server.py --server_ip 127.0.0.1 --workspace_dir out/ws_20_30_1_1 --num_clients 20 --num_rounds 30
⏳ Sleeping for 100 seconds before next check...
Checking for server.py process...
hostname: bcm-dgxa100-0015
IP: 10.211.48.18
Linux bcm-dgxa100-0015 5.15.0-1083-nvidia #84-Ubuntu SMP Mon Jul 14 22:35:46 UTC 2025 x86_64 x86_64 x86_64 GNU/Linux
Checking if server.py is still running...
🔁 server.py is still running.
⏳ Sleeping for 100 seconds before next check...
kunyang     5534  0.2  0.0 8988968 497460 ?      Sl   10:26   0:04 python3 server.py --server_ip 127.0.0.1 --workspace_dir out/ws_20_30_1_1 --num_clients 20 --num_rounds 30
⏳ Sleeping for 100 seconds before next check...
Checking for server.py process...
hostname: bcm-dgxa100-0015
IP: 10.211.48.18
Linux bcm-dgxa100-0015 5.15.0-1083-nvidia #84-Ubuntu SMP Mon Jul 14 22:35:46 UTC 2025 x86_64 x86_64 x86_64 GNU/Linux
Checking if server.py is still running...
🔁 server.py is still running.
⏳ Sleeping for 100 seconds before next check...
kunyang     5534  0.1  0.0 8988968 497460 ?      Sl   10:26   0:04 python3 server.py --server_ip 127.0.0.1 --workspace_dir out/ws_20_30_1_1 --num_clients 20 --num_rounds 30
⏳ Sleeping for 100 seconds before next check...
Checking for server.py process...
hostname: bcm-dgxa100-0015
IP: 10.211.48.18
Linux bcm-dgxa100-0015 5.15.0-1083-nvidia #84-Ubuntu SMP Mon Jul 14 22:35:46 UTC 2025 x86_64 x86_64 x86_64 GNU/Linux
Checking if server.py is still running...
🔁 server.py is still running.
⏳ Sleeping for 100 seconds before next check...
kunyang     5534  0.1  0.0 8988968 497460 ?      Sl   10:26   0:04 python3 server.py --server_ip 127.0.0.1 --workspace_dir out/ws_20_30_1_1 --num_clients 20 --num_rounds 30
⏳ Sleeping for 100 seconds before next check...
Checking for server.py process...
hostname: bcm-dgxa100-0015
IP: 10.211.48.18
Linux bcm-dgxa100-0015 5.15.0-1083-nvidia #84-Ubuntu SMP Mon Jul 14 22:35:46 UTC 2025 x86_64 x86_64 x86_64 GNU/Linux
Checking if server.py is still running...
🔁 server.py is still running.
⏳ Sleeping for 100 seconds before next check...
kunyang     5534  0.1  0.0 8988968 497460 ?      Sl   10:26   0:04 python3 server.py --server_ip 127.0.0.1 --workspace_dir out/ws_20_30_1_1 --num_clients 20 --num_rounds 30
⏳ Sleeping for 100 seconds before next check...
