[E:3758864f-7124-4862-838a-ad16a9e0d827][T:2024-09-10 11:15:14.353346][U:?][A:_cert_login admin@nvidia.com]
[E:2a2f0c7f-4fe7-415e-ae7f-3a1c827ff8f2][T:2024-09-10 11:15:49.879953][U:admin@nvidia.com][A:job_mgmt.submit_job 10clients-2classes UEsDBBQAAAAAAPdZKllIQks67RMAAO0TAAAjAAAAMTBjbGllbnRzLTJjbGFzc]
[E:5c693ac2-5594-4806-92ea-2077d90d8eb4][T:2024-09-10 11:17:38.258541][U:admin@nvidia.com][A:list_jobs]
[E:45cae093-7517-465c-b669-773733ac8463][T:2024-09-10 11:17:43.402630][U:admin@nvidia.com][A:job_mgmt.submit_job 10clients-2classes UEsDBBQAAAAAADVaKllqIjka7RMAAO0TAAAjAAAAMTBjbGllbnRzLTJjbGFzc]
[E:97db0548-d3b1-43cd-82fd-0e86111fe701][T:2024-09-10 11:17:56.843052][J:06fdd0e1-0252-4ace-9b1f-fc7d21a3b314][A:get_weights#dbc93a3e-6e9e-40c4-8098-b65483688cfa]sent task to client "site-1"
[E:f38a91bb-439f-4703-8047-f09ce884ee1e][R:8ed4bc0a-306b-4874-9285-3673f1a9d136][T:2024-09-10 11:17:56.870653][J:06fdd0e1-0252-4ace-9b1f-fc7d21a3b314][A:get_weights#dbc93a3e-6e9e-40c4-8098-b65483688cfa]received result from client 'site-1'
[E:17d575c5-c8f7-4c79-88b6-1db729759180][T:2024-09-10 11:19:16.732833][U:admin@nvidia.com][A:list_jobs]
[E:734fc8b6-2057-4168-9592-d5e99f963ecb][T:2024-09-10 11:19:18.700304][U:admin@nvidia.com][A:job_mgmt.submit_job 10clients-2classes UEsDBBQAAAAAAGhaKlkh5VDQ7RMAAO0TAAAjAAAAMTBjbGllbnRzLTJjbGFzc]
[E:0140fdad-3804-4671-b54c-4c3b6272d3db][T:2024-09-10 11:19:26.340953][J:40ada45f-6f0b-4471-b32d-a401af0cbe3f][A:get_weights#9a2861e3-1638-4ddb-b935-3a57ae5610e9]sent task to client "site-1"
[E:5989daad-262d-4d5b-b7d2-de2da90e1322][R:3a695434-e7ce-45f4-99bc-42f5069ba659][T:2024-09-10 11:19:26.388401][J:40ada45f-6f0b-4471-b32d-a401af0cbe3f][A:get_weights#9a2861e3-1638-4ddb-b935-3a57ae5610e9]received result from client 'site-1'
[E:483772fa-d5ba-48da-8435-1f60a2e4e532][T:2024-09-10 11:19:28.401928][J:40ada45f-6f0b-4471-b32d-a401af0cbe3f][A:train#80066dc9-55b5-4694-b7e9-208ebdb976fe]sent task to client "site-1"
[E:0b1f65b4-4c2d-42fb-b1fe-fde79d31fd98][R:7263bb1c-e289-4d37-b497-6a14f3f160d3][T:2024-09-10 11:19:33.052238][J:40ada45f-6f0b-4471-b32d-a401af0cbe3f][A:train#80066dc9-55b5-4694-b7e9-208ebdb976fe]received result from client 'site-1'
[E:c3bdaf79-3b39-4c35-8377-5de995a840c7][T:2024-09-10 11:19:35.093586][J:40ada45f-6f0b-4471-b32d-a401af0cbe3f][A:train#7cb077cc-0044-482b-bbef-a56d8f097df3]sent task to client "site-1"
[E:ac59251c-a688-4428-9fe5-0aaab5ff8f67][R:ed06ad77-728f-4b76-86db-fb3c693b798b][T:2024-09-10 11:19:39.633957][J:40ada45f-6f0b-4471-b32d-a401af0cbe3f][A:train#7cb077cc-0044-482b-bbef-a56d8f097df3]received result from client 'site-1'
[E:41841a49-a99b-4916-8469-5cf9b861cfa8][T:2024-09-10 11:19:41.677591][J:40ada45f-6f0b-4471-b32d-a401af0cbe3f][A:train#f7abfc5b-faa9-44f6-8473-1e2d1246d83c]sent task to client "site-1"
[E:78000d0c-59e3-4bbd-9b2c-f8f752067a5e][R:6e38538b-d700-4a9f-8287-a87e352717e9][T:2024-09-10 11:19:46.392662][J:40ada45f-6f0b-4471-b32d-a401af0cbe3f][A:train#f7abfc5b-faa9-44f6-8473-1e2d1246d83c]received result from client 'site-1'
[E:043c4bf3-510a-4596-8084-bf22272be890][T:2024-09-10 11:19:48.436361][J:40ada45f-6f0b-4471-b32d-a401af0cbe3f][A:train#1a9c721a-32f1-4cbe-a2c4-ad7aa8493782]sent task to client "site-1"
[E:f2efbdd0-33e3-4959-b7e8-085746125698][R:4d3ed255-a6b9-452d-85d4-9fa7f00ebcf3][T:2024-09-10 11:19:53.168975][J:40ada45f-6f0b-4471-b32d-a401af0cbe3f][A:train#1a9c721a-32f1-4cbe-a2c4-ad7aa8493782]received result from client 'site-1'
[E:aec33277-1980-4bfc-a7e7-7a876de7e66d][T:2024-09-10 11:19:55.212875][J:40ada45f-6f0b-4471-b32d-a401af0cbe3f][A:train#0d5c96e4-00b3-4479-af3f-e73ac87c8e2c]sent task to client "site-1"
[E:eb63d111-4b09-420d-8018-27137b7d9012][R:fe915b47-62f0-4837-8fc6-d685fa7262b3][T:2024-09-10 11:20:00.035526][J:40ada45f-6f0b-4471-b32d-a401af0cbe3f][A:train#0d5c96e4-00b3-4479-af3f-e73ac87c8e2c]received result from client 'site-1'
[E:c9de2206-8338-43fc-8a9e-a9db96efa125][T:2024-09-10 11:20:02.078241][J:40ada45f-6f0b-4471-b32d-a401af0cbe3f][A:train#213f1476-287d-44dc-98be-0b5d2dadec87]sent task to client "site-1"
[E:63a222e4-756f-43aa-9d94-d4213bacde5b][R:d3e0dfb4-67b9-47ca-8088-c55e0c0aecb4][T:2024-09-10 11:20:06.786997][J:40ada45f-6f0b-4471-b32d-a401af0cbe3f][A:train#213f1476-287d-44dc-98be-0b5d2dadec87]received result from client 'site-1'
[E:c74130b0-a641-430c-8807-9592de3fe651][T:2024-09-10 11:20:08.830293][J:40ada45f-6f0b-4471-b32d-a401af0cbe3f][A:train#9259c04f-52ca-4028-96a8-12343b00902d]sent task to client "site-1"
[E:9442f379-e97b-47de-b79b-f6f3ce7e1560][R:3be494e4-b133-46c4-bf6c-fe09a24af491][T:2024-09-10 11:20:13.448557][J:40ada45f-6f0b-4471-b32d-a401af0cbe3f][A:train#9259c04f-52ca-4028-96a8-12343b00902d]received result from client 'site-1'
[E:7f6f3f2e-9d34-4acd-bda5-a6be555076f3][T:2024-09-10 11:20:15.503885][J:40ada45f-6f0b-4471-b32d-a401af0cbe3f][A:train#fe4e1551-e858-4704-bf1a-1142023fbfa8]sent task to client "site-1"
[E:621bf75a-3c46-4f28-b6c0-71031214deb0][R:089e1e34-94d7-4850-8541-4897f1952847][T:2024-09-10 11:20:20.545814][J:40ada45f-6f0b-4471-b32d-a401af0cbe3f][A:train#fe4e1551-e858-4704-bf1a-1142023fbfa8]received result from client 'site-1'
[E:e28d4530-b870-4648-be88-9eddae548c18][T:2024-09-10 11:20:22.593845][J:40ada45f-6f0b-4471-b32d-a401af0cbe3f][A:train#4d8c72f9-504b-481f-8389-7c889df82c81]sent task to client "site-1"
[E:d3510e39-5298-42a4-966d-7e0781b94f29][R:e78de162-844d-4632-9e16-87f7f16c1cf1][T:2024-09-10 11:20:27.329357][J:40ada45f-6f0b-4471-b32d-a401af0cbe3f][A:train#4d8c72f9-504b-481f-8389-7c889df82c81]received result from client 'site-1'
[E:89d90e8a-2b65-49ff-9aa1-a761eb5ad97a][T:2024-09-10 11:20:29.377119][J:40ada45f-6f0b-4471-b32d-a401af0cbe3f][A:train#f26f5c36-5b2a-48f2-b3d3-cf768e75d614]sent task to client "site-1"
[E:e7ffbfcc-2043-43b0-8070-f1f121a8b49d][R:0b4b40a2-1ea3-4217-99ea-9dd3c135534b][T:2024-09-10 11:20:34.671933][J:40ada45f-6f0b-4471-b32d-a401af0cbe3f][A:train#f26f5c36-5b2a-48f2-b3d3-cf768e75d614]received result from client 'site-1'
[E:94f99867-b91f-4a47-88d9-272c37b7e1ee][T:2024-09-10 11:20:36.724468][J:40ada45f-6f0b-4471-b32d-a401af0cbe3f][A:train#721517f3-3a40-420d-ba27-9b9955302f67]sent task to client "site-1"
[E:c10f8427-e605-40e4-afb1-afe2d0ac66f3][R:f1c57a10-bddc-4e2d-9f92-76a1d051dd02][T:2024-09-10 11:20:41.689285][J:40ada45f-6f0b-4471-b32d-a401af0cbe3f][A:train#721517f3-3a40-420d-ba27-9b9955302f67]received result from client 'site-1'
[E:36e25798-9219-431c-8d03-ae97d0815632][T:2024-09-10 11:20:43.746744][J:40ada45f-6f0b-4471-b32d-a401af0cbe3f][A:train#ef2772b6-6512-4881-99d4-dc99cfe1abf6]sent task to client "site-1"
[E:10533757-2736-4b2a-8e66-eb01ede88984][R:3544b38a-6de6-44a7-a366-079b1c50b244][T:2024-09-10 11:20:48.355710][J:40ada45f-6f0b-4471-b32d-a401af0cbe3f][A:train#ef2772b6-6512-4881-99d4-dc99cfe1abf6]received result from client 'site-1'
[E:4a672239-720b-4a59-b5e1-3de6be80f716][T:2024-09-10 11:20:50.398617][J:40ada45f-6f0b-4471-b32d-a401af0cbe3f][A:train#8deb6321-123c-45e3-81d5-90652ebfe0da]sent task to client "site-1"
[E:52767808-a87d-4cb0-b5dd-072b36c1a9f3][R:02bd5b34-6996-4f88-80ae-b99c759724b0][T:2024-09-10 11:20:55.269026][J:40ada45f-6f0b-4471-b32d-a401af0cbe3f][A:train#8deb6321-123c-45e3-81d5-90652ebfe0da]received result from client 'site-1'
[E:f79f51c0-bc35-4562-8868-efe349c84dcb][T:2024-09-10 11:20:57.307795][J:40ada45f-6f0b-4471-b32d-a401af0cbe3f][A:train#e208c553-b7a0-49cf-a926-e9a2a9c7509a]sent task to client "site-1"
[E:46194ad2-2edb-43ad-a0db-dc3ed50ff379][R:6ff0524f-a23f-497c-93f8-5f820e954d47][T:2024-09-10 11:23:14.919685][J:40ada45f-6f0b-4471-b32d-a401af0cbe3f][A:train#e208c553-b7a0-49cf-a926-e9a2a9c7509a]received result from client 'site-1'
[E:3f0ba6e5-f94d-4fc4-96d6-e4cb855608a2][T:2024-09-10 11:23:16.987492][J:40ada45f-6f0b-4471-b32d-a401af0cbe3f][A:train#32ea47a4-7da1-45a1-b698-5a589097a9e3]sent task to client "site-1"
[E:479b41b7-a1df-4828-a700-4cc97bd0be0a][R:152be29f-7570-41bc-afd0-4790beb1c5c2][T:2024-09-10 11:23:28.524716][J:40ada45f-6f0b-4471-b32d-a401af0cbe3f][A:train#32ea47a4-7da1-45a1-b698-5a589097a9e3]received result from client 'site-1'
[E:97a801f7-546b-4368-99ae-7b61ad00a1aa][T:2024-09-10 11:23:30.574115][J:40ada45f-6f0b-4471-b32d-a401af0cbe3f][A:train#440228b8-c839-416a-b07d-86956e9ad3fd]sent task to client "site-1"
[E:c762b9c1-2ad5-47f7-be4b-5c99b9d7a113][R:88207b64-1908-4f40-be2c-e6e7c6542c0c][T:2024-09-10 11:23:35.070646][J:40ada45f-6f0b-4471-b32d-a401af0cbe3f][A:train#440228b8-c839-416a-b07d-86956e9ad3fd]received result from client 'site-1'
[E:518ccc2b-a3a1-4d2b-99fa-e3ae33cdfa09][T:2024-09-10 11:23:37.115430][J:40ada45f-6f0b-4471-b32d-a401af0cbe3f][A:train#8be80bf7-d8b3-447b-a817-00a66807c24d]sent task to client "site-1"
[E:6cc046ec-edaa-4b41-b310-9dbcf8c46138][R:a1dda699-7629-47f8-b661-f536993ffc96][T:2024-09-10 11:23:41.578827][J:40ada45f-6f0b-4471-b32d-a401af0cbe3f][A:train#8be80bf7-d8b3-447b-a817-00a66807c24d]received result from client 'site-1'
[E:9b20e20d-8229-4d41-acf3-144468a8b3e0][T:2024-09-10 11:23:43.619738][J:40ada45f-6f0b-4471-b32d-a401af0cbe3f][A:train#fba59013-36cf-4739-bed3-cdf2b52189dc]sent task to client "site-1"
[E:c1ce0c17-125e-4b52-9b24-862b806d8c25][R:9db6cc4a-a3a6-4e84-8907-488d63fc0fab][T:2024-09-10 11:23:48.146616][J:40ada45f-6f0b-4471-b32d-a401af0cbe3f][A:train#fba59013-36cf-4739-bed3-cdf2b52189dc]received result from client 'site-1'
[E:be826e93-4ab5-4dd8-a437-8ddd998f2acc][T:2024-09-10 11:23:50.190088][J:40ada45f-6f0b-4471-b32d-a401af0cbe3f][A:train#12d9dbf4-94db-4e37-aacf-2a98101054ac]sent task to client "site-1"
[E:a7777fa2-9822-4687-8ce0-778b7166484b][R:2349c233-7ff2-4a68-ac0e-04799804d14f][T:2024-09-10 11:23:54.942987][J:40ada45f-6f0b-4471-b32d-a401af0cbe3f][A:train#12d9dbf4-94db-4e37-aacf-2a98101054ac]received result from client 'site-1'
[E:89126607-8e9a-4a3f-bfb2-c79e5ae6d492][T:2024-09-10 11:23:56.980908][J:40ada45f-6f0b-4471-b32d-a401af0cbe3f][A:train#a4979ae5-d16d-417d-a892-76ba2a399d9f]sent task to client "site-1"
[E:4dd3e8cb-eca7-49e6-a82b-30bdc2cd8c29][R:7e0d61db-ed4a-42a5-b1ed-4a3f9cb82079][T:2024-09-10 11:24:01.938118][J:40ada45f-6f0b-4471-b32d-a401af0cbe3f][A:train#a4979ae5-d16d-417d-a892-76ba2a399d9f]received result from client 'site-1'
[E:c7fc6b62-7935-419e-857a-8b99af0c2647][T:2024-09-10 11:24:03.985000][J:40ada45f-6f0b-4471-b32d-a401af0cbe3f][A:submit_model#08fccebf-6169-407d-a495-2caf377fcc99]sent task to client "site-1"
[E:31413a9b-9946-47fa-bc8f-2b9dafadcb28][R:511d0665-c5c5-4a71-aa4e-7bfa55e43d9e][T:2024-09-10 11:24:04.003574][J:40ada45f-6f0b-4471-b32d-a401af0cbe3f][A:submit_model#08fccebf-6169-407d-a495-2caf377fcc99]received result from client 'site-1'
[E:01235a15-f32f-4140-8958-bc6cc89c3b46][T:2024-09-10 11:24:06.022639][J:40ada45f-6f0b-4471-b32d-a401af0cbe3f][A:validate#826b3b30-c3a4-431a-8267-4fa0086bd599]sent task to client "site-1"
[E:43515999-7a45-4f9d-bb52-7d185c4be3f4][R:53b01fc8-5a28-4f1e-90d6-c4db24884275][T:2024-09-10 11:24:06.054883][J:40ada45f-6f0b-4471-b32d-a401af0cbe3f][A:validate#826b3b30-c3a4-431a-8267-4fa0086bd599]received result from client 'site-1'
[E:723e516a-d5d6-49c2-85d9-5bc8ce4f8a76][T:2024-09-10 11:24:08.070081][J:40ada45f-6f0b-4471-b32d-a401af0cbe3f][A:validate#ebbeedd6-dc83-47f8-9bbd-1cb1f8420d5e]sent task to client "site-1"
[E:589bcc2c-3fdd-480b-b87e-99e024e75afc][R:b341b08d-84c7-490e-9762-4e02c5208b2b][T:2024-09-10 11:24:08.107099][J:40ada45f-6f0b-4471-b32d-a401af0cbe3f][A:validate#ebbeedd6-dc83-47f8-9bbd-1cb1f8420d5e]received result from client 'site-1'
[E:31599afc-9dce-46ff-967f-8e81a5f12745][T:2024-09-10 11:24:39.556601][U:admin@nvidia.com][A:list_jobs]
[E:a8066d05-7eec-45b3-92b2-2ac1889864a3][T:2024-09-10 11:24:42.792226][U:admin@nvidia.com][A:job_mgmt.submit_job 10clients-2classes UEsDBBQAAAAAABVbKlkMqafI7RMAAO0TAAAjAAAAMTBjbGllbnRzLTJjbGFzc]
[E:3041419d-106e-4a66-84a1-c281cbe841ca][T:2024-09-10 11:27:50.510443][J:4386c027-e022-4abb-ae9f-888372b836cd][A:get_weights#143f6f04-bbbf-4c08-8fb4-3e0661b3dddf]sent task to client "site-1"
[E:ba837b1e-f9be-4021-8200-d87b041d4709][R:36e2f6e2-5aa2-401d-8af8-fd7b267a8f25][T:2024-09-10 11:27:50.545393][J:4386c027-e022-4abb-ae9f-888372b836cd][A:get_weights#143f6f04-bbbf-4c08-8fb4-3e0661b3dddf]received result from client 'site-1'
[E:80a460a3-cf0c-484b-86b6-1f40cd32ee73][T:2024-09-10 11:27:52.563025][J:4386c027-e022-4abb-ae9f-888372b836cd][A:train#cdae2c56-31ca-410d-9243-9bab148b91bc]sent task to client "site-1"
[E:7a393524-269f-4b08-8f2e-cadfd0d12851][R:c11fcf98-430a-4a33-a52c-b8a7ab56c3a5][T:2024-09-10 11:27:58.584970][J:4386c027-e022-4abb-ae9f-888372b836cd][A:train#cdae2c56-31ca-410d-9243-9bab148b91bc]received result from client 'site-1'
[E:4f09647f-8c43-4492-ad04-c2da80330c8b][T:2024-09-10 11:28:00.636959][J:4386c027-e022-4abb-ae9f-888372b836cd][A:train#726bc9f8-a413-410d-8f66-d00327ba7b91]sent task to client "site-1"
[E:9db9439b-362d-4b56-8fe5-0edaad4e5fa5][R:ded23a69-a028-4a6e-9d93-f301bea2292a][T:2024-09-10 11:28:06.691288][J:4386c027-e022-4abb-ae9f-888372b836cd][A:train#726bc9f8-a413-410d-8f66-d00327ba7b91]received result from client 'site-1'
[E:81fd0e41-e3d4-4e0e-9437-367d2344aede][T:2024-09-10 11:28:08.736018][J:4386c027-e022-4abb-ae9f-888372b836cd][A:train#5a8311dc-8fc2-47c7-b623-33380492763a]sent task to client "site-1"
[E:2fb524b4-beb2-4a9d-adc7-5207bcbd24d8][R:d43f0c83-0b5c-4abc-994b-c291375c2caf][T:2024-09-10 11:28:15.108863][J:4386c027-e022-4abb-ae9f-888372b836cd][A:train#5a8311dc-8fc2-47c7-b623-33380492763a]received result from client 'site-1'
[E:9f94d292-3acc-4f3c-9e8c-dd97a44e1685][T:2024-09-10 11:28:17.150401][J:4386c027-e022-4abb-ae9f-888372b836cd][A:train#aead39bd-6b58-41c1-bf5f-4c620e0106b5]sent task to client "site-1"
[E:fddf4515-ba2e-49f7-a8bf-477c72463089][R:f57b3cf4-f217-4321-afe5-e611c1f733eb][T:2024-09-10 11:28:23.529768][J:4386c027-e022-4abb-ae9f-888372b836cd][A:train#aead39bd-6b58-41c1-bf5f-4c620e0106b5]received result from client 'site-1'
[E:5898193d-0d21-43fd-a744-a2ca10308e65][T:2024-09-10 11:28:25.575174][J:4386c027-e022-4abb-ae9f-888372b836cd][A:train#4a2acb31-6cca-440b-af0b-63a3f980975d]sent task to client "site-1"
[E:7e87fd0b-5f3b-42ca-a893-76ae7660c705][T:2024-09-10 11:28:29.627713][U:admin@nvidia.com][A:abort_job 4386c027-e022-4abb-ae9f-888372b836cd]
[E:068c45a7-f4ca-4e18-8f4f-561daa856ed8][T:2024-09-10 11:28:36.182683][U:admin@nvidia.com][A:job_mgmt.submit_job 10clients-2classes UEsDBBQAAAAAAJFbKlkBFi6x7RMAAO0TAAAjAAAAMTBjbGllbnRzLTJjbGFzc]
[E:756f9fb3-1888-4e2f-81ea-14dc20901e87][T:2024-09-10 11:30:54.025608][J:eb5fd59b-44c7-44f8-a10c-18bc3ee3969a][A:get_weights#12bd6208-6c5c-493b-9d29-08e52aede603]sent task to client "site-1"
[E:e3aab722-3ba5-450f-aaeb-ba96848e475a][R:73d10798-647f-4d00-9c64-526656ce6839][T:2024-09-10 11:30:54.064429][J:eb5fd59b-44c7-44f8-a10c-18bc3ee3969a][A:get_weights#12bd6208-6c5c-493b-9d29-08e52aede603]received result from client 'site-1'
[E:bd876078-d52c-4ce3-97c9-4b3a7e2f36ef][T:2024-09-10 11:30:56.082355][J:eb5fd59b-44c7-44f8-a10c-18bc3ee3969a][A:train#7fb620f9-94e4-4011-9a0f-88b6de844f09]sent task to client "site-1"
[E:e229417b-693b-4bd5-9df8-13dae9abadf7][R:1d8a3c83-c5f4-4324-a149-3d584aabf40d][T:2024-09-10 11:31:00.989751][J:eb5fd59b-44c7-44f8-a10c-18bc3ee3969a][A:train#7fb620f9-94e4-4011-9a0f-88b6de844f09]received result from client 'site-1'
[E:a8fcc4fc-fa98-4ee3-8460-55f5d88a711f][T:2024-09-10 11:31:03.031436][J:eb5fd59b-44c7-44f8-a10c-18bc3ee3969a][A:train#ed111828-4467-4511-b4db-48d908eb74a1]sent task to client "site-1"
[E:b63c9ad3-1d2c-4b27-bd47-3458f57d649b][R:b4640337-505e-451f-81db-784ddee907a1][T:2024-09-10 11:31:07.795013][J:eb5fd59b-44c7-44f8-a10c-18bc3ee3969a][A:train#ed111828-4467-4511-b4db-48d908eb74a1]received result from client 'site-1'
[E:7c042e6d-db35-47f3-8857-b56cf17d6f3c][T:2024-09-10 11:31:09.839106][J:eb5fd59b-44c7-44f8-a10c-18bc3ee3969a][A:train#40e1d84a-8448-4689-b36f-7c379842141f]sent task to client "site-1"
[E:e90abc22-4e95-4de7-9ee4-161fdb1f5eb4][R:bfbc6cdd-71b7-4528-9dd0-4f9e3cc66355][T:2024-09-10 11:31:14.776504][J:eb5fd59b-44c7-44f8-a10c-18bc3ee3969a][A:train#40e1d84a-8448-4689-b36f-7c379842141f]received result from client 'site-1'
[E:679e737a-afeb-4d96-9cd9-3a872a3d01c6][T:2024-09-10 11:31:16.815580][J:eb5fd59b-44c7-44f8-a10c-18bc3ee3969a][A:train#93bb5aba-194e-4d3b-a5fc-e17f25886ef6]sent task to client "site-1"
[E:f333b119-6f01-4f1a-8d71-ea1371dac152][R:2ce349a5-8df3-47b0-9e15-61199d241fd2][T:2024-09-10 11:31:22.092408][J:eb5fd59b-44c7-44f8-a10c-18bc3ee3969a][A:train#93bb5aba-194e-4d3b-a5fc-e17f25886ef6]received result from client 'site-1'
[E:6e48c916-a78b-4072-9dbe-5255ddf07f0a][T:2024-09-10 11:31:24.139468][J:eb5fd59b-44c7-44f8-a10c-18bc3ee3969a][A:train#e82dd8dd-180a-47fd-97a0-89c2fbd76e62]sent task to client "site-1"
[E:0f3fdd40-a3a3-44c2-a029-482951ffd772][R:cb345ab5-15e0-482c-b500-6be4c724b9ef][T:2024-09-10 11:31:29.128191][J:eb5fd59b-44c7-44f8-a10c-18bc3ee3969a][A:train#e82dd8dd-180a-47fd-97a0-89c2fbd76e62]received result from client 'site-1'
[E:edee0279-6496-4a14-b436-7ea83ea1cb9e][T:2024-09-10 11:31:31.174535][J:eb5fd59b-44c7-44f8-a10c-18bc3ee3969a][A:train#aa63254b-5e54-4b3e-89db-83dae098f1c9]sent task to client "site-1"
[E:19705039-33ef-4f1d-aee4-b3a3e4c47227][R:f03f3fe1-4f44-411b-adb4-b9670d17800b][T:2024-09-10 11:31:50.843961][J:eb5fd59b-44c7-44f8-a10c-18bc3ee3969a][A:train#aa63254b-5e54-4b3e-89db-83dae098f1c9]received result from client 'site-1'
[E:5187e9a7-6dc9-41c3-956c-207a25407f1e][T:2024-09-10 11:31:52.902441][J:eb5fd59b-44c7-44f8-a10c-18bc3ee3969a][A:train#06e4ed92-9737-4e0e-9779-55fc62edc0b9]sent task to client "site-1"
[E:302081bd-b07a-4677-92d8-7ba3ad56fc8c][R:dda0ddd4-b637-413b-b353-bfab9fb63b53][T:2024-09-10 11:31:57.542747][J:eb5fd59b-44c7-44f8-a10c-18bc3ee3969a][A:train#06e4ed92-9737-4e0e-9779-55fc62edc0b9]received result from client 'site-1'
[E:53033699-3b96-4139-b544-fe70adfb3017][T:2024-09-10 11:31:59.585583][J:eb5fd59b-44c7-44f8-a10c-18bc3ee3969a][A:train#0dfc9834-656b-4a36-ae02-4a52047cd18a]sent task to client "site-1"
[E:544a3afd-b56d-4cec-8697-5d43bcf9e23b][R:7c02b1ce-863f-4a5a-82b7-3746a8a00f80][T:2024-09-10 11:32:04.142883][J:eb5fd59b-44c7-44f8-a10c-18bc3ee3969a][A:train#0dfc9834-656b-4a36-ae02-4a52047cd18a]received result from client 'site-1'
[E:3884a010-e10e-44f3-8c04-c83a505e7502][T:2024-09-10 11:32:06.181679][J:eb5fd59b-44c7-44f8-a10c-18bc3ee3969a][A:train#bdaf1c09-5d97-40c5-8610-936e9049ab54]sent task to client "site-1"
[E:fbd57164-80ae-40e4-9745-8474b28bba72][R:c5f78ff3-7678-4eeb-8307-933bc83c177c][T:2024-09-10 11:32:10.814994][J:eb5fd59b-44c7-44f8-a10c-18bc3ee3969a][A:train#bdaf1c09-5d97-40c5-8610-936e9049ab54]received result from client 'site-1'
[E:45613b8a-6996-4635-a2c7-2bfdc313940d][T:2024-09-10 11:32:12.861087][J:eb5fd59b-44c7-44f8-a10c-18bc3ee3969a][A:train#817f2ff1-5eda-41d4-a33e-aa812f5f3fc5]sent task to client "site-1"
[E:5ddca16d-8ade-467f-b68a-19e6fed71b6a][R:ef5459b5-d437-4853-9617-1c303343eeb2][T:2024-09-10 11:32:17.438964][J:eb5fd59b-44c7-44f8-a10c-18bc3ee3969a][A:train#817f2ff1-5eda-41d4-a33e-aa812f5f3fc5]received result from client 'site-1'
[E:868cb043-5382-4771-9987-55336bb22e53][T:2024-09-10 11:32:19.485301][J:eb5fd59b-44c7-44f8-a10c-18bc3ee3969a][A:train#60009dda-5cfe-4e38-a4bf-5b10e34f8e25]sent task to client "site-1"
[E:16fb65c7-4340-476b-9f4a-bb1353153a89][R:2a9ef0cf-e6d3-4489-a38e-eff84562e28b][T:2024-09-10 11:32:24.091703][J:eb5fd59b-44c7-44f8-a10c-18bc3ee3969a][A:train#60009dda-5cfe-4e38-a4bf-5b10e34f8e25]received result from client 'site-1'
[E:4774443a-7831-4aa3-a6cd-d48db9ce4fad][T:2024-09-10 11:32:26.136211][J:eb5fd59b-44c7-44f8-a10c-18bc3ee3969a][A:train#bc30163d-7300-4319-8995-39f84a08ade5]sent task to client "site-1"
[E:9be649e2-f237-435b-9166-5519eebe8cf3][R:07d1060f-c21e-4b41-a718-f957ab6cd69e][T:2024-09-10 11:32:30.755399][J:eb5fd59b-44c7-44f8-a10c-18bc3ee3969a][A:train#bc30163d-7300-4319-8995-39f84a08ade5]received result from client 'site-1'
[E:5919a96f-efb5-4345-b28c-5fc44c202616][T:2024-09-10 11:32:32.799022][J:eb5fd59b-44c7-44f8-a10c-18bc3ee3969a][A:train#83cb9d68-f5e0-4cb0-9891-e9271f87f95b]sent task to client "site-1"
[E:7e77cbb6-1e84-4fed-b396-b57a6b4b58b2][R:6a351773-c404-4866-93ca-9b3516fcb21c][T:2024-09-10 11:32:37.520929][J:eb5fd59b-44c7-44f8-a10c-18bc3ee3969a][A:train#83cb9d68-f5e0-4cb0-9891-e9271f87f95b]received result from client 'site-1'
[E:3f646e1a-69fa-4d4f-a703-170f3266b67b][T:2024-09-10 11:32:39.560324][J:eb5fd59b-44c7-44f8-a10c-18bc3ee3969a][A:train#e76dd579-474d-4926-bd64-62b47f360643]sent task to client "site-1"
[E:7168ea38-913c-48bd-aba4-c36ba3c27aff][T:2024-09-10 11:32:40.144151][U:admin@nvidia.com][A:job_mgmt.submit_job 10clients-2classes UEsDBBQAAAAAABNcKlmq2viU7RMAAO0TAAAjAAAAMTBjbGllbnRzLTJjbGFzc]
[E:55edc2f4-d87b-4354-ac41-7ef41b2f644b][R:76cc7da4-fd4e-426e-91de-affa50fac019][T:2024-09-10 11:32:47.717216][J:eb5fd59b-44c7-44f8-a10c-18bc3ee3969a][A:train#e76dd579-474d-4926-bd64-62b47f360643]received result from client 'site-1'
[E:e97958a1-4630-45e8-8282-fa7ea8874443][T:2024-09-10 11:32:48.875203][J:8eab1b85-1f22-4b46-8cce-04feb683f495][A:get_weights#3037b55b-75d9-49e0-a52e-1a0c57c026cc]sent task to client "site-1"
[E:318b98af-35cb-45f1-b015-1ddaf5191b28][R:368dfc9e-132f-4994-8f23-43013e2e3f0a][T:2024-09-10 11:32:48.901427][J:8eab1b85-1f22-4b46-8cce-04feb683f495][A:get_weights#3037b55b-75d9-49e0-a52e-1a0c57c026cc]received result from client 'site-1'
[E:a486ad29-a247-426b-b434-245e379a7f58][T:2024-09-10 11:32:49.799767][J:eb5fd59b-44c7-44f8-a10c-18bc3ee3969a][A:train#e3ed8805-5a83-4e9d-85b4-4a314bcf72d9]sent task to client "site-1"
[E:05625c33-2b43-4c2a-9573-fb7ae53ebd27][T:2024-09-10 11:32:50.910095][J:8eab1b85-1f22-4b46-8cce-04feb683f495][A:train#e5040b36-4012-49a3-b194-e8debce97bfd]sent task to client "site-1"
[E:7dcfb2df-19c6-4915-bea0-d23d633e6fdc][R:9e030a22-7937-4bb2-aad3-e755732acd44][T:2024-09-10 11:32:56.228211][J:eb5fd59b-44c7-44f8-a10c-18bc3ee3969a][A:train#e3ed8805-5a83-4e9d-85b4-4a314bcf72d9]received result from client 'site-1'
[E:b1df5893-36d6-4947-881a-c9a803f77468][R:386e4dc0-7677-4fd1-9936-5a74540daf7e][T:2024-09-10 11:32:57.472697][J:8eab1b85-1f22-4b46-8cce-04feb683f495][A:train#e5040b36-4012-49a3-b194-e8debce97bfd]received result from client 'site-1'
[E:066638d6-a826-4e5d-ab15-cf60ef203b6c][T:2024-09-10 11:32:58.280629][J:eb5fd59b-44c7-44f8-a10c-18bc3ee3969a][A:train#e274a336-c143-488d-bb35-739b58489a78]sent task to client "site-1"
[E:b8ff436b-728f-46e0-9489-833513765b48][T:2024-09-10 11:32:59.513280][J:8eab1b85-1f22-4b46-8cce-04feb683f495][A:train#74ac2074-af27-4a66-b541-30cf255149d6]sent task to client "site-1"
[E:3ccd833e-fec7-4c17-836a-83979ade78ff][R:4917771c-f4df-47b6-a215-2d255a3c6157][T:2024-09-10 11:33:04.831767][J:eb5fd59b-44c7-44f8-a10c-18bc3ee3969a][A:train#e274a336-c143-488d-bb35-739b58489a78]received result from client 'site-1'
[E:f1a3be99-c6a4-4619-a044-2101d0b9fa99][R:a9594e00-6dbf-4078-9d06-d9c21f794602][T:2024-09-10 11:33:06.372608][J:8eab1b85-1f22-4b46-8cce-04feb683f495][A:train#74ac2074-af27-4a66-b541-30cf255149d6]received result from client 'site-1'
[E:d77ac32f-746e-4358-a24d-86acffd882ce][T:2024-09-10 11:33:06.894789][J:eb5fd59b-44c7-44f8-a10c-18bc3ee3969a][A:train#3f02bd9d-d394-437a-ab80-f7342f829d9a]sent task to client "site-1"
[E:cdd4bf83-c3e0-488b-9d11-523409ecc35c][T:2024-09-10 11:33:08.425868][J:8eab1b85-1f22-4b46-8cce-04feb683f495][A:train#190c4666-ac0a-4ec0-8251-306c57689fed]sent task to client "site-1"
[E:fc53afdf-4fe6-4933-8e29-43051186cd96][R:9cb4544f-8625-4997-94da-4a314e1260ba][T:2024-09-10 11:33:13.428242][J:eb5fd59b-44c7-44f8-a10c-18bc3ee3969a][A:train#3f02bd9d-d394-437a-ab80-f7342f829d9a]received result from client 'site-1'
[E:abc39ed3-9726-447e-b507-0f3c00c5a405][R:7e800399-4d54-4d3d-9806-0ea26e76edc1][T:2024-09-10 11:33:15.058646][J:8eab1b85-1f22-4b46-8cce-04feb683f495][A:train#190c4666-ac0a-4ec0-8251-306c57689fed]received result from client 'site-1'
[E:af3e0bd7-ab45-46b1-88cc-3fd5080efafc][T:2024-09-10 11:33:15.484279][J:eb5fd59b-44c7-44f8-a10c-18bc3ee3969a][A:train#901695ca-5c36-4f2a-931e-f8119178d81c]sent task to client "site-1"
[E:3738f3f3-8090-4c08-827c-d2da7f530dba][T:2024-09-10 11:33:17.104750][J:8eab1b85-1f22-4b46-8cce-04feb683f495][A:train#dfecda1b-553c-42d1-ae22-9ec89682f885]sent task to client "site-1"
[E:61f1b7fb-86d3-4781-a20c-964ae88281db][R:b3aa01b5-19ee-4cbc-b4a6-8a6055be7c4f][T:2024-09-10 11:33:22.242562][J:eb5fd59b-44c7-44f8-a10c-18bc3ee3969a][A:train#901695ca-5c36-4f2a-931e-f8119178d81c]received result from client 'site-1'
[E:c6605eaf-fde5-4c03-b988-4bf68312d091][R:701773df-4622-43dc-beb0-f3e91b53d616][T:2024-09-10 11:33:23.931434][J:8eab1b85-1f22-4b46-8cce-04feb683f495][A:train#dfecda1b-553c-42d1-ae22-9ec89682f885]received result from client 'site-1'
[E:b8b87431-9a21-41c9-aaf0-50d0785cdae6][T:2024-09-10 11:33:24.298809][J:eb5fd59b-44c7-44f8-a10c-18bc3ee3969a][A:train#033ada61-cf9f-4dc3-834b-8a8fe6f0ef3a]sent task to client "site-1"
[E:9b91d733-9132-4fa8-ba57-b07a357b2014][T:2024-09-10 11:33:25.978116][J:8eab1b85-1f22-4b46-8cce-04feb683f495][A:train#03ddd07a-8143-49ec-91b5-02d8b6315924]sent task to client "site-1"
[E:f300e4b2-ea35-482e-84aa-28bfd1f230c5][R:68c2487a-271f-47ee-8f88-07d8c08cd4c7][T:2024-09-10 11:33:30.747897][J:eb5fd59b-44c7-44f8-a10c-18bc3ee3969a][A:train#033ada61-cf9f-4dc3-834b-8a8fe6f0ef3a]received result from client 'site-1'
[E:175706eb-78dc-4495-a612-b6b559c9fbee][R:330a8841-fd88-4349-965b-56745847811b][T:2024-09-10 11:33:32.516792][J:8eab1b85-1f22-4b46-8cce-04feb683f495][A:train#03ddd07a-8143-49ec-91b5-02d8b6315924]received result from client 'site-1'
[E:4f8db858-37f3-4642-ae1b-e9022e7c67d9][T:2024-09-10 11:33:32.812648][J:eb5fd59b-44c7-44f8-a10c-18bc3ee3969a][A:train#9fb549f4-18b8-4341-b3e9-175514c15dc2]sent task to client "site-1"
[E:67f648dc-781c-40fa-a486-052eda5ba5f1][T:2024-09-10 11:33:34.564428][J:8eab1b85-1f22-4b46-8cce-04feb683f495][A:train#c1d78db7-fca6-432f-9d2b-e7158ff8e83d]sent task to client "site-1"
[E:291434ec-cdb2-4aa0-8abf-a9e6cbb81517][R:9d53bdbf-d546-42e8-a8d3-4c5d0fe150a1][T:2024-09-10 11:33:39.721185][J:eb5fd59b-44c7-44f8-a10c-18bc3ee3969a][A:train#9fb549f4-18b8-4341-b3e9-175514c15dc2]received result from client 'site-1'
[E:e46013d9-ce7a-41c6-aea3-a336fc03348a][R:acaa95c2-6536-4df3-b9e8-0ba5dabfa0d7][T:2024-09-10 11:33:41.627904][J:8eab1b85-1f22-4b46-8cce-04feb683f495][A:train#c1d78db7-fca6-432f-9d2b-e7158ff8e83d]received result from client 'site-1'
[E:b57b009c-011f-417d-8938-147217cc0fe2][T:2024-09-10 11:33:41.785602][J:eb5fd59b-44c7-44f8-a10c-18bc3ee3969a][A:submit_model#27e27ea5-1141-4674-b2f4-f4b6d9594cba]sent task to client "site-1"
[E:0c6bfa7a-6028-4923-8702-b57db625d48f][R:5212b736-00fa-4c5c-9dba-2bdc72b059bb][T:2024-09-10 11:33:41.795742][J:eb5fd59b-44c7-44f8-a10c-18bc3ee3969a][A:submit_model#27e27ea5-1141-4674-b2f4-f4b6d9594cba]received result from client 'site-1'
[E:3651eaaa-ea0a-4b66-9f72-461d4aa77af6][T:2024-09-10 11:33:42.826032][U:admin@nvidia.com][A:list_jobs]
[E:ee92a39c-2830-4d43-98f8-6c1bdd3ca8de][T:2024-09-10 11:33:43.676224][J:8eab1b85-1f22-4b46-8cce-04feb683f495][A:train#5a9b0be6-01cf-4114-ade3-7b0371baaa96]sent task to client "site-1"
[E:319cd34e-947c-47d7-b8ed-da1bd74a0b3d][T:2024-09-10 11:33:43.824644][J:eb5fd59b-44c7-44f8-a10c-18bc3ee3969a][A:validate#26789b9f-5fbb-4b98-b7f0-b3c0bdd65c81]sent task to client "site-1"
[E:eb5709b6-b7c2-4de6-8d60-524e92c2e376][R:12396e96-18e7-4b3e-98b2-ef2ff6be63b0][T:2024-09-10 11:33:43.922320][J:eb5fd59b-44c7-44f8-a10c-18bc3ee3969a][A:validate#26789b9f-5fbb-4b98-b7f0-b3c0bdd65c81]received result from client 'site-1'
[E:4e907bc8-5f76-41fc-8e95-eeab49850083][T:2024-09-10 11:33:45.929390][J:eb5fd59b-44c7-44f8-a10c-18bc3ee3969a][A:validate#de703ea3-cb16-416b-aec4-ff7849e5b721]sent task to client "site-1"
[E:cb47b7d4-62b1-4107-b1ff-fbe8e0203b66][R:e698d707-e0ff-4e46-8936-979ff47fbf9e][T:2024-09-10 11:33:45.962663][J:eb5fd59b-44c7-44f8-a10c-18bc3ee3969a][A:validate#de703ea3-cb16-416b-aec4-ff7849e5b721]received result from client 'site-1'
[E:1f6129dc-6592-40a7-9ca8-5b08dd0d6068][R:48ee1f28-33a6-43c3-89da-652eade77b32][T:2024-09-10 11:33:48.998931][J:8eab1b85-1f22-4b46-8cce-04feb683f495][A:train#5a9b0be6-01cf-4114-ade3-7b0371baaa96]received result from client 'site-1'
[E:3ee1321e-72c0-4fb3-ae22-d493f54964ec][T:2024-09-10 11:33:51.052025][J:8eab1b85-1f22-4b46-8cce-04feb683f495][A:train#cb2e9bc4-8b35-482e-a9d0-e5bc09bd056d]sent task to client "site-1"
[E:c70e26fb-f0d8-4e2a-9c1b-afa1e40e53ce][R:bcb8b367-3c0c-4f3d-a248-abea7b6a2b12][T:2024-09-10 11:33:55.765842][J:8eab1b85-1f22-4b46-8cce-04feb683f495][A:train#cb2e9bc4-8b35-482e-a9d0-e5bc09bd056d]received result from client 'site-1'
[E:05004635-5319-4c9b-bcb2-b1cb54e29604][T:2024-09-10 11:33:57.814351][J:8eab1b85-1f22-4b46-8cce-04feb683f495][A:train#04fe8e73-3238-4699-8d83-0d64e4b39499]sent task to client "site-1"
[E:956253c5-0ed9-42c5-8974-1151fd5ff2bf][R:9cb6bcd4-74d7-4bf2-bea5-993a5d71929b][T:2024-09-10 11:34:02.818426][J:8eab1b85-1f22-4b46-8cce-04feb683f495][A:train#04fe8e73-3238-4699-8d83-0d64e4b39499]received result from client 'site-1'
[E:898cbc5c-5a97-4b11-883d-9e3348195c46][T:2024-09-10 11:34:04.860779][J:8eab1b85-1f22-4b46-8cce-04feb683f495][A:train#461dea35-8a77-44ec-aa11-a53f120afba0]sent task to client "site-1"
[E:61db310c-f207-460c-a076-f642e57d48a3][R:e0836784-ae5b-4529-b986-9af90f49578d][T:2024-09-10 11:34:09.947749][J:8eab1b85-1f22-4b46-8cce-04feb683f495][A:train#461dea35-8a77-44ec-aa11-a53f120afba0]received result from client 'site-1'
[E:9297eb81-faa3-4f79-8347-03f06c257fc7][T:2024-09-10 11:34:12.004954][J:8eab1b85-1f22-4b46-8cce-04feb683f495][A:train#aafb3087-af47-4884-a063-b5691f715c81]sent task to client "site-1"
[E:a23e1068-a2e9-4feb-a606-e591141f3237][R:52561b7d-61f0-4e05-b9c6-3b7771028296][T:2024-09-10 11:34:16.903755][J:8eab1b85-1f22-4b46-8cce-04feb683f495][A:train#aafb3087-af47-4884-a063-b5691f715c81]received result from client 'site-1'
[E:524c9c1b-abce-4504-aee0-ed10daed9260][T:2024-09-10 11:34:18.950673][J:8eab1b85-1f22-4b46-8cce-04feb683f495][A:train#f4a5fb38-3eff-457f-a12c-bd3421a47e07]sent task to client "site-1"
[E:0efd401f-d7fe-4285-a7a8-74386dc00cae][R:d1c62477-9db7-4a8f-a15d-62bcfa466ca2][T:2024-09-10 11:34:23.838858][J:8eab1b85-1f22-4b46-8cce-04feb683f495][A:train#f4a5fb38-3eff-457f-a12c-bd3421a47e07]received result from client 'site-1'
[E:db2e36a0-3cae-4069-b3d5-01c2be2c3085][T:2024-09-10 11:34:25.887825][J:8eab1b85-1f22-4b46-8cce-04feb683f495][A:train#9c594ee8-74e0-4b07-9de0-942c43d5081e]sent task to client "site-1"
[E:48c71822-563c-4ca2-9dd3-0cfcb99395e9][R:f5b1a308-5106-4f99-8032-f8dff25c6cf8][T:2024-09-10 11:34:30.580714][J:8eab1b85-1f22-4b46-8cce-04feb683f495][A:train#9c594ee8-74e0-4b07-9de0-942c43d5081e]received result from client 'site-1'
[E:95641cf0-f047-4084-a0f9-375430a83281][T:2024-09-10 11:34:32.627540][J:8eab1b85-1f22-4b46-8cce-04feb683f495][A:train#e68babd6-d89c-4848-9722-5b1248c47521]sent task to client "site-1"
[E:dc896cc9-3be5-46bc-8ce3-538883c5d089][R:78328dc9-7f76-437b-b968-9e5f98c46c12][T:2024-09-10 11:34:37.421550][J:8eab1b85-1f22-4b46-8cce-04feb683f495][A:train#e68babd6-d89c-4848-9722-5b1248c47521]received result from client 'site-1'
[E:9e2cf0c2-2589-481e-83f9-cd63e92fd122][T:2024-09-10 11:34:39.474918][J:8eab1b85-1f22-4b46-8cce-04feb683f495][A:train#8af040b7-72ff-4d57-a425-c595d6802914]sent task to client "site-1"
[E:706a1165-53ed-4f29-993f-846afda72c15][R:dd127f22-bd88-4ecc-9a56-7a1c167f7bc0][T:2024-09-10 11:34:44.571711][J:8eab1b85-1f22-4b46-8cce-04feb683f495][A:train#8af040b7-72ff-4d57-a425-c595d6802914]received result from client 'site-1'
[E:37e53941-e58d-4744-9903-1495428955c3][T:2024-09-10 11:34:46.630628][J:8eab1b85-1f22-4b46-8cce-04feb683f495][A:train#202622ac-744b-42c7-a29c-5944fe73dc7f]sent task to client "site-1"
[E:282613aa-3a3a-45fa-90e3-b7427092d43d][R:72afb4c0-2708-45c0-9f8b-5d30f6b231da][T:2024-09-10 11:34:51.348271][J:8eab1b85-1f22-4b46-8cce-04feb683f495][A:train#202622ac-744b-42c7-a29c-5944fe73dc7f]received result from client 'site-1'
[E:052b1d23-d431-4f08-9eea-3e9b5286b2b6][T:2024-09-10 11:34:53.396543][J:8eab1b85-1f22-4b46-8cce-04feb683f495][A:train#390542da-8310-4109-b2ab-5229741dbf60]sent task to client "site-1"
[E:c4b2d32e-835b-48d9-8a0f-91e9496f7f28][R:c6b373bd-af9f-4086-9d80-9a63b852970a][T:2024-09-10 11:36:50.787768][J:8eab1b85-1f22-4b46-8cce-04feb683f495][A:train#390542da-8310-4109-b2ab-5229741dbf60]received result from client 'site-1'
[E:df5bd2bf-dc78-4fc6-9a42-895283cd3401][T:2024-09-10 11:36:52.871279][J:8eab1b85-1f22-4b46-8cce-04feb683f495][A:train#31d52349-85c1-451b-b25c-3072ce283886]sent task to client "site-1"
[E:1ca71178-06ad-4879-b258-5155dc894c3f][R:38fd8880-3006-4ce2-9c3c-e4c9d857852c][T:2024-09-10 11:37:00.357210][J:8eab1b85-1f22-4b46-8cce-04feb683f495][A:train#31d52349-85c1-451b-b25c-3072ce283886]received result from client 'site-1'
[E:a6a23fbe-6780-4287-aa14-3ac81fc94ba9][T:2024-09-10 11:37:02.415789][J:8eab1b85-1f22-4b46-8cce-04feb683f495][A:train#af702aaf-be9b-424e-bc69-0c30e3fad8c7]sent task to client "site-1"
[E:40372fd8-6ee7-46a4-9ecc-400038b612f0][R:3340673c-1722-4a4d-8bd8-b2c44c000a71][T:2024-09-10 11:37:07.094358][J:8eab1b85-1f22-4b46-8cce-04feb683f495][A:train#af702aaf-be9b-424e-bc69-0c30e3fad8c7]received result from client 'site-1'
[E:20a49c0c-9960-4db1-ba09-59faf1033443][T:2024-09-10 11:37:09.139263][J:8eab1b85-1f22-4b46-8cce-04feb683f495][A:train#61f2a24f-37d6-42f6-9183-66495030c938]sent task to client "site-1"
[E:58f7a788-71f6-4f97-b170-9cc3ca4154e5][R:c19a255f-4d66-4262-93eb-008ad18352ff][T:2024-09-10 11:37:13.778782][J:8eab1b85-1f22-4b46-8cce-04feb683f495][A:train#61f2a24f-37d6-42f6-9183-66495030c938]received result from client 'site-1'
[E:ca251322-0b9f-4cc4-aad5-e60afffa69f1][T:2024-09-10 11:37:15.826182][J:8eab1b85-1f22-4b46-8cce-04feb683f495][A:submit_model#80f02742-73a5-4845-a3e5-dfc128ca421b]sent task to client "site-1"
[E:7516365b-b155-4341-a426-21dd7b9000c8][R:20b96f2a-e5db-4ed9-b158-386cc1d38439][T:2024-09-10 11:37:15.853097][J:8eab1b85-1f22-4b46-8cce-04feb683f495][A:submit_model#80f02742-73a5-4845-a3e5-dfc128ca421b]received result from client 'site-1'
[E:3232b116-79ca-4cca-bfc4-185cc4613dab][T:2024-09-10 11:37:17.873384][J:8eab1b85-1f22-4b46-8cce-04feb683f495][A:validate#84129fa2-9b66-44da-8934-2629c51005b1]sent task to client "site-1"
[E:fa362be7-3eb1-44df-ac97-4928286d0f16][R:5b6b287b-4278-4845-9717-bd7bb894fdcf][T:2024-09-10 11:37:17.909715][J:8eab1b85-1f22-4b46-8cce-04feb683f495][A:validate#84129fa2-9b66-44da-8934-2629c51005b1]received result from client 'site-1'
[E:86e003f6-2e55-4dd3-929e-cf3d4f569c84][T:2024-09-10 11:37:19.927995][J:8eab1b85-1f22-4b46-8cce-04feb683f495][A:validate#827e1c85-3fe0-4d39-8735-952053434bef]sent task to client "site-1"
[E:18c98ecb-9aa0-437e-b21f-b7b61339e288][R:6ddb0074-fe98-40dd-90f9-208c3a492426][T:2024-09-10 11:37:19.964744][J:8eab1b85-1f22-4b46-8cce-04feb683f495][A:validate#827e1c85-3fe0-4d39-8735-952053434bef]received result from client 'site-1'
[E:aa951837-b036-45e5-8c25-eb29095d5e95][T:2024-09-10 15:12:43.670876][U:?][A:_cert_login admin@nvidia.com]
[E:940f1f70-8ea2-47d5-8860-21b6948034aa][T:2024-09-10 15:12:48.209108][U:admin@nvidia.com][A:list_jobs]
[E:79365eca-87be-4e78-8d1a-a571cd5b1cfc][T:2024-09-10 15:12:51.045259][U:admin@nvidia.com][A:job_mgmt.submit_job 10clients-2classes UEsDBBQAAAAAAJl5KlnaT8+L7RMAAO0TAAAjAAAAMTBjbGllbnRzLTJjbGFzc]
[E:7f996920-5c98-4222-b9cb-1bbca8778724][T:2024-09-10 15:12:58.927724][J:483a9c38-bf2d-4797-9fa4-067b0f86c9ca][A:get_weights#9b6c4529-1e2a-4dfe-a92c-7884abcd2cbb]sent task to client "site-1"
[E:151c863c-d44a-450c-9449-320cdf3bc765][R:19a721de-f2a9-4e85-9cec-f5707002f4b2][T:2024-09-10 15:43:59.254939][J:483a9c38-bf2d-4797-9fa4-067b0f86c9ca][A:get_weights#9b6c4529-1e2a-4dfe-a92c-7884abcd2cbb]received result from client 'site-1'
[E:c8ead074-bf2b-42b5-bf29-0359e0bea19d][T:2024-09-10 15:45:10.028156][U:?][A:_cert_login admin@nvidia.com]
[E:8b25cc5a-6673-44c9-bb5f-5f79a270757f][T:2024-09-10 15:45:14.551577][U:admin@nvidia.com][A:job_mgmt.submit_job 10clients-2classes UEsDBBQAAAAAAKZ9KllZVTJj7RMAAO0TAAAjAAAAMTBjbGllbnRzLTJjbGFzc]
[E:ff78bdf7-0565-470c-b008-94309b937a9c][T:2024-09-10 15:53:09.142757][J:3ec73501-4f38-4cc3-9d51-a96553ed77fe][A:get_weights#77863ef4-355c-434a-b408-0daebf9cd37e]sent task to client "site-1"
[E:907d4979-5b57-4d95-b64d-de3fe7661c4a][R:252db1b6-e5fe-4c24-b9a5-dee12aa5f75b][T:2024-09-10 16:21:22.426540][J:3ec73501-4f38-4cc3-9d51-a96553ed77fe][A:get_weights#77863ef4-355c-434a-b408-0daebf9cd37e]received result from client 'site-1'
[E:1671f1c7-e4ad-49b6-99b8-260f962749d9][T:2024-09-10 16:21:40.393365][U:?][A:_cert_login admin@nvidia.com]
[E:fe4c80b8-b347-4c5f-bf5a-db0240a1be31][T:2024-09-10 16:21:44.777686][U:admin@nvidia.com][A:job_mgmt.submit_job 10clients-2classes UEsDBBQAAAAAALWCKllnSQUw7RMAAO0TAAAjAAAAMTBjbGllbnRzLTJjbGFzc]
