[E:28211109-518a-443f-9d48-db3f7527de16][T:2024-09-04 12:30:14.077245][U:?][A:_cert_login admin@nvidia.com]
[E:0efe6115-97f0-452d-8b85-b6daae8902ae][T:2024-09-04 12:30:54.379437][U:admin@nvidia.com][A:job_mgmt.submit_job hello-pt-10clients-2classes]
[E:08f02d3b-b917-4134-829c-e63e722afe4e][T:2024-09-04 12:31:27.881543][U:admin@nvidia.com][A:job_mgmt.submit_job hello-pt-10clients-2classes]
[E:dda5194e-56ea-4f41-8797-ad17ad227083][T:2024-09-04 12:42:49.204043][U:?][A:_cert_login admin@nvidia.com]
[E:aada7b73-7752-47e6-a1a5-732bae526717][T:2024-09-04 12:42:52.967388][U:admin@nvidia.com][A:job_mgmt.submit_job hello-pt-10clients-2classes]
[E:7ba8c3c3-9266-476a-a30e-adc2781d29a2][T:2024-09-04 12:43:04.880631][U:admin@nvidia.com][A:check_status server]
[E:8bb362d6-1856-457e-a1b3-cbb407321ab5][T:2024-09-04 12:43:10.850353][U:admin@nvidia.com][A:check_status client]
[E:3db5086f-9a3d-402c-84fe-753a300694ed][T:2024-09-04 12:43:49.544686][U:admin@nvidia.com][A:check_status client]
[E:576166d2-4e58-4aa8-b61d-71366ffd199f][T:2024-09-04 12:44:31.252781][U:admin@nvidia.com][A:check_status client]
[E:515b271a-8d41-4a76-9e32-0757c00bae06][T:2024-09-04 12:44:34.946938][U:admin@nvidia.com][A:check_status client]
[E:dab63515-6381-4ef2-b36a-f2fe816cf2f5][T:2024-09-04 12:44:38.910899][U:admin@nvidia.com][A:job_mgmt.submit_job hello-pt-10clients-2classes]
[E:df760922-c973-4cb0-82dd-84f3098450b2][T:2024-09-04 12:44:46.447459][U:admin@nvidia.com][A:list_jobs]
[E:1e27f77f-1b1c-46a5-ab0f-ade43bf22981][T:2024-09-04 12:44:57.196220][U:admin@nvidia.com][A:list_jobs]
[E:5628a056-d097-449d-8e88-40b2f22bc6f9][T:2024-09-04 12:44:58.533638][U:admin@nvidia.com][A:list_jobs]
[E:42c3894a-79db-4fc5-b5ce-5a9cbe16d584][T:2024-09-04 12:45:00.280832][U:admin@nvidia.com][A:list_jobs]
[E:b1ce729e-64fe-4ddf-89f0-ce0bbb20a68d][T:2024-09-04 12:45:01.501801][U:admin@nvidia.com][A:list_jobs]
[E:e5cbd48e-39a3-444e-929e-710f60556417][T:2024-09-04 12:46:19.912759][U:admin@nvidia.com][A:list_jobs]
[E:9de8e102-6185-4ca7-8f02-e0e873354b81][T:2024-09-04 12:46:22.057404][U:admin@nvidia.com][A:job_mgmt.submit_job hello-pt-10clients-2classes]
[E:23bdf8a1-7fde-47ad-89f7-355666ebc7de][T:2024-09-04 12:46:23.382095][U:admin@nvidia.com][A:list_jobs]
[E:e7037920-0f7e-4b96-906c-c12a4174934d][T:2024-09-04 12:46:25.087965][U:admin@nvidia.com][A:list_jobs]
[E:7a05f03f-9154-4e08-a709-684925d6a738][T:2024-09-04 12:46:27.162496][J:c237095d-43f6-473b-a930-feb0fe2a41df][A:get_weights#ed44f1de-dcb9-4765-a481-b051576c9f74]sent task to client "site-2"
[E:fc457bb9-bc7f-409c-b805-fa86db3f7ce1][T:2024-09-04 12:46:27.163719][J:c237095d-43f6-473b-a930-feb0fe2a41df][A:get_weights#0b21debe-f36e-46cc-968e-0738a27b7b9c]sent task to client "site-1"
[E:47359083-69bb-40cf-92ff-32ec35ed54c1][R:fa98e056-28c7-4ad6-a872-38b5e2c734b0][T:2024-09-04 12:46:27.175062][J:c237095d-43f6-473b-a930-feb0fe2a41df][A:get_weights#ed44f1de-dcb9-4765-a481-b051576c9f74]received result from client 'site-2'
[E:afd6c12d-09af-4c91-bed7-643d9f63985a][R:65d641d8-261c-4ef9-b138-86e30f4614a8][T:2024-09-04 12:46:27.175638][J:c237095d-43f6-473b-a930-feb0fe2a41df][A:get_weights#0b21debe-f36e-46cc-968e-0738a27b7b9c]received result from client 'site-1'
[E:fea87246-59fc-47aa-9328-423beeb03dba][T:2024-09-04 12:46:28.899162][U:admin@nvidia.com][A:check_status client]
[E:cb3ccb93-cbc4-4b26-a829-b675b0738440][T:2024-09-04 12:46:29.191423][J:c237095d-43f6-473b-a930-feb0fe2a41df][A:train#6337dccf-6040-43d7-8672-953c35450e4d]sent task to client "site-1"
[E:ecdcb428-5403-4cfe-9c99-b698bf24d20f][T:2024-09-04 12:46:29.194423][J:c237095d-43f6-473b-a930-feb0fe2a41df][A:train#89ff9d95-ca12-4737-9082-69c92e40d6cd]sent task to client "site-2"
[E:db9be3b8-c574-4278-a417-6fa9ce911c1d][R:903dc822-5e93-44ea-9c65-a92f42e221f0][T:2024-09-04 12:46:31.920021][J:c237095d-43f6-473b-a930-feb0fe2a41df][A:train#89ff9d95-ca12-4737-9082-69c92e40d6cd]received result from client 'site-2'
[E:5d304c62-3a22-47c3-8a5a-8f135144c008][R:62697662-51a9-48d6-b960-d624e6971fb6][T:2024-09-04 12:46:31.950913][J:c237095d-43f6-473b-a930-feb0fe2a41df][A:train#6337dccf-6040-43d7-8672-953c35450e4d]received result from client 'site-1'
[E:f1b082d6-25ee-4a77-9ba8-e8cc010d1eb3][T:2024-09-04 12:46:32.582936][U:admin@nvidia.com][A:list_jobs]
[E:21402ee6-6738-48b7-a247-0606c92a18cf][T:2024-09-04 12:46:33.959150][J:c237095d-43f6-473b-a930-feb0fe2a41df][A:train#191c378a-56d9-4005-b0ae-42c00dd7763d]sent task to client "site-2"
[E:2c2d07e4-17c3-4732-8154-c0b1e7f2678c][T:2024-09-04 12:46:33.982801][J:c237095d-43f6-473b-a930-feb0fe2a41df][A:train#a37c0a53-fc76-49c1-bd4a-fcb09a81f3aa]sent task to client "site-1"
[E:564d7353-872b-44c9-a9f3-adbb1e798a69][R:c8b1f013-1559-442e-87bd-d22f677cd11d][T:2024-09-04 12:46:36.570518][J:c237095d-43f6-473b-a930-feb0fe2a41df][A:train#191c378a-56d9-4005-b0ae-42c00dd7763d]received result from client 'site-2'
[E:0766a324-e93a-4ff6-b13c-d1fee75abf45][R:87e76a24-e120-4767-be4e-70f99bc7bd71][T:2024-09-04 12:46:36.631774][J:c237095d-43f6-473b-a930-feb0fe2a41df][A:train#a37c0a53-fc76-49c1-bd4a-fcb09a81f3aa]received result from client 'site-1'
[E:ca526013-d073-470a-b751-2b90955594fb][T:2024-09-04 12:46:38.616178][J:c237095d-43f6-473b-a930-feb0fe2a41df][A:submit_model#fe45fcf0-b75f-47c2-a02c-7172ba6a1455]sent task to client "site-2"
[E:6085ad5a-5bd1-4791-9acb-d64e0fb7de0a][R:73899eed-56e4-4125-b2d2-ff58c71a309e][T:2024-09-04 12:46:38.637413][J:c237095d-43f6-473b-a930-feb0fe2a41df][A:submit_model#fe45fcf0-b75f-47c2-a02c-7172ba6a1455]received result from client 'site-2'
[E:7dff18cc-0c57-4d62-b0e2-ad6b784b0d4d][T:2024-09-04 12:46:38.668317][J:c237095d-43f6-473b-a930-feb0fe2a41df][A:submit_model#53645f46-22eb-4825-9ed2-98ea4dd5efbe]sent task to client "site-1"
[E:39a0f9bf-1e85-4719-95dd-0787ba196dd7][R:53850ee1-9f93-413a-bad8-aa14cf659a17][T:2024-09-04 12:46:38.680338][J:c237095d-43f6-473b-a930-feb0fe2a41df][A:submit_model#53645f46-22eb-4825-9ed2-98ea4dd5efbe]received result from client 'site-1'
[E:f99aaf30-2a7c-4e11-8620-7fe0fef0ab33][T:2024-09-04 12:46:40.656286][J:c237095d-43f6-473b-a930-feb0fe2a41df][A:validate#cac4fdae-38ee-4fa5-ac93-947c0711e7fd]sent task to client "site-2"
[E:6961d807-c75d-4c5c-9051-b7b50a58f515][R:f504ef23-b2d0-4af5-94b5-d3e140cb5303][T:2024-09-04 12:46:40.690796][J:c237095d-43f6-473b-a930-feb0fe2a41df][A:validate#cac4fdae-38ee-4fa5-ac93-947c0711e7fd]received result from client 'site-2'
[E:31a1133d-04b1-45ed-a4ae-7e9e29e7058d][T:2024-09-04 12:46:40.691111][J:c237095d-43f6-473b-a930-feb0fe2a41df][A:validate#c28a6f27-022f-4229-9115-0eca0f95632c]sent task to client "site-1"
[E:b44602e8-6c22-4591-b89f-79b386650f7a][R:40fcf18d-9d78-4f43-8897-3536a7626f0b][T:2024-09-04 12:46:40.713327][J:c237095d-43f6-473b-a930-feb0fe2a41df][A:validate#c28a6f27-022f-4229-9115-0eca0f95632c]received result from client 'site-1'
[E:162beb5f-d91d-4186-babe-f32e2e251122][T:2024-09-04 12:46:42.708589][J:c237095d-43f6-473b-a930-feb0fe2a41df][A:validate#78526c35-c51a-44f5-93a3-51238d25513b]sent task to client "site-2"
[E:91e6f67e-0339-4350-b596-6764a6e067bc][T:2024-09-04 12:46:42.724342][J:c237095d-43f6-473b-a930-feb0fe2a41df][A:validate#d0f8f6e6-5577-40f0-bb42-ae970cf4ab30]sent task to client "site-1"
[E:25b26760-57cc-4e78-8f2a-e1b8be1efea7][R:eb308cfb-0b5c-4200-a5a9-abdb8a241fa1][T:2024-09-04 12:46:42.744828][J:c237095d-43f6-473b-a930-feb0fe2a41df][A:validate#78526c35-c51a-44f5-93a3-51238d25513b]received result from client 'site-2'
[E:3614ba83-c9aa-450f-ad4b-6b587c1762c5][R:c1616538-3233-47b8-83d5-c4ee853fb394][T:2024-09-04 12:46:42.751244][J:c237095d-43f6-473b-a930-feb0fe2a41df][A:validate#d0f8f6e6-5577-40f0-bb42-ae970cf4ab30]received result from client 'site-1'
[E:582a0d43-6034-42eb-b087-ef9b3a2d5da7][T:2024-09-04 12:46:44.757908][J:c237095d-43f6-473b-a930-feb0fe2a41df][A:validate#fd941609-8022-4e67-862a-fa4e4864c143]sent task to client "site-2"
[E:7dfe1320-5ce9-44aa-b077-52cdc8a1a273][T:2024-09-04 12:46:44.760432][J:c237095d-43f6-473b-a930-feb0fe2a41df][A:validate#71ea5078-9311-411a-a3c5-582235c7cbe3]sent task to client "site-1"
[E:f646a56f-0343-436e-8558-5e1eea4c02d2][R:6a1e07ca-af24-4357-9f92-c7bda3c4b347][T:2024-09-04 12:46:44.818216][J:c237095d-43f6-473b-a930-feb0fe2a41df][A:validate#fd941609-8022-4e67-862a-fa4e4864c143]received result from client 'site-2'
[E:9b80f933-b78c-4404-a487-6d43650bf139][R:586108c6-4a07-46ea-92af-8c22780fce5d][T:2024-09-04 12:46:44.819930][J:c237095d-43f6-473b-a930-feb0fe2a41df][A:validate#71ea5078-9311-411a-a3c5-582235c7cbe3]received result from client 'site-1'
[E:89d9840c-2ece-4f6d-8158-c122658776e7][T:2024-09-04 12:47:01.264427][U:admin@nvidia.com][A:list_jobs]
[E:fe857ea4-8738-4d20-aad4-1cdd648a633f][T:2024-09-04 12:47:34.756110][U:admin@nvidia.com][A:job_mgmt.download_job c237095d-43f6-473b-a930-feb0fe2a41df]
[E:3f9c3024-df84-48af-916e-88aaf7fa9dab][T:2024-09-04 12:47:34.784371][U:admin@nvidia.com][A:download_job_file 9dca38fb-caec-4b5b-b015-26c9641fec79 c237095d-43f6-473b-a930-feb0fe2a41df job.zip]
[E:4abdcf57-2007-411b-b465-48717c6fba7e][T:2024-09-04 12:47:34.927030][U:admin@nvidia.com][A:download_job_file 9dca38fb-caec-4b5b-b015-26c9641fec79 c237095d-43f6-473b-a930-feb0fe2a41df workspac]
[E:83a7b5f7-16f6-44ba-b0c4-02c0dff2f109][T:2024-09-04 12:47:34.983205][U:admin@nvidia.com][A:download_job_file 9dca38fb-caec-4b5b-b015-26c9641fec79 c237095d-43f6-473b-a930-feb0fe2a41df meta.jso]
[E:da26e8b8-293e-41b2-a2b7-252f48b09f22][T:2024-09-04 12:49:35.490841][U:admin@nvidia.com][A:job_mgmt.download_job c237095d-43f6-473b-a930-feb0fe2a41df]
[E:5f738d31-4c83-4351-9d70-8281122a62f9][T:2024-09-04 12:49:35.517880][U:admin@nvidia.com][A:download_job_file 65fc23ed-7160-4e07-9c77-619aaf745412 c237095d-43f6-473b-a930-feb0fe2a41df job.zip]
[E:a3bb3c17-2fbf-4482-b24a-b6c619036e10][T:2024-09-04 12:49:35.638094][U:admin@nvidia.com][A:download_job_file 65fc23ed-7160-4e07-9c77-619aaf745412 c237095d-43f6-473b-a930-feb0fe2a41df workspac]
[E:c5950806-b5e7-4f92-a483-b7d8d484ae57][T:2024-09-04 12:49:35.684885][U:admin@nvidia.com][A:download_job_file 65fc23ed-7160-4e07-9c77-619aaf745412 c237095d-43f6-473b-a930-feb0fe2a41df meta.jso]
[E:47fac3ad-bc7a-4a4a-b915-81eb306f7dff][T:2024-09-04 12:50:33.242984][U:admin@nvidia.com][A:job_mgmt.download_job c237095d-43f6-473b-a930-feb0fe2a41df]
[E:b7dc8836-626f-4494-8c7d-ee17855d711b][T:2024-09-04 12:50:33.270756][U:admin@nvidia.com][A:download_job_file add371f8-a413-40cb-a225-37f59386b6b7 c237095d-43f6-473b-a930-feb0fe2a41df job.zip]
[E:51df2bb8-bb3b-45c7-a783-90d8c2704232][T:2024-09-04 12:50:33.389862][U:admin@nvidia.com][A:download_job_file add371f8-a413-40cb-a225-37f59386b6b7 c237095d-43f6-473b-a930-feb0fe2a41df workspac]
[E:612b5383-978e-4dfa-91fa-ac20835693d2][T:2024-09-04 12:50:33.438789][U:admin@nvidia.com][A:download_job_file add371f8-a413-40cb-a225-37f59386b6b7 c237095d-43f6-473b-a930-feb0fe2a41df meta.jso]
[E:7df3db86-dd6b-474b-8d90-3cd65108a936][T:2024-09-04 12:50:55.513817][U:admin@nvidia.com][A:job_mgmt.download_job c237095d-43f6-473b-a930-feb0fe2a41df]
[E:7f6148e8-96e3-4131-9b8c-c52fe829a107][T:2024-09-04 12:50:55.541984][U:admin@nvidia.com][A:download_job_file a7b9de85-56e5-482d-afaf-90dab013128d c237095d-43f6-473b-a930-feb0fe2a41df job.zip]
[E:7b5f7855-6786-48d8-a88c-67f50a21b89b][T:2024-09-04 12:50:55.644071][U:admin@nvidia.com][A:download_job_file a7b9de85-56e5-482d-afaf-90dab013128d c237095d-43f6-473b-a930-feb0fe2a41df workspac]
[E:bb611725-1019-4626-8b33-2c2697326c5f][T:2024-09-04 12:50:55.693655][U:admin@nvidia.com][A:download_job_file a7b9de85-56e5-482d-afaf-90dab013128d c237095d-43f6-473b-a930-feb0fe2a41df meta.jso]
[E:9b7e0df6-cafe-4951-a077-8055801a9274][T:2024-09-04 12:51:21.514316][U:admin@nvidia.com][A:job_mgmt.download_job c237095d-43f6-473b-a930-feb0fe2a41df]
[E:55cd7e4e-2f8a-49ec-a19c-c4b93a6461d2][T:2024-09-04 12:51:21.541804][U:admin@nvidia.com][A:download_job_file a35a52de-b149-455e-a0d7-7c306341eae2 c237095d-43f6-473b-a930-feb0fe2a41df job.zip]
[E:0beca4c7-4b92-4e7d-903b-6c087bccd6f7][T:2024-09-04 12:51:21.646129][U:admin@nvidia.com][A:download_job_file a35a52de-b149-455e-a0d7-7c306341eae2 c237095d-43f6-473b-a930-feb0fe2a41df workspac]
[E:551d09ad-59c0-46d2-be0e-ac7b7374dc7e][T:2024-09-04 12:51:21.691291][U:admin@nvidia.com][A:download_job_file a35a52de-b149-455e-a0d7-7c306341eae2 c237095d-43f6-473b-a930-feb0fe2a41df meta.jso]
[E:bef4bded-5bdf-44df-a203-49880d05386e][T:2024-09-04 12:51:56.699693][U:admin@nvidia.com][A:job_mgmt.download_job c237095d-43f6-473b-a930-feb0fe2a41df]
[E:79d05420-0f7d-4d9d-806e-0566952b9648][T:2024-09-04 12:51:56.727239][U:admin@nvidia.com][A:download_job_file 92af5311-5850-4ced-9b09-264b72133b1f c237095d-43f6-473b-a930-feb0fe2a41df job.zip]
[E:6068fc5c-828b-4dd3-ad02-b90584fa8316][T:2024-09-04 12:51:56.807245][U:admin@nvidia.com][A:download_job_file 92af5311-5850-4ced-9b09-264b72133b1f c237095d-43f6-473b-a930-feb0fe2a41df workspac]
[E:edda5aeb-0ee5-4c36-a388-c4991844786b][T:2024-09-04 12:51:56.847112][U:admin@nvidia.com][A:download_job_file 92af5311-5850-4ced-9b09-264b72133b1f c237095d-43f6-473b-a930-feb0fe2a41df meta.jso]
[E:dfd520b4-e585-4ca7-9a3f-aed4b36a173e][T:2024-09-04 12:53:58.370793][U:admin@nvidia.com][A:job_mgmt.download_job c237095d-43f6-473b-a930-feb0fe2a41df]
[E:e2d31465-8d21-400f-b619-6a096c0f590b][T:2024-09-04 12:53:58.400655][U:admin@nvidia.com][A:download_job_file 63225742-fb0a-4e2d-921e-33d0ed6d5795 c237095d-43f6-473b-a930-feb0fe2a41df job.zip]
[E:6ec4edd4-6b51-4e77-a701-3ba3fdf70613][T:2024-09-04 12:53:58.519672][U:admin@nvidia.com][A:download_job_file 63225742-fb0a-4e2d-921e-33d0ed6d5795 c237095d-43f6-473b-a930-feb0fe2a41df workspac]
[E:aee7b814-1eec-4634-ac1c-4a7713ad9187][T:2024-09-04 12:53:58.576407][U:admin@nvidia.com][A:download_job_file 63225742-fb0a-4e2d-921e-33d0ed6d5795 c237095d-43f6-473b-a930-feb0fe2a41df meta.jso]
[E:83bdaf3d-89a2-4a50-97e7-8319b5635ed2][T:2024-09-04 12:54:37.609263][U:admin@nvidia.com][A:job_mgmt.download_job c237095d-43f6-473b-a930-feb0fe2a41df]
[E:d762cb21-351c-4688-8919-b45ff0457725][T:2024-09-04 12:54:37.637469][U:admin@nvidia.com][A:download_job_file 64c1371c-5cf5-4b62-a356-41fba1ada58d c237095d-43f6-473b-a930-feb0fe2a41df job.zip]
[E:89bbeb1d-08b8-4b5b-8f77-05ae8152145c][T:2024-09-04 12:54:37.739117][U:admin@nvidia.com][A:download_job_file 64c1371c-5cf5-4b62-a356-41fba1ada58d c237095d-43f6-473b-a930-feb0fe2a41df workspac]
[E:fe2ceb27-0bb1-428d-bfc8-f839a9fca944][T:2024-09-04 12:54:37.782146][U:admin@nvidia.com][A:download_job_file 64c1371c-5cf5-4b62-a356-41fba1ada58d c237095d-43f6-473b-a930-feb0fe2a41df meta.jso]
[E:47835e15-a049-492e-9c21-ddf33ec1cdfc][T:2024-09-04 12:55:03.321898][U:?][A:_cert_login admin@nvidia.com]
[E:d7a8e4e8-21e9-4843-b9ea-150433b63e6d][T:2024-09-04 12:55:07.647702][U:admin@nvidia.com][A:job_mgmt.download_job c237095d-43f6-473b-a930-feb0fe2a41df]
[E:3b566d98-2adc-4998-88f2-16f34ff588b8][T:2024-09-04 12:55:07.677305][U:admin@nvidia.com][A:download_job_file 069b50c4-7989-4159-922f-93750f869d37 c237095d-43f6-473b-a930-feb0fe2a41df job.zip]
[E:f0e00e1f-c067-47f2-bc85-cd3eba8286a8][T:2024-09-04 12:55:07.776325][U:admin@nvidia.com][A:download_job_file 069b50c4-7989-4159-922f-93750f869d37 c237095d-43f6-473b-a930-feb0fe2a41df workspac]
[E:7b6777cd-de0b-49a6-9ffa-8e9a58046e56][T:2024-09-04 12:55:07.820839][U:admin@nvidia.com][A:download_job_file 069b50c4-7989-4159-922f-93750f869d37 c237095d-43f6-473b-a930-feb0fe2a41df meta.jso]
[E:1b4bdea5-9f1b-43a7-a347-a918dc6f80f3][T:2024-09-04 12:59:04.897437][U:?][A:_cert_login admin@nvidia.com]
[E:cc71a22e-dc0e-42f0-ab37-fd14caa2fdbe][T:2024-09-04 12:59:08.127732][U:admin@nvidia.com][A:job_mgmt.download_job c237095d-43f6-473b-a930-feb0fe2a41df]
[E:f0831e25-7aae-40f2-91a8-925b71db4dab][T:2024-09-04 12:59:08.157971][U:admin@nvidia.com][A:download_job_file ea5fbb9c-b368-42a3-b628-1d92b7d7988e c237095d-43f6-473b-a930-feb0fe2a41df job.zip]
[E:0043bdae-77ac-4081-a8cb-3245681d35b9][T:2024-09-04 12:59:08.276298][U:admin@nvidia.com][A:download_job_file ea5fbb9c-b368-42a3-b628-1d92b7d7988e c237095d-43f6-473b-a930-feb0fe2a41df workspac]
[E:de8054d1-e4ef-44e9-aca0-4249c408475d][T:2024-09-04 12:59:08.319175][U:admin@nvidia.com][A:download_job_file ea5fbb9c-b368-42a3-b628-1d92b7d7988e c237095d-43f6-473b-a930-feb0fe2a41df meta.jso]
