[E:da1592fe-9f15-40d0-b162-b15f65b84c22][R:576166d2-4e58-4aa8-b61d-71366ffd199f][T:2024-09-04 12:44:31.253802][U:admin@nvidia.com][A:train.check_status]
[E:ef0d9dcb-fe1c-4f30-9fbd-edb16ffb497d][R:515b271a-8d41-4a76-9e32-0757c00bae06][T:2024-09-04 12:44:34.948359][U:admin@nvidia.com][A:train.check_status]
[E:6f56ed91-fcba-4376-8ea3-8cb2b40193ac][T:2024-09-04 12:44:39.945097][U:admin@nvidia.com][A:train.deploy]
[E:fc126309-7596-4687-8630-d04c8a4b308b][T:2024-09-04 12:44:39.983395][U:][A:train.start_job]
[E:0e256343-44cb-411e-9144-1328465f5d38][T:2024-09-04 12:45:53.237070][U:][A:train.abort]
[E:45078500-e67f-4a65-bd10-b31c7ed2c296][T:2024-09-04 12:46:22.788398][U:admin@nvidia.com][A:train.deploy]
[E:04302e87-61b9-4b7c-afe8-41d6a997339f][T:2024-09-04 12:46:22.825055][U:][A:train.start_job]
[E:fd86c157-3a04-4440-a623-3cd3b1f4c0c0][T:2024-09-04 12:46:26.611894][U:][A:train.notify_job_status]
[E:43484324-981b-4e44-a065-10c8af9f5189][R:7a05f03f-9154-4e08-a709-684925d6a738][T:2024-09-04 12:46:27.164980][J:c237095d-43f6-473b-a930-feb0fe2a41df][A:get_weights#ed44f1de-dcb9-4765-a481-b051576c9f74]received task from server
[E:58889495-46d0-40c8-ac89-c9a8a6f0e913][T:2024-09-04 12:46:27.165290][J:c237095d-43f6-473b-a930-feb0fe2a41df][A:get_weights#ed44f1de-dcb9-4765-a481-b051576c9f74]invoked executor Cifar10Trainer
[E:fa98e056-28c7-4ad6-a872-38b5e2c734b0][R:7a05f03f-9154-4e08-a709-684925d6a738][T:2024-09-04 12:46:27.165846][J:c237095d-43f6-473b-a930-feb0fe2a41df][A:get_weights#ed44f1de-dcb9-4765-a481-b051576c9f74]submit result OK
[E:0ca3173b-7089-4cfe-a2ab-2b44247f38d2][R:fea87246-59fc-47aa-9328-423beeb03dba][T:2024-09-04 12:46:28.900608][U:admin@nvidia.com][A:train.check_status]
[E:cf237387-192f-4def-8435-83d0ba48c499][R:ecdcb428-5403-4cfe-9c99-b698bf24d20f][T:2024-09-04 12:46:29.201359][J:c237095d-43f6-473b-a930-feb0fe2a41df][A:train#89ff9d95-ca12-4737-9082-69c92e40d6cd]received task from server
[E:eb43b14f-1510-4517-aa8a-c572834b1dd5][T:2024-09-04 12:46:29.201730][J:c237095d-43f6-473b-a930-feb0fe2a41df][A:train#89ff9d95-ca12-4737-9082-69c92e40d6cd]invoked executor Cifar10Trainer
[E:903dc822-5e93-44ea-9c65-a92f42e221f0][R:ecdcb428-5403-4cfe-9c99-b698bf24d20f][T:2024-09-04 12:46:31.914901][J:c237095d-43f6-473b-a930-feb0fe2a41df][A:train#89ff9d95-ca12-4737-9082-69c92e40d6cd]submit result OK
[E:d0689a44-373d-4025-a824-1579e6f27ef4][R:21402ee6-6738-48b7-a247-0606c92a18cf][T:2024-09-04 12:46:33.961556][J:c237095d-43f6-473b-a930-feb0fe2a41df][A:train#191c378a-56d9-4005-b0ae-42c00dd7763d]received task from server
[E:43616c54-58c6-4754-82c8-202efa5cfa3a][T:2024-09-04 12:46:33.961698][J:c237095d-43f6-473b-a930-feb0fe2a41df][A:train#191c378a-56d9-4005-b0ae-42c00dd7763d]invoked executor Cifar10Trainer
[E:c8b1f013-1559-442e-87bd-d22f677cd11d][R:21402ee6-6738-48b7-a247-0606c92a18cf][T:2024-09-04 12:46:36.565633][J:c237095d-43f6-473b-a930-feb0fe2a41df][A:train#191c378a-56d9-4005-b0ae-42c00dd7763d]submit result OK
[E:5a05f901-51dd-4152-96cf-d83481a4a9cc][R:ca526013-d073-470a-b751-2b90955594fb][T:2024-09-04 12:46:38.621919][J:c237095d-43f6-473b-a930-feb0fe2a41df][A:submit_model#fe45fcf0-b75f-47c2-a02c-7172ba6a1455]received task from server
[E:404c4130-b314-4462-9dd2-6c702768f9f9][T:2024-09-04 12:46:38.622558][J:c237095d-43f6-473b-a930-feb0fe2a41df][A:submit_model#fe45fcf0-b75f-47c2-a02c-7172ba6a1455]invoked executor Cifar10Trainer
[E:73899eed-56e4-4125-b2d2-ff58c71a309e][R:ca526013-d073-470a-b751-2b90955594fb][T:2024-09-04 12:46:38.628529][J:c237095d-43f6-473b-a930-feb0fe2a41df][A:submit_model#fe45fcf0-b75f-47c2-a02c-7172ba6a1455]submit result OK
[E:9a42d641-4061-4abd-8523-f735d5017792][R:f99aaf30-2a7c-4e11-8620-7fe0fef0ab33][T:2024-09-04 12:46:40.664400][J:c237095d-43f6-473b-a930-feb0fe2a41df][A:validate#cac4fdae-38ee-4fa5-ac93-947c0711e7fd]received task from server
[E:f52c9044-3ca0-4f99-a0c5-a921a1d62a5e][T:2024-09-04 12:46:40.664747][J:c237095d-43f6-473b-a930-feb0fe2a41df][A:validate#cac4fdae-38ee-4fa5-ac93-947c0711e7fd]invoked executor Cifar10Validator
[E:f504ef23-b2d0-4af5-94b5-d3e140cb5303][R:f99aaf30-2a7c-4e11-8620-7fe0fef0ab33][T:2024-09-04 12:46:40.685823][J:c237095d-43f6-473b-a930-feb0fe2a41df][A:validate#cac4fdae-38ee-4fa5-ac93-947c0711e7fd]submit result OK
[E:82ed2d38-4d44-4510-8b5c-8ee22219e553][R:162beb5f-d91d-4186-babe-f32e2e251122][T:2024-09-04 12:46:42.717207][J:c237095d-43f6-473b-a930-feb0fe2a41df][A:validate#78526c35-c51a-44f5-93a3-51238d25513b]received task from server
[E:697c24aa-5d61-43a4-a9b2-22edb73d4a29][T:2024-09-04 12:46:42.717566][J:c237095d-43f6-473b-a930-feb0fe2a41df][A:validate#78526c35-c51a-44f5-93a3-51238d25513b]invoked executor Cifar10Validator
[E:eb308cfb-0b5c-4200-a5a9-abdb8a241fa1][R:162beb5f-d91d-4186-babe-f32e2e251122][T:2024-09-04 12:46:42.740262][J:c237095d-43f6-473b-a930-feb0fe2a41df][A:validate#78526c35-c51a-44f5-93a3-51238d25513b]submit result OK
[E:95412048-dca0-4234-92a9-3e3d5345eff9][R:582a0d43-6034-42eb-b087-ef9b3a2d5da7][T:2024-09-04 12:46:44.763319][J:c237095d-43f6-473b-a930-feb0fe2a41df][A:validate#fd941609-8022-4e67-862a-fa4e4864c143]received task from server
[E:393e6a50-1d67-4ad9-975f-35ba4f4e43d5][T:2024-09-04 12:46:44.763542][J:c237095d-43f6-473b-a930-feb0fe2a41df][A:validate#fd941609-8022-4e67-862a-fa4e4864c143]invoked executor Cifar10Validator
[E:6a1e07ca-af24-4357-9f92-c7bda3c4b347][R:582a0d43-6034-42eb-b087-ef9b3a2d5da7][T:2024-09-04 12:46:44.811460][J:c237095d-43f6-473b-a930-feb0fe2a41df][A:validate#fd941609-8022-4e67-862a-fa4e4864c143]submit result OK
[E:31e03c99-c8cb-498c-80d5-bd67e183a3b1][T:2024-09-04 12:46:46.825856][U:][A:train.notify_job_status]
