/users/kunyang/nvflare/auto_labeling
current directory: /users/kunyang/nvflare/auto_labeling
current file: /users/kunyang/nvflare/auto_labeling/ICONIP/ragg_model_random_noise_sentiment140.py
Device: cuda
Function 'main starts at 2025-11-12 09:51:59...


Namespace(labeling_rate=0.5, server_epochs=2, num_clients=10, aggregation_method='mean', verbose=5)
NUM_CLIENTS: 10, in which NUM_HONEST_CLIENTS: 7 and NUM_BYZANTINE_CLIENTS: 3
{'SEED': 42, 'TRAIN_VAL_SEED': 0, 'DEVICE': device(type='cuda'), 'VERBOSE': 5, 'LABELING_RATE': 0.8, 'BIG_NUMBER': 0.5, 'SERVER_EPOCHS': 2, 'CLIENT_EPOCHS': 5, 'BATCH_SIZE': 512, 'IID_CLASSES_CNT': 5, 'NUM_CLIENTS': 10, 'NUM_BYZANTINE_CLIENTS': 3, 'NUM_HONEST_CLIENTS': 7, 'AGGREGATION_METHOD': 'mean', 'LABELS': {0, 1}, 'NUM_CLASSES': 2, 'CNN': <class 'ragg.base.FNN'>, 'in_dim': 100}

*************************** Generate Clients Data ******************************
Function 'gen_client_data starts at 2025-11-12 09:51:59...
X.shape: (144000, 100), y.shape: (144000,)

	: size, Client_0,  Client_1,  Client_2,  Client_3,  Client_4,  Client_5,  Client_6,  Client_7,  Client_8,  Client_9
class 0:  72022 [4311, 390, 10483, 209, 4954, 10955, 3, 30686, 6880, 3151] , alpha: 0.5
class 1:  71978 [1086, 1294, 8240, 1091, 20907, 4812, 1068, 4, 13762, 19714] , alpha: 0.5
client 0's data size: 30690, total classes: 2, in which {0: 30686, 1: 4}
client 1's data size: 1300, total classes: 2, in which {0: 209, 1: 1091}
client 2's data size: 18723, total classes: 2, in which {0: 10483, 1: 8240}
client 3's data size: 20642, total classes: 2, in which {0: 6880, 1: 13762}
client 4's data size: 15767, total classes: 2, in which {0: 10955, 1: 4812}
client 5's data size: 1071, total classes: 2, in which {0: 3, 1: 1068}
client 6's data size: 22865, total classes: 2, in which {0: 3151, 1: 19714}
client 7's data size: 25861, total classes: 2, in which {0: 4954, 1: 20907}
client 8's data size: 5397, total classes: 2, in which {0: 4311, 1: 1086}
client 9's data size: 1684, total classes: 2, in which {0: 390, 1: 1294}
total size: 144000

*** client_0: Honest...
client_0 data (2):  {0: 30686, 1: 4}

*** client_1: Honest...
client_1 data (2):  {0: 209, 1: 1091}

*** client_2: Honest...
client_2 data (2):  {0: 10483, 1: 8240}

*** client_3: Honest...
client_3 data (2):  {0: 6880, 1: 13762}

*** client_4: Honest...
client_4 data (2):  {0: 10955, 1: 4812}

*** client_5: Honest...
client_5 data (2):  {0: 3, 1: 1068}

*** client_6: Honest...
client_6 data (2):  {0: 3151, 1: 19714}

*** client_7: Byzantine...
client_7 data (2):  {0: 4954, 1: 20907}

*** client_8: Byzantine...
client_8 data (2):  {0: 4311, 1: 1086}

*** client_9: Byzantine...
client_9 data (2):  {0: 390, 1: 1294}
Function 'gen_client_data' executed in 16.2652 seconds (Start: 2025-11-12 09:51:59, End: 2025-11-12 09:52:15)

***************************** Global Models *************************************
FNN(
  (leaky_relu): LeakyReLU(negative_slope=0.2)
  (fc11): Linear(in_features=100, out_features=32, bias=True)
  (fc21): Linear(in_features=32, out_features=16, bias=True)
  (fc22): Linear(in_features=16, out_features=8, bias=True)
  (fc33): Linear(in_features=8, out_features=2, bias=True)
)

*************** Server Epoch: 0/2, Client Training *************

*** server_epoch:0, client_0: Honest... ***
client_0 data (2): {0: 22094, 1: 2}
Train FNN...
Function 'train_cnn starts at 2025-11-12 09:52:16...
X: min: -7.130988121032715, max: 7.0036115646362305
Compute classes weights...
labeled_y:  dict_items([(0, 22094), (1, 2)])
class_weight: tensor([    0.00,     1.00], device='cuda:0'), sum(class_weight) = 1.0
train_cnn epoch: 0, local_cnn train loss: 31.0233, val_loss: 31.0233, LR: 0.001
train_cnn epoch: 4, local_cnn train loss: 0.1555, val_loss: 0.1555, LR: 0.0008100000000000001
Function 'train_cnn' executed in 2.4099 seconds (Start: 2025-11-12 09:52:16, End: 2025-11-12 09:52:18)
dist(local, global): 9.436211585998535
Evaluate FNNs...
Function 'evaluate starts at 2025-11-12 09:52:18...
Function 'evaluate' executed in 0.0202 seconds (Start: 2025-11-12 09:52:18, End: 2025-11-12 09:52:18)
Function 'evaluate_shared_test starts at 2025-11-12 09:52:18...
Function 'evaluate_shared_test' executed in 0.0261 seconds (Start: 2025-11-12 09:52:18, End: 2025-11-12 09:52:18)

*** server_epoch:0, client_1: Honest... ***
client_1 data (2): {0: 160, 1: 776}
Train FNN...
Function 'train_cnn starts at 2025-11-12 09:52:19...
X: min: -6.514527797698975, max: 7.234849452972412
Compute classes weights...
labeled_y:  dict_items([(0, 160), (1, 776)])
class_weight: tensor([0.83, 0.17], device='cuda:0'), sum(class_weight) = 1.0
train_cnn epoch: 0, local_cnn train loss: 1.1831, val_loss: 1.1831, LR: 0.001
train_cnn epoch: 4, local_cnn train loss: 1.1504, val_loss: 1.1504, LR: 0.001
Function 'train_cnn' executed in 0.0619 seconds (Start: 2025-11-12 09:52:19, End: 2025-11-12 09:52:19)
dist(local, global): 0.8755396604537964
Evaluate FNNs...
Function 'evaluate starts at 2025-11-12 09:52:19...
Function 'evaluate' executed in 0.0078 seconds (Start: 2025-11-12 09:52:19, End: 2025-11-12 09:52:19)
Function 'evaluate_shared_test starts at 2025-11-12 09:52:19...
Function 'evaluate_shared_test' executed in 0.0256 seconds (Start: 2025-11-12 09:52:19, End: 2025-11-12 09:52:19)

*** server_epoch:0, client_2: Honest... ***
client_2 data (2): {0: 7549, 1: 5931}
Train FNN...
Function 'train_cnn starts at 2025-11-12 09:52:19...
X: min: -7.718449115753174, max: 6.839352607727051
Compute classes weights...
labeled_y:  dict_items([(0, 7549), (1, 5931)])
class_weight: tensor([0.44, 0.56], device='cuda:0'), sum(class_weight) = 1.0
train_cnn epoch: 0, local_cnn train loss: 19.1706, val_loss: 19.1706, LR: 0.001
train_cnn epoch: 4, local_cnn train loss: 12.5440, val_loss: 12.5440, LR: 0.0009000000000000001
Function 'train_cnn' executed in 0.9221 seconds (Start: 2025-11-12 09:52:19, End: 2025-11-12 09:52:20)
dist(local, global): 6.37087345123291
Evaluate FNNs...
Function 'evaluate starts at 2025-11-12 09:52:20...
Function 'evaluate' executed in 0.0145 seconds (Start: 2025-11-12 09:52:20, End: 2025-11-12 09:52:20)
Function 'evaluate_shared_test starts at 2025-11-12 09:52:20...
Function 'evaluate_shared_test' executed in 0.0256 seconds (Start: 2025-11-12 09:52:20, End: 2025-11-12 09:52:20)

*** server_epoch:0, client_3: Honest... ***
client_3 data (2): {0: 4973, 1: 9888}
Train FNN...
Function 'train_cnn starts at 2025-11-12 09:52:21...
X: min: -7.327141761779785, max: 6.673248291015625
Compute classes weights...
labeled_y:  dict_items([(0, 4973), (1, 9888)])
class_weight: tensor([0.67, 0.33], device='cuda:0'), sum(class_weight) = 1.0
train_cnn epoch: 0, local_cnn train loss: 19.2578, val_loss: 19.2578, LR: 0.001
train_cnn epoch: 4, local_cnn train loss: 12.6674, val_loss: 12.6674, LR: 0.0009000000000000001
Function 'train_cnn' executed in 0.8934 seconds (Start: 2025-11-12 09:52:21, End: 2025-11-12 09:52:22)
dist(local, global): 6.58174991607666
Evaluate FNNs...
Function 'evaluate starts at 2025-11-12 09:52:22...
Function 'evaluate' executed in 0.0152 seconds (Start: 2025-11-12 09:52:22, End: 2025-11-12 09:52:22)
Function 'evaluate_shared_test starts at 2025-11-12 09:52:22...
Function 'evaluate_shared_test' executed in 0.0254 seconds (Start: 2025-11-12 09:52:22, End: 2025-11-12 09:52:22)

*** server_epoch:0, client_4: Honest... ***
client_4 data (2): {0: 7888, 1: 3463}
Train FNN...
Function 'train_cnn starts at 2025-11-12 09:52:23...
X: min: -6.6343488693237305, max: 6.415163040161133
Compute classes weights...
labeled_y:  dict_items([(0, 7888), (1, 3463)])
class_weight: tensor([0.31, 0.69], device='cuda:0'), sum(class_weight) = 1.0
train_cnn epoch: 0, local_cnn train loss: 17.2377, val_loss: 17.2377, LR: 0.001
train_cnn epoch: 4, local_cnn train loss: 9.8222, val_loss: 9.8222, LR: 0.0009000000000000001
Function 'train_cnn' executed in 0.6794 seconds (Start: 2025-11-12 09:52:23, End: 2025-11-12 09:52:23)
dist(local, global): 6.277777671813965
Evaluate FNNs...
Function 'evaluate starts at 2025-11-12 09:52:23...
Function 'evaluate' executed in 0.0133 seconds (Start: 2025-11-12 09:52:23, End: 2025-11-12 09:52:23)
Function 'evaluate_shared_test starts at 2025-11-12 09:52:23...
Function 'evaluate_shared_test' executed in 0.0280 seconds (Start: 2025-11-12 09:52:23, End: 2025-11-12 09:52:23)

*** server_epoch:0, client_5: Honest... ***
client_5 data (2): {0: 2, 1: 768}
Train FNN...
Function 'train_cnn starts at 2025-11-12 09:52:24...
X: min: -6.318947792053223, max: 5.737168312072754
Compute classes weights...
labeled_y:  dict_items([(0, 2), (1, 768)])
class_weight: tensor([1.00, 0.00], device='cuda:0'), sum(class_weight) = 1.0
train_cnn epoch: 0, local_cnn train loss: 1.0655, val_loss: 1.0655, LR: 0.001
train_cnn epoch: 4, local_cnn train loss: 1.0089, val_loss: 1.0089, LR: 0.001
Function 'train_cnn' executed in 0.0531 seconds (Start: 2025-11-12 09:52:24, End: 2025-11-12 09:52:24)
dist(local, global): 0.9106686115264893
Evaluate FNNs...
Function 'evaluate starts at 2025-11-12 09:52:24...
Function 'evaluate' executed in 0.0096 seconds (Start: 2025-11-12 09:52:24, End: 2025-11-12 09:52:24)
Function 'evaluate_shared_test starts at 2025-11-12 09:52:24...
Function 'evaluate_shared_test' executed in 0.0252 seconds (Start: 2025-11-12 09:52:24, End: 2025-11-12 09:52:24)

*** server_epoch:0, client_6: Honest... ***
client_6 data (2): {0: 2286, 1: 14176}
Train FNN...
Function 'train_cnn starts at 2025-11-12 09:52:24...
X: min: -7.2192063331604, max: 6.97460412979126
Compute classes weights...
labeled_y:  dict_items([(0, 2286), (1, 14176)])
class_weight: tensor([0.86, 0.14], device='cuda:0'), sum(class_weight) = 1.0
train_cnn epoch: 0, local_cnn train loss: 17.6631, val_loss: 17.6631, LR: 0.001
train_cnn epoch: 4, local_cnn train loss: 9.2696, val_loss: 9.2696, LR: 0.0009000000000000001
Function 'train_cnn' executed in 1.1027 seconds (Start: 2025-11-12 09:52:24, End: 2025-11-12 09:52:26)
dist(local, global): 6.915602684020996
Evaluate FNNs...
Function 'evaluate starts at 2025-11-12 09:52:26...
Function 'evaluate' executed in 0.0160 seconds (Start: 2025-11-12 09:52:26, End: 2025-11-12 09:52:26)
Function 'evaluate_shared_test starts at 2025-11-12 09:52:26...
Function 'evaluate_shared_test' executed in 0.0252 seconds (Start: 2025-11-12 09:52:26, End: 2025-11-12 09:52:26)

***server_epoch:0, client_7: Byzantine...
client_7 data: {0: 3593, 1: 15026}
Evaluate FNNs...
Function 'evaluate starts at 2025-11-12 09:52:26...
Function 'evaluate' executed in 0.0171 seconds (Start: 2025-11-12 09:52:26, End: 2025-11-12 09:52:26)
Function 'evaluate_shared_test starts at 2025-11-12 09:52:26...
Function 'evaluate_shared_test' executed in 0.0255 seconds (Start: 2025-11-12 09:52:26, End: 2025-11-12 09:52:26)

***server_epoch:0, client_8: Byzantine...
client_8 data: {0: 3115, 1: 770}
Evaluate FNNs...
Function 'evaluate starts at 2025-11-12 09:52:27...
Function 'evaluate' executed in 0.0092 seconds (Start: 2025-11-12 09:52:27, End: 2025-11-12 09:52:27)
Function 'evaluate_shared_test starts at 2025-11-12 09:52:27...
Function 'evaluate_shared_test' executed in 0.0249 seconds (Start: 2025-11-12 09:52:27, End: 2025-11-12 09:52:27)

***server_epoch:0, client_9: Byzantine...
client_9 data: {0: 278, 1: 934}
Evaluate FNNs...
Function 'evaluate starts at 2025-11-12 09:52:27...
Function 'evaluate' executed in 0.0078 seconds (Start: 2025-11-12 09:52:27, End: 2025-11-12 09:52:27)
Function 'evaluate_shared_test starts at 2025-11-12 09:52:27...
Function 'evaluate_shared_test' executed in 0.0247 seconds (Start: 2025-11-12 09:52:27, End: 2025-11-12 09:52:27)

*************** Server Epoch: 0/2, Server Aggregation **********
Function 'aggregate_cnns starts at 2025-11-12 09:52:27...
*aggregate cnn...
each update shape: torch.Size([3914])
Unique weights: tensor([  770,   936,  1212,  3885, 11351, 13480, 14861, 16462, 18619, 22096]), counts: tensor([1, 1, 1, 1, 1, 1, 1, 1, 1, 1])
mean, clients_type: [['Update 0']
 ['Update 1']
 ['Update 2']
 ['Update 3']
 ['Update 4']
 ['Update 5']
 ['Update 6']
 ['Update 7']
 ['Update 8']
 ['Update 9']], client_updates: min: -0.22, max: 0.21, time taken: 0.0007s, l2_error: 11.44
Function 'aggregate_cnns' executed in 0.0074 seconds (Start: 2025-11-12 09:52:27, End: 2025-11-12 09:52:27)

*************** Server Epoch: 1/2, Client Training *************

*** server_epoch:1, client_0: Honest... ***
client_0 data (2): {0: 22094, 1: 2}
Train FNN...
Function 'train_cnn starts at 2025-11-12 09:52:28...
X: min: -7.130988121032715, max: 7.0036115646362305
Compute classes weights...
labeled_y:  dict_items([(0, 22094), (1, 2)])
class_weight: tensor([    0.00,     1.00], device='cuda:0'), sum(class_weight) = 1.0
train_cnn epoch: 0, local_cnn train loss: 15.6053, val_loss: 15.6053, LR: 0.001
train_cnn epoch: 4, local_cnn train loss: 0.2172, val_loss: 0.2172, LR: 0.0008100000000000001
Function 'train_cnn' executed in 1.3161 seconds (Start: 2025-11-12 09:52:28, End: 2025-11-12 09:52:29)
dist(local, global): 4.926712989807129
Evaluate FNNs...
Function 'evaluate starts at 2025-11-12 09:52:29...
Function 'evaluate' executed in 0.0193 seconds (Start: 2025-11-12 09:52:29, End: 2025-11-12 09:52:29)
Function 'evaluate_shared_test starts at 2025-11-12 09:52:29...
Function 'evaluate_shared_test' executed in 0.0250 seconds (Start: 2025-11-12 09:52:29, End: 2025-11-12 09:52:29)

*** server_epoch:1, client_1: Honest... ***
client_1 data (2): {0: 160, 1: 776}
Train FNN...
Function 'train_cnn starts at 2025-11-12 09:52:30...
X: min: -6.514527797698975, max: 7.234849452972412
Compute classes weights...
labeled_y:  dict_items([(0, 160), (1, 776)])
class_weight: tensor([0.83, 0.17], device='cuda:0'), sum(class_weight) = 1.0
train_cnn epoch: 0, local_cnn train loss: 1.2446, val_loss: 1.2446, LR: 0.001
train_cnn epoch: 4, local_cnn train loss: 1.0124, val_loss: 1.0124, LR: 0.001
Function 'train_cnn' executed in 0.0598 seconds (Start: 2025-11-12 09:52:30, End: 2025-11-12 09:52:30)
dist(local, global): 0.7961642742156982
Evaluate FNNs...
Function 'evaluate starts at 2025-11-12 09:52:30...
Function 'evaluate' executed in 0.0075 seconds (Start: 2025-11-12 09:52:30, End: 2025-11-12 09:52:30)
Function 'evaluate_shared_test starts at 2025-11-12 09:52:30...
Function 'evaluate_shared_test' executed in 0.0253 seconds (Start: 2025-11-12 09:52:30, End: 2025-11-12 09:52:30)

*** server_epoch:1, client_2: Honest... ***
client_2 data (2): {0: 7549, 1: 5931}
Train FNN...
Function 'train_cnn starts at 2025-11-12 09:52:30...
X: min: -7.718449115753174, max: 6.839352607727051
Compute classes weights...
labeled_y:  dict_items([(0, 7549), (1, 5931)])
class_weight: tensor([0.44, 0.56], device='cuda:0'), sum(class_weight) = 1.0
train_cnn epoch: 0, local_cnn train loss: 18.2556, val_loss: 18.2556, LR: 0.001
train_cnn epoch: 4, local_cnn train loss: 13.4180, val_loss: 13.4180, LR: 0.0009000000000000001
Function 'train_cnn' executed in 0.9107 seconds (Start: 2025-11-12 09:52:30, End: 2025-11-12 09:52:31)
dist(local, global): 3.9629414081573486
Evaluate FNNs...
Function 'evaluate starts at 2025-11-12 09:52:31...
Function 'evaluate' executed in 0.0142 seconds (Start: 2025-11-12 09:52:31, End: 2025-11-12 09:52:31)
Function 'evaluate_shared_test starts at 2025-11-12 09:52:31...
Function 'evaluate_shared_test' executed in 0.0251 seconds (Start: 2025-11-12 09:52:31, End: 2025-11-12 09:52:31)

*** server_epoch:1, client_3: Honest... ***
client_3 data (2): {0: 4973, 1: 9888}
Train FNN...
Function 'train_cnn starts at 2025-11-12 09:52:32...
X: min: -7.327141761779785, max: 6.673248291015625
Compute classes weights...
labeled_y:  dict_items([(0, 4973), (1, 9888)])
class_weight: tensor([0.67, 0.33], device='cuda:0'), sum(class_weight) = 1.0
train_cnn epoch: 0, local_cnn train loss: 18.5657, val_loss: 18.5657, LR: 0.001
train_cnn epoch: 4, local_cnn train loss: 13.6053, val_loss: 13.6053, LR: 0.0009000000000000001
Function 'train_cnn' executed in 0.8939 seconds (Start: 2025-11-12 09:52:32, End: 2025-11-12 09:52:33)
dist(local, global): 4.172403335571289
Evaluate FNNs...
Function 'evaluate starts at 2025-11-12 09:52:33...
Function 'evaluate' executed in 0.0150 seconds (Start: 2025-11-12 09:52:33, End: 2025-11-12 09:52:33)
Function 'evaluate_shared_test starts at 2025-11-12 09:52:33...
Function 'evaluate_shared_test' executed in 0.0255 seconds (Start: 2025-11-12 09:52:33, End: 2025-11-12 09:52:33)

*** server_epoch:1, client_4: Honest... ***
client_4 data (2): {0: 7888, 1: 3463}
Train FNN...
Function 'train_cnn starts at 2025-11-12 09:52:33...
X: min: -6.6343488693237305, max: 6.415163040161133
Compute classes weights...
labeled_y:  dict_items([(0, 7888), (1, 3463)])
class_weight: tensor([0.31, 0.69], device='cuda:0'), sum(class_weight) = 1.0
train_cnn epoch: 0, local_cnn train loss: 15.2353, val_loss: 15.2353, LR: 0.001
train_cnn epoch: 4, local_cnn train loss: 10.5661, val_loss: 10.5661, LR: 0.0009000000000000001
Function 'train_cnn' executed in 0.6760 seconds (Start: 2025-11-12 09:52:33, End: 2025-11-12 09:52:34)
dist(local, global): 3.4285812377929688
Evaluate FNNs...
Function 'evaluate starts at 2025-11-12 09:52:34...
Function 'evaluate' executed in 0.0131 seconds (Start: 2025-11-12 09:52:34, End: 2025-11-12 09:52:34)
Function 'evaluate_shared_test starts at 2025-11-12 09:52:34...
Function 'evaluate_shared_test' executed in 0.0254 seconds (Start: 2025-11-12 09:52:34, End: 2025-11-12 09:52:34)

*** server_epoch:1, client_5: Honest... ***
client_5 data (2): {0: 2, 1: 768}
Train FNN...
Function 'train_cnn starts at 2025-11-12 09:52:35...
X: min: -6.318947792053223, max: 5.737168312072754
Compute classes weights...
labeled_y:  dict_items([(0, 2), (1, 768)])
class_weight: tensor([1.00, 0.00], device='cuda:0'), sum(class_weight) = 1.0
train_cnn epoch: 0, local_cnn train loss: 1.1492, val_loss: 1.1492, LR: 0.001
train_cnn epoch: 4, local_cnn train loss: 0.7201, val_loss: 0.7201, LR: 0.001
Function 'train_cnn' executed in 0.0522 seconds (Start: 2025-11-12 09:52:35, End: 2025-11-12 09:52:35)
dist(local, global): 0.8445224165916443
Evaluate FNNs...
Function 'evaluate starts at 2025-11-12 09:52:35...
Function 'evaluate' executed in 0.0074 seconds (Start: 2025-11-12 09:52:35, End: 2025-11-12 09:52:35)
Function 'evaluate_shared_test starts at 2025-11-12 09:52:35...
Function 'evaluate_shared_test' executed in 0.0251 seconds (Start: 2025-11-12 09:52:35, End: 2025-11-12 09:52:35)

*** server_epoch:1, client_6: Honest... ***
client_6 data (2): {0: 2286, 1: 14176}
Train FNN...
Function 'train_cnn starts at 2025-11-12 09:52:35...
X: min: -7.2192063331604, max: 6.97460412979126
Compute classes weights...
labeled_y:  dict_items([(0, 2286), (1, 14176)])
class_weight: tensor([0.86, 0.14], device='cuda:0'), sum(class_weight) = 1.0
train_cnn epoch: 0, local_cnn train loss: 15.0214, val_loss: 15.0214, LR: 0.001
train_cnn epoch: 4, local_cnn train loss: 10.1898, val_loss: 10.1898, LR: 0.0009000000000000001
Function 'train_cnn' executed in 1.1099 seconds (Start: 2025-11-12 09:52:35, End: 2025-11-12 09:52:36)
dist(local, global): 4.081214904785156
Evaluate FNNs...
Function 'evaluate starts at 2025-11-12 09:52:36...
Function 'evaluate' executed in 0.0160 seconds (Start: 2025-11-12 09:52:36, End: 2025-11-12 09:52:36)
Function 'evaluate_shared_test starts at 2025-11-12 09:52:36...
Function 'evaluate_shared_test' executed in 0.0251 seconds (Start: 2025-11-12 09:52:36, End: 2025-11-12 09:52:36)

***server_epoch:1, client_7: Byzantine...
client_7 data: {0: 3593, 1: 15026}
Evaluate FNNs...
Function 'evaluate starts at 2025-11-12 09:52:37...
Function 'evaluate' executed in 0.0169 seconds (Start: 2025-11-12 09:52:37, End: 2025-11-12 09:52:37)
Function 'evaluate_shared_test starts at 2025-11-12 09:52:37...
Function 'evaluate_shared_test' executed in 0.0253 seconds (Start: 2025-11-12 09:52:37, End: 2025-11-12 09:52:37)

***server_epoch:1, client_8: Byzantine...
client_8 data: {0: 3115, 1: 770}
Evaluate FNNs...
Function 'evaluate starts at 2025-11-12 09:52:38...
Function 'evaluate' executed in 0.0092 seconds (Start: 2025-11-12 09:52:38, End: 2025-11-12 09:52:38)
Function 'evaluate_shared_test starts at 2025-11-12 09:52:38...
Function 'evaluate_shared_test' executed in 0.0251 seconds (Start: 2025-11-12 09:52:38, End: 2025-11-12 09:52:38)

***server_epoch:1, client_9: Byzantine...
client_9 data: {0: 278, 1: 934}
Evaluate FNNs...
Function 'evaluate starts at 2025-11-12 09:52:38...
Function 'evaluate' executed in 0.0078 seconds (Start: 2025-11-12 09:52:38, End: 2025-11-12 09:52:38)
Function 'evaluate_shared_test starts at 2025-11-12 09:52:38...
Function 'evaluate_shared_test' executed in 0.0251 seconds (Start: 2025-11-12 09:52:38, End: 2025-11-12 09:52:38)

*************** Server Epoch: 1/2, Server Aggregation **********
Function 'aggregate_cnns starts at 2025-11-12 09:52:38...
*aggregate cnn...
each update shape: torch.Size([3914])
Unique weights: tensor([  770,   936,  1212,  3885, 11351, 13480, 14861, 16462, 18619, 22096]), counts: tensor([1, 1, 1, 1, 1, 1, 1, 1, 1, 1])
mean, clients_type: [['Update 0']
 ['Update 1']
 ['Update 2']
 ['Update 3']
 ['Update 4']
 ['Update 5']
 ['Update 6']
 ['Update 7']
 ['Update 8']
 ['Update 9']], client_updates: min: -0.15, max: 0.17, time taken: 0.0005s, l2_error: 11.59
Function 'aggregate_cnns' executed in 0.0071 seconds (Start: 2025-11-12 09:52:38, End: 2025-11-12 09:52:38)

***************************** Final Results (mu+/-std) *************************************

 Final***model_type: global***
*client_0:
	server_epoch_0, train_acc:0.0001-0.0000, val_acc:0.0004-0.0000, test_acc:0.0002-0.0000, shared_acc:0.4992-0.0000, l2_error:11.4401-0.0000, time_taken:0.0007-0.0000, 
	server_epoch_1, train_acc:0.4205-0.0000, val_acc:0.4064-0.0000, test_acc:0.4153-0.0000, shared_acc:0.5711-0.0000, l2_error:11.5862-0.0000, time_taken:0.0005-0.0000, 
*client_1:
	server_epoch_0, train_acc:0.8291-0.0000, val_acc:0.8942-0.0000, test_acc:0.8538-0.0000, shared_acc:0.4992-0.0000, l2_error:11.4401-0.0000, time_taken:0.0007-0.0000, 
	server_epoch_1, train_acc:0.6774-0.0000, val_acc:0.6731-0.0000, test_acc:0.6346-0.0000, shared_acc:0.5711-0.0000, l2_error:11.5862-0.0000, time_taken:0.0005-0.0000, 
*client_2:
	server_epoch_0, train_acc:0.4400-0.0000, val_acc:0.4493-0.0000, test_acc:0.4368-0.0000, shared_acc:0.4992-0.0000, l2_error:11.4401-0.0000, time_taken:0.0007-0.0000, 
	server_epoch_1, train_acc:0.5559-0.0000, val_acc:0.5668-0.0000, test_acc:0.5541-0.0000, shared_acc:0.5711-0.0000, l2_error:11.5862-0.0000, time_taken:0.0005-0.0000, 
*client_3:
	server_epoch_0, train_acc:0.6654-0.0000, val_acc:0.6786-0.0000, test_acc:0.6667-0.0000, shared_acc:0.4992-0.0000, l2_error:11.4401-0.0000, time_taken:0.0007-0.0000, 
	server_epoch_1, train_acc:0.6154-0.0000, val_acc:0.6047-0.0000, test_acc:0.6186-0.0000, shared_acc:0.5711-0.0000, l2_error:11.5862-0.0000, time_taken:0.0005-0.0000, 
*client_4:
	server_epoch_0, train_acc:0.3051-0.0000, val_acc:0.3170-0.0000, test_acc:0.3009-0.0000, shared_acc:0.4992-0.0000, l2_error:11.4401-0.0000, time_taken:0.0007-0.0000, 
	server_epoch_1, train_acc:0.5107-0.0000, val_acc:0.5079-0.0000, test_acc:0.4984-0.0000, shared_acc:0.5711-0.0000, l2_error:11.5862-0.0000, time_taken:0.0005-0.0000, 
*client_5:
	server_epoch_0, train_acc:0.9974-0.0000, val_acc:1.0000-0.0000, test_acc:0.9953-0.0000, shared_acc:0.4992-0.0000, l2_error:11.4401-0.0000, time_taken:0.0007-0.0000, 
	server_epoch_1, train_acc:0.7052-0.0000, val_acc:0.7674-0.0000, test_acc:0.6512-0.0000, shared_acc:0.5711-0.0000, l2_error:11.5862-0.0000, time_taken:0.0005-0.0000, 
*client_6:
	server_epoch_0, train_acc:0.8611-0.0000, val_acc:0.8590-0.0000, test_acc:0.8673-0.0000, shared_acc:0.4992-0.0000, l2_error:11.4401-0.0000, time_taken:0.0007-0.0000, 
	server_epoch_1, train_acc:0.6749-0.0000, val_acc:0.6934-0.0000, test_acc:0.6820-0.0000, shared_acc:0.5711-0.0000, l2_error:11.5862-0.0000, time_taken:0.0005-0.0000, 
*client_7:
	server_epoch_0, train_acc:0.8070-0.0000, val_acc:0.8241-0.0000, test_acc:0.8073-0.0000, shared_acc:0.4992-0.0000, l2_error:11.4401-0.0000, time_taken:0.0007-0.0000, 
	server_epoch_1, train_acc:0.6586-0.0000, val_acc:0.6709-0.0000, test_acc:0.6609-0.0000, shared_acc:0.5711-0.0000, l2_error:11.5862-0.0000, time_taken:0.0005-0.0000, 
*client_8:
	server_epoch_0, train_acc:0.1982-0.0000, val_acc:0.2477-0.0000, test_acc:0.1935-0.0000, shared_acc:0.4992-0.0000, l2_error:11.4401-0.0000, time_taken:0.0007-0.0000, 
	server_epoch_1, train_acc:0.4963-0.0000, val_acc:0.4954-0.0000, test_acc:0.5176-0.0000, shared_acc:0.5711-0.0000, l2_error:11.5862-0.0000, time_taken:0.0005-0.0000, 
*client_9:
	server_epoch_0, train_acc:0.7706-0.0000, val_acc:0.7704-0.0000, test_acc:0.7596-0.0000, shared_acc:0.4992-0.0000, l2_error:11.4401-0.0000, time_taken:0.0007-0.0000, 
	server_epoch_1, train_acc:0.6601-0.0000, val_acc:0.6741-0.0000, test_acc:0.6142-0.0000, shared_acc:0.5711-0.0000, l2_error:11.5862-0.0000, time_taken:0.0005-0.0000, 

 Final***model_type: local***
*client_0:
	server_epoch_0, train_acc:0.9999-0.0000, val_acc:0.9996-0.0000, test_acc:0.9998-0.0000, shared_acc:0.5009-0.0000, l2_error:11.4401-0.0000, time_taken:0.0007-0.0000, 
	server_epoch_1, train_acc:0.9999-0.0000, val_acc:0.9996-0.0000, test_acc:0.9998-0.0000, shared_acc:0.5008-0.0000, l2_error:11.5862-0.0000, time_taken:0.0005-0.0000, 
*client_1:
	server_epoch_0, train_acc:0.8291-0.0000, val_acc:0.8942-0.0000, test_acc:0.8538-0.0000, shared_acc:0.4992-0.0000, l2_error:11.4401-0.0000, time_taken:0.0007-0.0000, 
	server_epoch_1, train_acc:0.7917-0.0000, val_acc:0.8365-0.0000, test_acc:0.7962-0.0000, shared_acc:0.5409-0.0000, l2_error:11.5862-0.0000, time_taken:0.0005-0.0000, 
*client_2:
	server_epoch_0, train_acc:0.7841-0.0000, val_acc:0.7704-0.0000, test_acc:0.7730-0.0000, shared_acc:0.7671-0.0000, l2_error:11.4401-0.0000, time_taken:0.0007-0.0000, 
	server_epoch_1, train_acc:0.7666-0.0000, val_acc:0.7497-0.0000, test_acc:0.7570-0.0000, shared_acc:0.7474-0.0000, l2_error:11.5862-0.0000, time_taken:0.0005-0.0000, 
*client_3:
	server_epoch_0, train_acc:0.8119-0.0000, val_acc:0.7948-0.0000, test_acc:0.7987-0.0000, shared_acc:0.7556-0.0000, l2_error:11.4401-0.0000, time_taken:0.0007-0.0000, 
	server_epoch_1, train_acc:0.7905-0.0000, val_acc:0.7694-0.0000, test_acc:0.7743-0.0000, shared_acc:0.7328-0.0000, l2_error:11.5862-0.0000, time_taken:0.0005-0.0000, 
*client_4:
	server_epoch_0, train_acc:0.8128-0.0000, val_acc:0.7964-0.0000, test_acc:0.7996-0.0000, shared_acc:0.7189-0.0000, l2_error:11.4401-0.0000, time_taken:0.0007-0.0000, 
	server_epoch_1, train_acc:0.7867-0.0000, val_acc:0.7829-0.0000, test_acc:0.7771-0.0000, shared_acc:0.6976-0.0000, l2_error:11.5862-0.0000, time_taken:0.0005-0.0000, 
*client_5:
	server_epoch_0, train_acc:0.9974-0.0000, val_acc:1.0000-0.0000, test_acc:0.9953-0.0000, shared_acc:0.4992-0.0000, l2_error:11.4401-0.0000, time_taken:0.0007-0.0000, 
	server_epoch_1, train_acc:0.9104-0.0000, val_acc:0.9186-0.0000, test_acc:0.8837-0.0000, shared_acc:0.5336-0.0000, l2_error:11.5862-0.0000, time_taken:0.0005-0.0000, 
*client_6:
	server_epoch_0, train_acc:0.8883-0.0000, val_acc:0.8831-0.0000, test_acc:0.8898-0.0000, shared_acc:0.6338-0.0000, l2_error:11.4401-0.0000, time_taken:0.0007-0.0000, 
	server_epoch_1, train_acc:0.8784-0.0000, val_acc:0.8689-0.0000, test_acc:0.8845-0.0000, shared_acc:0.5841-0.0000, l2_error:11.5862-0.0000, time_taken:0.0005-0.0000, 
*client_7:
	server_epoch_0, train_acc:0.6360-0.0000, val_acc:0.6187-0.0000, test_acc:0.6271-0.0000, shared_acc:0.4916-0.0000, l2_error:11.4401-0.0000, time_taken:0.0007-0.0000, 
	server_epoch_1, train_acc:0.6415-0.0000, val_acc:0.6428-0.0000, test_acc:0.6372-0.0000, shared_acc:0.4808-0.0000, l2_error:11.5862-0.0000, time_taken:0.0005-0.0000, 
*client_8:
	server_epoch_0, train_acc:0.3732-0.0000, val_acc:0.3750-0.0000, test_acc:0.3750-0.0000, shared_acc:0.5061-0.0000, l2_error:11.4401-0.0000, time_taken:0.0007-0.0000, 
	server_epoch_1, train_acc:0.2597-0.0000, val_acc:0.3218-0.0000, test_acc:0.2537-0.0000, shared_acc:0.4981-0.0000, l2_error:11.5862-0.0000, time_taken:0.0005-0.0000, 
*client_9:
	server_epoch_0, train_acc:0.5726-0.0000, val_acc:0.5704-0.0000, test_acc:0.5816-0.0000, shared_acc:0.5086-0.0000, l2_error:11.4401-0.0000, time_taken:0.0007-0.0000, 
	server_epoch_1, train_acc:0.4488-0.0000, val_acc:0.4593-0.0000, test_acc:0.4451-0.0000, shared_acc:0.4776-0.0000, l2_error:11.5862-0.0000, time_taken:0.0005-0.0000, 
Function 'main' executed in 39.1602 seconds (Start: 2025-11-12 09:51:59, End: 2025-11-12 09:52:38)
