/users/kunyang/nvflare/auto_labeling
current directory: /users/kunyang/nvflare/auto_labeling
current file: /users/kunyang/nvflare/auto_labeling/ICONIP/ragg_model_large_value_sentiment140.py
Device: cuda
Function 'main starts at 2025-11-12 09:52:04...


Namespace(labeling_rate=0.5, server_epochs=2, num_clients=10, aggregation_method='adaptive_krum_avg', verbose=5)
NUM_CLIENTS: 10, in which NUM_HONEST_CLIENTS: 7 and NUM_BYZANTINE_CLIENTS: 3
{'SEED': 42, 'TRAIN_VAL_SEED': 0, 'DEVICE': device(type='cuda'), 'VERBOSE': 5, 'LABELING_RATE': 0.8, 'BIG_NUMBER': 0.5, 'SERVER_EPOCHS': 2, 'CLIENT_EPOCHS': 5, 'BATCH_SIZE': 512, 'IID_CLASSES_CNT': 5, 'NUM_CLIENTS': 10, 'NUM_BYZANTINE_CLIENTS': 3, 'NUM_HONEST_CLIENTS': 7, 'AGGREGATION_METHOD': 'adaptive_krum_avg', 'LABELS': {0, 1}, 'NUM_CLASSES': 2, 'CNN': <class 'ragg.base.FNN'>, 'in_dim': 100}

*************************** Generate Clients Data ******************************
Function 'gen_client_data starts at 2025-11-12 09:52:04...
X.shape: (144000, 100), y.shape: (144000,)

	: size, Client_0,  Client_1,  Client_2,  Client_3,  Client_4,  Client_5,  Client_6,  Client_7,  Client_8,  Client_9
class 0:  72022 [4311, 390, 10483, 209, 4954, 10955, 3, 30686, 6880, 3151] , alpha: 0.5
class 1:  71978 [1086, 1294, 8240, 1091, 20907, 4812, 1068, 4, 13762, 19714] , alpha: 0.5
client 0's data size: 30690, total classes: 2, in which {0: 30686, 1: 4}
client 1's data size: 1300, total classes: 2, in which {0: 209, 1: 1091}
client 2's data size: 18723, total classes: 2, in which {0: 10483, 1: 8240}
client 3's data size: 20642, total classes: 2, in which {0: 6880, 1: 13762}
client 4's data size: 15767, total classes: 2, in which {0: 10955, 1: 4812}
client 5's data size: 1071, total classes: 2, in which {0: 3, 1: 1068}
client 6's data size: 22865, total classes: 2, in which {0: 3151, 1: 19714}
client 7's data size: 25861, total classes: 2, in which {0: 4954, 1: 20907}
client 8's data size: 5397, total classes: 2, in which {0: 4311, 1: 1086}
client 9's data size: 1684, total classes: 2, in which {0: 390, 1: 1294}
total size: 144000

*** client_0: Honest...
client_0 data (2):  {0: 30686, 1: 4}
Local_data: 
X: torch.Size([30690, 100]), y(2): {0: 30686, 1: 4}, in which, 
	X_train: torch.Size([22096, 100]), y_train: Counter({0: 22094, 1: 2})
	X_val: torch.Size([2456, 100]), y_val: Counter({0: 2455, 1: 1})
	X_test: torch.Size([6138, 100]), y_test: Counter({0: 6137, 1: 1})

*** client_1: Honest...
client_1 data (2):  {0: 209, 1: 1091}
Local_data: 
X: torch.Size([1300, 100]), y(2): {0: 209, 1: 1091}, in which, 
	X_train: torch.Size([936, 100]), y_train: Counter({1: 776, 0: 160})
	X_val: torch.Size([104, 100]), y_val: Counter({1: 93, 0: 11})
	X_test: torch.Size([260, 100]), y_test: Counter({1: 222, 0: 38})

*** client_2: Honest...
client_2 data (2):  {0: 10483, 1: 8240}
Local_data: 
X: torch.Size([18723, 100]), y(2): {0: 10483, 1: 8240}, in which, 
	X_train: torch.Size([13480, 100]), y_train: Counter({0: 7549, 1: 5931})
	X_val: torch.Size([1498, 100]), y_val: Counter({0: 825, 1: 673})
	X_test: torch.Size([3745, 100]), y_test: Counter({0: 2109, 1: 1636})

*** client_3: Honest...
client_3 data (2):  {0: 6880, 1: 13762}
Local_data: 
X: torch.Size([20642, 100]), y(2): {0: 6880, 1: 13762}, in which, 
	X_train: torch.Size([14861, 100]), y_train: Counter({1: 9888, 0: 4973})
	X_val: torch.Size([1652, 100]), y_val: Counter({1: 1121, 0: 531})
	X_test: torch.Size([4129, 100]), y_test: Counter({1: 2753, 0: 1376})

*** client_4: Honest...
client_4 data (2):  {0: 10955, 1: 4812}
Local_data: 
X: torch.Size([15767, 100]), y(2): {0: 10955, 1: 4812}, in which, 
	X_train: torch.Size([11351, 100]), y_train: Counter({0: 7888, 1: 3463})
	X_val: torch.Size([1262, 100]), y_val: Counter({0: 862, 1: 400})
	X_test: torch.Size([3154, 100]), y_test: Counter({0: 2205, 1: 949})

*** client_5: Honest...
client_5 data (2):  {0: 3, 1: 1068}
Local_data: 
X: torch.Size([1071, 100]), y(2): {0: 3, 1: 1068}, in which, 
	X_train: torch.Size([770, 100]), y_train: Counter({1: 768, 0: 2})
	X_val: torch.Size([86, 100]), y_val: Counter({1: 86})
	X_test: torch.Size([215, 100]), y_test: Counter({1: 214, 0: 1})

*** client_6: Honest...
client_6 data (2):  {0: 3151, 1: 19714}
Local_data: 
X: torch.Size([22865, 100]), y(2): {0: 3151, 1: 19714}, in which, 
	X_train: torch.Size([16462, 100]), y_train: Counter({1: 14176, 0: 2286})
	X_val: torch.Size([1830, 100]), y_val: Counter({1: 1572, 0: 258})
	X_test: torch.Size([4573, 100]), y_test: Counter({1: 3966, 0: 607})

*** client_7: Byzantine...
client_7 data (2):  {0: 4954, 1: 20907}
Local_data: 
X: torch.Size([25861, 100]), y(2): {0: 4954, 1: 20907}, in which, 
	X_train: torch.Size([18619, 100]), y_train: Counter({1: 15026, 0: 3593})
	X_val: torch.Size([2069, 100]), y_val: Counter({1: 1705, 0: 364})
	X_test: torch.Size([5173, 100]), y_test: Counter({1: 4176, 0: 997})

*** client_8: Byzantine...
client_8 data (2):  {0: 4311, 1: 1086}
Local_data: 
X: torch.Size([5397, 100]), y(2): {0: 4311, 1: 1086}, in which, 
	X_train: torch.Size([3885, 100]), y_train: Counter({0: 3115, 1: 770})
	X_val: torch.Size([432, 100]), y_val: Counter({0: 325, 1: 107})
	X_test: torch.Size([1080, 100]), y_test: Counter({0: 871, 1: 209})

*** client_9: Byzantine...
client_9 data (2):  {0: 390, 1: 1294}
Local_data: 
X: torch.Size([1684, 100]), y(2): {0: 390, 1: 1294}, in which, 
	X_train: torch.Size([1212, 100]), y_train: Counter({1: 934, 0: 278})
	X_val: torch.Size([135, 100]), y_val: Counter({1: 104, 0: 31})
	X_test: torch.Size([337, 100]), y_test: Counter({1: 256, 0: 81})
Function 'gen_client_data' executed in 16.2488 seconds (Start: 2025-11-12 09:52:04, End: 2025-11-12 09:52:20)

***************************** Global Models *************************************
FNN(
  (leaky_relu): LeakyReLU(negative_slope=0.2)
  (fc11): Linear(in_features=100, out_features=32, bias=True)
  (fc21): Linear(in_features=32, out_features=16, bias=True)
  (fc22): Linear(in_features=16, out_features=8, bias=True)
  (fc33): Linear(in_features=8, out_features=2, bias=True)
)

*************** Server Epoch: 0/2, Client Training *************

*** server_epoch:0, client_0: Honest... ***
client_0 data (2): {0: 22094, 1: 2}
Local_data: 
X: torch.Size([30690, 100]), y(2): {0: 30686, 1: 4}, in which, 
	X_train: torch.Size([22096, 100]), y_train: Counter({0: 22094, 1: 2})
	X_val: torch.Size([2456, 100]), y_val: Counter({0: 2455, 1: 1})
	X_test: torch.Size([6138, 100]), y_test: Counter({0: 6137, 1: 1})
Train FNN...
Function 'train_cnn starts at 2025-11-12 09:52:21...
X: min: -7.130988121032715, max: 7.0036115646362305
Compute classes weights...
labeled_y:  dict_items([(0, 22094), (1, 2)])
class_weight: tensor([    0.00,     1.00], device='cuda:0'), sum(class_weight) = 1.0
train_cnn epoch: 0, local_cnn train loss: 31.0233, val_loss: 31.0233, LR: 0.001
train_cnn epoch: 4, local_cnn train loss: 0.1555, val_loss: 0.1555, LR: 0.0008100000000000001
Function 'train_cnn' executed in 2.4268 seconds (Start: 2025-11-12 09:52:21, End: 2025-11-12 09:52:23)
dist(local, global): 9.436211585998535
Evaluate FNNs...
Function 'evaluate starts at 2025-11-12 09:52:23...
Function 'evaluate' executed in 0.0196 seconds (Start: 2025-11-12 09:52:23, End: 2025-11-12 09:52:23)
Function 'evaluate_shared_test starts at 2025-11-12 09:52:23...
Function 'evaluate_shared_test' executed in 0.0265 seconds (Start: 2025-11-12 09:52:23, End: 2025-11-12 09:52:23)

*** server_epoch:0, client_1: Honest... ***
client_1 data (2): {0: 160, 1: 776}
Local_data: 
X: torch.Size([1300, 100]), y(2): {0: 209, 1: 1091}, in which, 
	X_train: torch.Size([936, 100]), y_train: Counter({1: 776, 0: 160})
	X_val: torch.Size([104, 100]), y_val: Counter({1: 93, 0: 11})
	X_test: torch.Size([260, 100]), y_test: Counter({1: 222, 0: 38})
Train FNN...
Function 'train_cnn starts at 2025-11-12 09:52:24...
X: min: -6.514527797698975, max: 7.234849452972412
Compute classes weights...
labeled_y:  dict_items([(0, 160), (1, 776)])
class_weight: tensor([0.83, 0.17], device='cuda:0'), sum(class_weight) = 1.0
train_cnn epoch: 0, local_cnn train loss: 1.1831, val_loss: 1.1831, LR: 0.001
train_cnn epoch: 4, local_cnn train loss: 1.1504, val_loss: 1.1504, LR: 0.001
Function 'train_cnn' executed in 0.0610 seconds (Start: 2025-11-12 09:52:24, End: 2025-11-12 09:52:24)
dist(local, global): 0.8755396604537964
Evaluate FNNs...
Function 'evaluate starts at 2025-11-12 09:52:24...
Function 'evaluate' executed in 0.0078 seconds (Start: 2025-11-12 09:52:24, End: 2025-11-12 09:52:24)
Function 'evaluate_shared_test starts at 2025-11-12 09:52:24...
Function 'evaluate_shared_test' executed in 0.0248 seconds (Start: 2025-11-12 09:52:24, End: 2025-11-12 09:52:24)

*** server_epoch:0, client_2: Honest... ***
client_2 data (2): {0: 7549, 1: 5931}
Local_data: 
X: torch.Size([18723, 100]), y(2): {0: 10483, 1: 8240}, in which, 
	X_train: torch.Size([13480, 100]), y_train: Counter({0: 7549, 1: 5931})
	X_val: torch.Size([1498, 100]), y_val: Counter({0: 825, 1: 673})
	X_test: torch.Size([3745, 100]), y_test: Counter({0: 2109, 1: 1636})
Train FNN...
Function 'train_cnn starts at 2025-11-12 09:52:24...
X: min: -7.718449115753174, max: 6.839352607727051
Compute classes weights...
labeled_y:  dict_items([(0, 7549), (1, 5931)])
class_weight: tensor([0.44, 0.56], device='cuda:0'), sum(class_weight) = 1.0
train_cnn epoch: 0, local_cnn train loss: 19.1706, val_loss: 19.1706, LR: 0.001
train_cnn epoch: 4, local_cnn train loss: 12.5440, val_loss: 12.5440, LR: 0.0009000000000000001
Function 'train_cnn' executed in 0.9109 seconds (Start: 2025-11-12 09:52:24, End: 2025-11-12 09:52:25)
dist(local, global): 6.37087345123291
Evaluate FNNs...
Function 'evaluate starts at 2025-11-12 09:52:25...
Function 'evaluate' executed in 0.0145 seconds (Start: 2025-11-12 09:52:25, End: 2025-11-12 09:52:25)
Function 'evaluate_shared_test starts at 2025-11-12 09:52:25...
Function 'evaluate_shared_test' executed in 0.0245 seconds (Start: 2025-11-12 09:52:25, End: 2025-11-12 09:52:25)

*** server_epoch:0, client_3: Honest... ***
client_3 data (2): {0: 4973, 1: 9888}
Local_data: 
X: torch.Size([20642, 100]), y(2): {0: 6880, 1: 13762}, in which, 
	X_train: torch.Size([14861, 100]), y_train: Counter({1: 9888, 0: 4973})
	X_val: torch.Size([1652, 100]), y_val: Counter({1: 1121, 0: 531})
	X_test: torch.Size([4129, 100]), y_test: Counter({1: 2753, 0: 1376})
Train FNN...
Function 'train_cnn starts at 2025-11-12 09:52:26...
X: min: -7.327141761779785, max: 6.673248291015625
Compute classes weights...
labeled_y:  dict_items([(0, 4973), (1, 9888)])
class_weight: tensor([0.67, 0.33], device='cuda:0'), sum(class_weight) = 1.0
train_cnn epoch: 0, local_cnn train loss: 19.2578, val_loss: 19.2578, LR: 0.001
train_cnn epoch: 4, local_cnn train loss: 12.6674, val_loss: 12.6674, LR: 0.0009000000000000001
Function 'train_cnn' executed in 0.8987 seconds (Start: 2025-11-12 09:52:26, End: 2025-11-12 09:52:27)
dist(local, global): 6.58174991607666
Evaluate FNNs...
Function 'evaluate starts at 2025-11-12 09:52:27...
Function 'evaluate' executed in 0.0151 seconds (Start: 2025-11-12 09:52:27, End: 2025-11-12 09:52:27)
Function 'evaluate_shared_test starts at 2025-11-12 09:52:27...
Function 'evaluate_shared_test' executed in 0.0248 seconds (Start: 2025-11-12 09:52:27, End: 2025-11-12 09:52:27)

*** server_epoch:0, client_4: Honest... ***
client_4 data (2): {0: 7888, 1: 3463}
Local_data: 
X: torch.Size([15767, 100]), y(2): {0: 10955, 1: 4812}, in which, 
	X_train: torch.Size([11351, 100]), y_train: Counter({0: 7888, 1: 3463})
	X_val: torch.Size([1262, 100]), y_val: Counter({0: 862, 1: 400})
	X_test: torch.Size([3154, 100]), y_test: Counter({0: 2205, 1: 949})
Train FNN...
Function 'train_cnn starts at 2025-11-12 09:52:28...
X: min: -6.6343488693237305, max: 6.415163040161133
Compute classes weights...
labeled_y:  dict_items([(0, 7888), (1, 3463)])
class_weight: tensor([0.31, 0.69], device='cuda:0'), sum(class_weight) = 1.0
train_cnn epoch: 0, local_cnn train loss: 17.2377, val_loss: 17.2377, LR: 0.001
train_cnn epoch: 4, local_cnn train loss: 9.8222, val_loss: 9.8222, LR: 0.0009000000000000001
Function 'train_cnn' executed in 0.6887 seconds (Start: 2025-11-12 09:52:28, End: 2025-11-12 09:52:28)
dist(local, global): 6.277777671813965
Evaluate FNNs...
Function 'evaluate starts at 2025-11-12 09:52:28...
Function 'evaluate' executed in 0.0132 seconds (Start: 2025-11-12 09:52:28, End: 2025-11-12 09:52:28)
Function 'evaluate_shared_test starts at 2025-11-12 09:52:28...
Function 'evaluate_shared_test' executed in 0.0245 seconds (Start: 2025-11-12 09:52:28, End: 2025-11-12 09:52:28)

*** server_epoch:0, client_5: Honest... ***
client_5 data (2): {0: 2, 1: 768}
Local_data: 
X: torch.Size([1071, 100]), y(2): {0: 3, 1: 1068}, in which, 
	X_train: torch.Size([770, 100]), y_train: Counter({1: 768, 0: 2})
	X_val: torch.Size([86, 100]), y_val: Counter({1: 86})
	X_test: torch.Size([215, 100]), y_test: Counter({1: 214, 0: 1})
Train FNN...
Function 'train_cnn starts at 2025-11-12 09:52:29...
X: min: -6.318947792053223, max: 5.737168312072754
Compute classes weights...
labeled_y:  dict_items([(0, 2), (1, 768)])
class_weight: tensor([1.00, 0.00], device='cuda:0'), sum(class_weight) = 1.0
train_cnn epoch: 0, local_cnn train loss: 1.0655, val_loss: 1.0655, LR: 0.001
train_cnn epoch: 4, local_cnn train loss: 1.0089, val_loss: 1.0089, LR: 0.001
Function 'train_cnn' executed in 0.0532 seconds (Start: 2025-11-12 09:52:29, End: 2025-11-12 09:52:29)
dist(local, global): 0.9106686115264893
Evaluate FNNs...
Function 'evaluate starts at 2025-11-12 09:52:29...
Function 'evaluate' executed in 0.0089 seconds (Start: 2025-11-12 09:52:29, End: 2025-11-12 09:52:29)
Function 'evaluate_shared_test starts at 2025-11-12 09:52:29...
Function 'evaluate_shared_test' executed in 0.0249 seconds (Start: 2025-11-12 09:52:29, End: 2025-11-12 09:52:29)

*** server_epoch:0, client_6: Honest... ***
client_6 data (2): {0: 2286, 1: 14176}
Local_data: 
X: torch.Size([22865, 100]), y(2): {0: 3151, 1: 19714}, in which, 
	X_train: torch.Size([16462, 100]), y_train: Counter({1: 14176, 0: 2286})
	X_val: torch.Size([1830, 100]), y_val: Counter({1: 1572, 0: 258})
	X_test: torch.Size([4573, 100]), y_test: Counter({1: 3966, 0: 607})
Train FNN...
Function 'train_cnn starts at 2025-11-12 09:52:29...
X: min: -7.2192063331604, max: 6.97460412979126
Compute classes weights...
labeled_y:  dict_items([(0, 2286), (1, 14176)])
class_weight: tensor([0.86, 0.14], device='cuda:0'), sum(class_weight) = 1.0
train_cnn epoch: 0, local_cnn train loss: 17.6631, val_loss: 17.6631, LR: 0.001
train_cnn epoch: 4, local_cnn train loss: 9.2696, val_loss: 9.2696, LR: 0.0009000000000000001
Function 'train_cnn' executed in 1.0993 seconds (Start: 2025-11-12 09:52:29, End: 2025-11-12 09:52:31)
dist(local, global): 6.915602684020996
Evaluate FNNs...
Function 'evaluate starts at 2025-11-12 09:52:31...
Function 'evaluate' executed in 0.0160 seconds (Start: 2025-11-12 09:52:31, End: 2025-11-12 09:52:31)
Function 'evaluate_shared_test starts at 2025-11-12 09:52:31...
Function 'evaluate_shared_test' executed in 0.0250 seconds (Start: 2025-11-12 09:52:31, End: 2025-11-12 09:52:31)

***server_epoch:0, client_7: Byzantine...
client_7 data: {0: 3593, 1: 15026}
Local_data: 
X: torch.Size([25861, 100]), y(2): {0: 4954, 1: 20907}, in which, 
	X_train: torch.Size([18619, 100]), y_train: Counter({1: 15026, 0: 3593})
	X_val: torch.Size([2069, 100]), y_val: Counter({1: 1705, 0: 364})
	X_test: torch.Size([5173, 100]), y_test: Counter({1: 4176, 0: 997})
Evaluate FNNs...
Function 'evaluate starts at 2025-11-12 09:52:31...
Function 'evaluate' executed in 0.0170 seconds (Start: 2025-11-12 09:52:31, End: 2025-11-12 09:52:31)
Function 'evaluate_shared_test starts at 2025-11-12 09:52:31...
Function 'evaluate_shared_test' executed in 0.0247 seconds (Start: 2025-11-12 09:52:31, End: 2025-11-12 09:52:31)

***server_epoch:0, client_8: Byzantine...
client_8 data: {0: 3115, 1: 770}
Local_data: 
X: torch.Size([5397, 100]), y(2): {0: 4311, 1: 1086}, in which, 
	X_train: torch.Size([3885, 100]), y_train: Counter({0: 3115, 1: 770})
	X_val: torch.Size([432, 100]), y_val: Counter({0: 325, 1: 107})
	X_test: torch.Size([1080, 100]), y_test: Counter({0: 871, 1: 209})
Evaluate FNNs...
Function 'evaluate starts at 2025-11-12 09:52:32...
Function 'evaluate' executed in 0.0095 seconds (Start: 2025-11-12 09:52:32, End: 2025-11-12 09:52:32)
Function 'evaluate_shared_test starts at 2025-11-12 09:52:32...
Function 'evaluate_shared_test' executed in 0.0249 seconds (Start: 2025-11-12 09:52:32, End: 2025-11-12 09:52:32)

***server_epoch:0, client_9: Byzantine...
client_9 data: {0: 278, 1: 934}
Local_data: 
X: torch.Size([1684, 100]), y(2): {0: 390, 1: 1294}, in which, 
	X_train: torch.Size([1212, 100]), y_train: Counter({1: 934, 0: 278})
	X_val: torch.Size([135, 100]), y_val: Counter({1: 104, 0: 31})
	X_test: torch.Size([337, 100]), y_test: Counter({1: 256, 0: 81})
Evaluate FNNs...
Function 'evaluate starts at 2025-11-12 09:52:32...
Function 'evaluate' executed in 0.0077 seconds (Start: 2025-11-12 09:52:32, End: 2025-11-12 09:52:32)
Function 'evaluate_shared_test starts at 2025-11-12 09:52:32...
Function 'evaluate_shared_test' executed in 0.0243 seconds (Start: 2025-11-12 09:52:32, End: 2025-11-12 09:52:32)

*************** Server Epoch: 0/2, Server Aggregation **********
Function 'aggregate_cnns starts at 2025-11-12 09:52:32...
*aggregate cnn...
each update shape: torch.Size([3914])
Unique weights: tensor([1]), counts: tensor([10])
adaptive_Krum scores:  ['54847.45', '54817.59', '54809.45', '54824.03', '54822.15', '54818.82', '54830.92', '383670.34', '390360.34', '399272.84']
fs: [3, 4, 4, 4, 3, 4, 3, 1, 1, 1]
selected_index: 2
m: 6
adaptive_krum_avg, clients_type: [['Update 0']
 ['Update 1']
 ['Update 2']
 ['Update 3']
 ['Update 4']
 ['Update 5']
 ['Byzantine']
 ['Byzantine']
 ['Byzantine']
 ['Byzantine']], client_updates: min: -0.22, max: 0.21, time taken: 0.0118s, l2_error: 0.58
Function 'aggregate_cnns' executed in 0.0188 seconds (Start: 2025-11-12 09:52:32, End: 2025-11-12 09:52:32)

*************** Server Epoch: 1/2, Client Training *************

*** server_epoch:1, client_0: Honest... ***
client_0 data (2): {0: 22094, 1: 2}
Local_data: 
X: torch.Size([30690, 100]), y(2): {0: 30686, 1: 4}, in which, 
	X_train: torch.Size([22096, 100]), y_train: Counter({0: 22094, 1: 2})
	X_val: torch.Size([2456, 100]), y_val: Counter({0: 2455, 1: 1})
	X_test: torch.Size([6138, 100]), y_test: Counter({0: 6137, 1: 1})
Train FNN...
Function 'train_cnn starts at 2025-11-12 09:52:33...
X: min: -7.130988121032715, max: 7.0036115646362305
Compute classes weights...
labeled_y:  dict_items([(0, 22094), (1, 2)])
class_weight: tensor([    0.00,     1.00], device='cuda:0'), sum(class_weight) = 1.0
train_cnn epoch: 0, local_cnn train loss: 11.7772, val_loss: 11.7772, LR: 0.001
train_cnn epoch: 4, local_cnn train loss: 0.1605, val_loss: 0.1605, LR: 0.0008100000000000001
Function 'train_cnn' executed in 1.3403 seconds (Start: 2025-11-12 09:52:33, End: 2025-11-12 09:52:34)
dist(local, global): 5.935886859893799
Evaluate FNNs...
Function 'evaluate starts at 2025-11-12 09:52:34...
Function 'evaluate' executed in 0.0190 seconds (Start: 2025-11-12 09:52:34, End: 2025-11-12 09:52:34)
Function 'evaluate_shared_test starts at 2025-11-12 09:52:34...
Function 'evaluate_shared_test' executed in 0.0245 seconds (Start: 2025-11-12 09:52:34, End: 2025-11-12 09:52:34)

*** server_epoch:1, client_1: Honest... ***
client_1 data (2): {0: 160, 1: 776}
Local_data: 
X: torch.Size([1300, 100]), y(2): {0: 209, 1: 1091}, in which, 
	X_train: torch.Size([936, 100]), y_train: Counter({1: 776, 0: 160})
	X_val: torch.Size([104, 100]), y_val: Counter({1: 93, 0: 11})
	X_test: torch.Size([260, 100]), y_test: Counter({1: 222, 0: 38})
Train FNN...
Function 'train_cnn starts at 2025-11-12 09:52:35...
X: min: -6.514527797698975, max: 7.234849452972412
Compute classes weights...
labeled_y:  dict_items([(0, 160), (1, 776)])
class_weight: tensor([0.83, 0.17], device='cuda:0'), sum(class_weight) = 1.0
train_cnn epoch: 0, local_cnn train loss: 1.2656, val_loss: 1.2656, LR: 0.001
train_cnn epoch: 4, local_cnn train loss: 1.1301, val_loss: 1.1301, LR: 0.001
Function 'train_cnn' executed in 0.0619 seconds (Start: 2025-11-12 09:52:35, End: 2025-11-12 09:52:35)
dist(local, global): 0.8413798809051514
Evaluate FNNs...
Function 'evaluate starts at 2025-11-12 09:52:35...
Function 'evaluate' executed in 0.0076 seconds (Start: 2025-11-12 09:52:35, End: 2025-11-12 09:52:35)
Function 'evaluate_shared_test starts at 2025-11-12 09:52:35...
Function 'evaluate_shared_test' executed in 0.0248 seconds (Start: 2025-11-12 09:52:35, End: 2025-11-12 09:52:35)

*** server_epoch:1, client_2: Honest... ***
client_2 data (2): {0: 7549, 1: 5931}
Local_data: 
X: torch.Size([18723, 100]), y(2): {0: 10483, 1: 8240}, in which, 
	X_train: torch.Size([13480, 100]), y_train: Counter({0: 7549, 1: 5931})
	X_val: torch.Size([1498, 100]), y_val: Counter({0: 825, 1: 673})
	X_test: torch.Size([3745, 100]), y_test: Counter({0: 2109, 1: 1636})
Train FNN...
Function 'train_cnn starts at 2025-11-12 09:52:35...
X: min: -7.718449115753174, max: 6.839352607727051
Compute classes weights...
labeled_y:  dict_items([(0, 7549), (1, 5931)])
class_weight: tensor([0.44, 0.56], device='cuda:0'), sum(class_weight) = 1.0
train_cnn epoch: 0, local_cnn train loss: 14.8852, val_loss: 14.8852, LR: 0.001
train_cnn epoch: 4, local_cnn train loss: 12.3982, val_loss: 12.3982, LR: 0.0009000000000000001
Function 'train_cnn' executed in 0.9136 seconds (Start: 2025-11-12 09:52:35, End: 2025-11-12 09:52:36)
dist(local, global): 3.5785109996795654
Evaluate FNNs...
Function 'evaluate starts at 2025-11-12 09:52:36...
Function 'evaluate' executed in 0.0143 seconds (Start: 2025-11-12 09:52:36, End: 2025-11-12 09:52:36)
Function 'evaluate_shared_test starts at 2025-11-12 09:52:36...
Function 'evaluate_shared_test' executed in 0.0247 seconds (Start: 2025-11-12 09:52:36, End: 2025-11-12 09:52:36)

*** server_epoch:1, client_3: Honest... ***
client_3 data (2): {0: 4973, 1: 9888}
Local_data: 
X: torch.Size([20642, 100]), y(2): {0: 6880, 1: 13762}, in which, 
	X_train: torch.Size([14861, 100]), y_train: Counter({1: 9888, 0: 4973})
	X_val: torch.Size([1652, 100]), y_val: Counter({1: 1121, 0: 531})
	X_test: torch.Size([4129, 100]), y_test: Counter({1: 2753, 0: 1376})
Train FNN...
Function 'train_cnn starts at 2025-11-12 09:52:37...
X: min: -7.327141761779785, max: 6.673248291015625
Compute classes weights...
labeled_y:  dict_items([(0, 4973), (1, 9888)])
class_weight: tensor([0.67, 0.33], device='cuda:0'), sum(class_weight) = 1.0
train_cnn epoch: 0, local_cnn train loss: 16.8338, val_loss: 16.8338, LR: 0.001
train_cnn epoch: 4, local_cnn train loss: 12.3840, val_loss: 12.3840, LR: 0.0009000000000000001
Function 'train_cnn' executed in 0.8885 seconds (Start: 2025-11-12 09:52:37, End: 2025-11-12 09:52:38)
dist(local, global): 4.0525736808776855
Evaluate FNNs...
Function 'evaluate starts at 2025-11-12 09:52:38...
Function 'evaluate' executed in 0.0151 seconds (Start: 2025-11-12 09:52:38, End: 2025-11-12 09:52:38)
Function 'evaluate_shared_test starts at 2025-11-12 09:52:38...
Function 'evaluate_shared_test' executed in 0.0255 seconds (Start: 2025-11-12 09:52:38, End: 2025-11-12 09:52:38)

*** server_epoch:1, client_4: Honest... ***
client_4 data (2): {0: 7888, 1: 3463}
Local_data: 
X: torch.Size([15767, 100]), y(2): {0: 10955, 1: 4812}, in which, 
	X_train: torch.Size([11351, 100]), y_train: Counter({0: 7888, 1: 3463})
	X_val: torch.Size([1262, 100]), y_val: Counter({0: 862, 1: 400})
	X_test: torch.Size([3154, 100]), y_test: Counter({0: 2205, 1: 949})
Train FNN...
Function 'train_cnn starts at 2025-11-12 09:52:39...
X: min: -6.6343488693237305, max: 6.415163040161133
Compute classes weights...
labeled_y:  dict_items([(0, 7888), (1, 3463)])
class_weight: tensor([0.31, 0.69], device='cuda:0'), sum(class_weight) = 1.0
train_cnn epoch: 0, local_cnn train loss: 11.8147, val_loss: 11.8147, LR: 0.001
train_cnn epoch: 4, local_cnn train loss: 9.3814, val_loss: 9.3814, LR: 0.0009000000000000001
Function 'train_cnn' executed in 0.6823 seconds (Start: 2025-11-12 09:52:39, End: 2025-11-12 09:52:39)
dist(local, global): 3.2768869400024414
Evaluate FNNs...
Function 'evaluate starts at 2025-11-12 09:52:39...
Function 'evaluate' executed in 0.0132 seconds (Start: 2025-11-12 09:52:39, End: 2025-11-12 09:52:39)
Function 'evaluate_shared_test starts at 2025-11-12 09:52:39...
Function 'evaluate_shared_test' executed in 0.0246 seconds (Start: 2025-11-12 09:52:39, End: 2025-11-12 09:52:39)

*** server_epoch:1, client_5: Honest... ***
client_5 data (2): {0: 2, 1: 768}
Local_data: 
X: torch.Size([1071, 100]), y(2): {0: 3, 1: 1068}, in which, 
	X_train: torch.Size([770, 100]), y_train: Counter({1: 768, 0: 2})
	X_val: torch.Size([86, 100]), y_val: Counter({1: 86})
	X_test: torch.Size([215, 100]), y_test: Counter({1: 214, 0: 1})
Train FNN...
Function 'train_cnn starts at 2025-11-12 09:52:40...
X: min: -6.318947792053223, max: 5.737168312072754
Compute classes weights...
labeled_y:  dict_items([(0, 2), (1, 768)])
class_weight: tensor([1.00, 0.00], device='cuda:0'), sum(class_weight) = 1.0
train_cnn epoch: 0, local_cnn train loss: 1.2990, val_loss: 1.2990, LR: 0.001
train_cnn epoch: 4, local_cnn train loss: 1.0972, val_loss: 1.0972, LR: 0.001
Function 'train_cnn' executed in 0.0530 seconds (Start: 2025-11-12 09:52:40, End: 2025-11-12 09:52:40)
dist(local, global): 0.8602074980735779
Evaluate FNNs...
Function 'evaluate starts at 2025-11-12 09:52:40...
Function 'evaluate' executed in 0.0074 seconds (Start: 2025-11-12 09:52:40, End: 2025-11-12 09:52:40)
Function 'evaluate_shared_test starts at 2025-11-12 09:52:40...
Function 'evaluate_shared_test' executed in 0.0248 seconds (Start: 2025-11-12 09:52:40, End: 2025-11-12 09:52:40)

*** server_epoch:1, client_6: Honest... ***
client_6 data (2): {0: 2286, 1: 14176}
Local_data: 
X: torch.Size([22865, 100]), y(2): {0: 3151, 1: 19714}, in which, 
	X_train: torch.Size([16462, 100]), y_train: Counter({1: 14176, 0: 2286})
	X_val: torch.Size([1830, 100]), y_val: Counter({1: 1572, 0: 258})
	X_test: torch.Size([4573, 100]), y_test: Counter({1: 3966, 0: 607})
Train FNN...
Function 'train_cnn starts at 2025-11-12 09:52:40...
X: min: -7.2192063331604, max: 6.97460412979126
Compute classes weights...
labeled_y:  dict_items([(0, 2286), (1, 14176)])
class_weight: tensor([0.86, 0.14], device='cuda:0'), sum(class_weight) = 1.0
train_cnn epoch: 0, local_cnn train loss: 17.3554, val_loss: 17.3554, LR: 0.001
train_cnn epoch: 4, local_cnn train loss: 9.1755, val_loss: 9.1755, LR: 0.0009000000000000001
Function 'train_cnn' executed in 1.1145 seconds (Start: 2025-11-12 09:52:40, End: 2025-11-12 09:52:41)
dist(local, global): 4.649614334106445
Evaluate FNNs...
Function 'evaluate starts at 2025-11-12 09:52:41...
Function 'evaluate' executed in 0.0161 seconds (Start: 2025-11-12 09:52:41, End: 2025-11-12 09:52:41)
Function 'evaluate_shared_test starts at 2025-11-12 09:52:41...
Function 'evaluate_shared_test' executed in 0.0249 seconds (Start: 2025-11-12 09:52:41, End: 2025-11-12 09:52:41)

***server_epoch:1, client_7: Byzantine...
client_7 data: {0: 3593, 1: 15026}
Local_data: 
X: torch.Size([25861, 100]), y(2): {0: 4954, 1: 20907}, in which, 
	X_train: torch.Size([18619, 100]), y_train: Counter({1: 15026, 0: 3593})
	X_val: torch.Size([2069, 100]), y_val: Counter({1: 1705, 0: 364})
	X_test: torch.Size([5173, 100]), y_test: Counter({1: 4176, 0: 997})
Evaluate FNNs...
Function 'evaluate starts at 2025-11-12 09:52:42...
Function 'evaluate' executed in 0.0171 seconds (Start: 2025-11-12 09:52:42, End: 2025-11-12 09:52:42)
Function 'evaluate_shared_test starts at 2025-11-12 09:52:42...
Function 'evaluate_shared_test' executed in 0.0249 seconds (Start: 2025-11-12 09:52:42, End: 2025-11-12 09:52:42)

***server_epoch:1, client_8: Byzantine...
client_8 data: {0: 3115, 1: 770}
Local_data: 
X: torch.Size([5397, 100]), y(2): {0: 4311, 1: 1086}, in which, 
	X_train: torch.Size([3885, 100]), y_train: Counter({0: 3115, 1: 770})
	X_val: torch.Size([432, 100]), y_val: Counter({0: 325, 1: 107})
	X_test: torch.Size([1080, 100]), y_test: Counter({0: 871, 1: 209})
Evaluate FNNs...
Function 'evaluate starts at 2025-11-12 09:52:43...
Function 'evaluate' executed in 0.0096 seconds (Start: 2025-11-12 09:52:43, End: 2025-11-12 09:52:43)
Function 'evaluate_shared_test starts at 2025-11-12 09:52:43...
Function 'evaluate_shared_test' executed in 0.0250 seconds (Start: 2025-11-12 09:52:43, End: 2025-11-12 09:52:43)

***server_epoch:1, client_9: Byzantine...
client_9 data: {0: 278, 1: 934}
Local_data: 
X: torch.Size([1684, 100]), y(2): {0: 390, 1: 1294}, in which, 
	X_train: torch.Size([1212, 100]), y_train: Counter({1: 934, 0: 278})
	X_val: torch.Size([135, 100]), y_val: Counter({1: 104, 0: 31})
	X_test: torch.Size([337, 100]), y_test: Counter({1: 256, 0: 81})
Evaluate FNNs...
Function 'evaluate starts at 2025-11-12 09:52:43...
Function 'evaluate' executed in 0.0078 seconds (Start: 2025-11-12 09:52:43, End: 2025-11-12 09:52:43)
Function 'evaluate_shared_test starts at 2025-11-12 09:52:43...
Function 'evaluate_shared_test' executed in 0.0246 seconds (Start: 2025-11-12 09:52:43, End: 2025-11-12 09:52:43)

*************** Server Epoch: 1/2, Server Aggregation **********
Function 'aggregate_cnns starts at 2025-11-12 09:52:43...
*aggregate cnn...
each update shape: torch.Size([3914])
Unique weights: tensor([1]), counts: tensor([10])
adaptive_Krum scores:  ['54776.41', '54768.89', '54767.34', '54769.91', '54763.88', '54768.98', '54779.77', '398061.66', '383360.41', '388132.22']
fs: [3, 4, 4, 4, 4, 4, 4, 1, 1, 1]
selected_index: 4
m: 6
adaptive_krum_avg, clients_type: [['Byzantine']
 ['Update 1']
 ['Update 2']
 ['Update 3']
 ['Update 4']
 ['Update 5']
 ['Update 6']
 ['Byzantine']
 ['Byzantine']
 ['Byzantine']], client_updates: min: -0.14, max: 0.13, time taken: 0.0034s, l2_error: 0.46
Function 'aggregate_cnns' executed in 0.0099 seconds (Start: 2025-11-12 09:52:43, End: 2025-11-12 09:52:43)

***************************** Final Results (mu+/-std) *************************************

 Final***model_type: global***
*client_0:
	server_epoch_0, train_acc:0.0001-0.0000, val_acc:0.0004-0.0000, test_acc:0.0002-0.0000, shared_acc:0.4992-0.0000, l2_error:0.5802-0.0000, time_taken:0.0118-0.0000, 
	server_epoch_1, train_acc:0.8203-0.0000, val_acc:0.8282-0.0000, test_acc:0.8270-0.0000, shared_acc:0.7401-0.0000, l2_error:0.4644-0.0000, time_taken:0.0034-0.0000, 
*client_1:
	server_epoch_0, train_acc:0.8291-0.0000, val_acc:0.8942-0.0000, test_acc:0.8538-0.0000, shared_acc:0.4992-0.0000, l2_error:0.5802-0.0000, time_taken:0.0118-0.0000, 
	server_epoch_1, train_acc:0.6923-0.0000, val_acc:0.6635-0.0000, test_acc:0.6923-0.0000, shared_acc:0.7401-0.0000, l2_error:0.4644-0.0000, time_taken:0.0034-0.0000, 
*client_2:
	server_epoch_0, train_acc:0.4400-0.0000, val_acc:0.4493-0.0000, test_acc:0.4368-0.0000, shared_acc:0.4992-0.0000, l2_error:0.5802-0.0000, time_taken:0.0118-0.0000, 
	server_epoch_1, train_acc:0.7532-0.0000, val_acc:0.7443-0.0000, test_acc:0.7509-0.0000, shared_acc:0.7401-0.0000, l2_error:0.4644-0.0000, time_taken:0.0034-0.0000, 
*client_3:
	server_epoch_0, train_acc:0.6654-0.0000, val_acc:0.6786-0.0000, test_acc:0.6667-0.0000, shared_acc:0.4992-0.0000, l2_error:0.5802-0.0000, time_taken:0.0118-0.0000, 
	server_epoch_1, train_acc:0.7227-0.0000, val_acc:0.7034-0.0000, test_acc:0.7157-0.0000, shared_acc:0.7401-0.0000, l2_error:0.4644-0.0000, time_taken:0.0034-0.0000, 
*client_4:
	server_epoch_0, train_acc:0.3051-0.0000, val_acc:0.3170-0.0000, test_acc:0.3009-0.0000, shared_acc:0.4992-0.0000, l2_error:0.5802-0.0000, time_taken:0.0118-0.0000, 
	server_epoch_1, train_acc:0.7762-0.0000, val_acc:0.7631-0.0000, test_acc:0.7705-0.0000, shared_acc:0.7401-0.0000, l2_error:0.4644-0.0000, time_taken:0.0034-0.0000, 
*client_5:
	server_epoch_0, train_acc:0.9974-0.0000, val_acc:1.0000-0.0000, test_acc:0.9953-0.0000, shared_acc:0.4992-0.0000, l2_error:0.5802-0.0000, time_taken:0.0118-0.0000, 
	server_epoch_1, train_acc:0.6636-0.0000, val_acc:0.6512-0.0000, test_acc:0.6605-0.0000, shared_acc:0.7401-0.0000, l2_error:0.4644-0.0000, time_taken:0.0034-0.0000, 
*client_6:
	server_epoch_0, train_acc:0.8611-0.0000, val_acc:0.8590-0.0000, test_acc:0.8673-0.0000, shared_acc:0.4992-0.0000, l2_error:0.5802-0.0000, time_taken:0.0118-0.0000, 
	server_epoch_1, train_acc:0.6876-0.0000, val_acc:0.7011-0.0000, test_acc:0.6897-0.0000, shared_acc:0.7401-0.0000, l2_error:0.4644-0.0000, time_taken:0.0034-0.0000, 
*client_7:
	server_epoch_0, train_acc:0.8070-0.0000, val_acc:0.8241-0.0000, test_acc:0.8073-0.0000, shared_acc:0.4992-0.0000, l2_error:0.5802-0.0000, time_taken:0.0118-0.0000, 
	server_epoch_1, train_acc:0.6947-0.0000, val_acc:0.6868-0.0000, test_acc:0.6859-0.0000, shared_acc:0.7401-0.0000, l2_error:0.4644-0.0000, time_taken:0.0034-0.0000, 
*client_8:
	server_epoch_0, train_acc:0.1982-0.0000, val_acc:0.2477-0.0000, test_acc:0.1935-0.0000, shared_acc:0.4992-0.0000, l2_error:0.5802-0.0000, time_taken:0.0118-0.0000, 
	server_epoch_1, train_acc:0.7941-0.0000, val_acc:0.7801-0.0000, test_acc:0.8009-0.0000, shared_acc:0.7401-0.0000, l2_error:0.4644-0.0000, time_taken:0.0034-0.0000, 
*client_9:
	server_epoch_0, train_acc:0.7706-0.0000, val_acc:0.7704-0.0000, test_acc:0.7596-0.0000, shared_acc:0.4992-0.0000, l2_error:0.5802-0.0000, time_taken:0.0118-0.0000, 
	server_epoch_1, train_acc:0.6922-0.0000, val_acc:0.8148-0.0000, test_acc:0.7003-0.0000, shared_acc:0.7401-0.0000, l2_error:0.4644-0.0000, time_taken:0.0034-0.0000, 

 Final***model_type: local***
*client_0:
	server_epoch_0, train_acc:0.9999-0.0000, val_acc:0.9996-0.0000, test_acc:0.9998-0.0000, shared_acc:0.5009-0.0000, l2_error:0.5802-0.0000, time_taken:0.0118-0.0000, 
	server_epoch_1, train_acc:0.9999-0.0000, val_acc:0.9996-0.0000, test_acc:0.9998-0.0000, shared_acc:0.5009-0.0000, l2_error:0.4644-0.0000, time_taken:0.0034-0.0000, 
*client_1:
	server_epoch_0, train_acc:0.8291-0.0000, val_acc:0.8942-0.0000, test_acc:0.8538-0.0000, shared_acc:0.4992-0.0000, l2_error:0.5802-0.0000, time_taken:0.0118-0.0000, 
	server_epoch_1, train_acc:0.8504-0.0000, val_acc:0.8654-0.0000, test_acc:0.8269-0.0000, shared_acc:0.7259-0.0000, l2_error:0.4644-0.0000, time_taken:0.0034-0.0000, 
*client_2:
	server_epoch_0, train_acc:0.7841-0.0000, val_acc:0.7704-0.0000, test_acc:0.7730-0.0000, shared_acc:0.7671-0.0000, l2_error:0.5802-0.0000, time_taken:0.0118-0.0000, 
	server_epoch_1, train_acc:0.7848-0.0000, val_acc:0.7690-0.0000, test_acc:0.7738-0.0000, shared_acc:0.7669-0.0000, l2_error:0.4644-0.0000, time_taken:0.0034-0.0000, 
*client_3:
	server_epoch_0, train_acc:0.8119-0.0000, val_acc:0.7948-0.0000, test_acc:0.7987-0.0000, shared_acc:0.7556-0.0000, l2_error:0.5802-0.0000, time_taken:0.0118-0.0000, 
	server_epoch_1, train_acc:0.8123-0.0000, val_acc:0.7942-0.0000, test_acc:0.7949-0.0000, shared_acc:0.7519-0.0000, l2_error:0.4644-0.0000, time_taken:0.0034-0.0000, 
*client_4:
	server_epoch_0, train_acc:0.8128-0.0000, val_acc:0.7964-0.0000, test_acc:0.7996-0.0000, shared_acc:0.7189-0.0000, l2_error:0.5802-0.0000, time_taken:0.0118-0.0000, 
	server_epoch_1, train_acc:0.8197-0.0000, val_acc:0.7964-0.0000, test_acc:0.8120-0.0000, shared_acc:0.7419-0.0000, l2_error:0.4644-0.0000, time_taken:0.0034-0.0000, 
*client_5:
	server_epoch_0, train_acc:0.9974-0.0000, val_acc:1.0000-0.0000, test_acc:0.9953-0.0000, shared_acc:0.4992-0.0000, l2_error:0.5802-0.0000, time_taken:0.0118-0.0000, 
	server_epoch_1, train_acc:0.9156-0.0000, val_acc:0.8837-0.0000, test_acc:0.9209-0.0000, shared_acc:0.7218-0.0000, l2_error:0.4644-0.0000, time_taken:0.0034-0.0000, 
*client_6:
	server_epoch_0, train_acc:0.8883-0.0000, val_acc:0.8831-0.0000, test_acc:0.8898-0.0000, shared_acc:0.6338-0.0000, l2_error:0.5802-0.0000, time_taken:0.0118-0.0000, 
	server_epoch_1, train_acc:0.8918-0.0000, val_acc:0.8831-0.0000, test_acc:0.8898-0.0000, shared_acc:0.6731-0.0000, l2_error:0.4644-0.0000, time_taken:0.0034-0.0000, 
*client_7:
	server_epoch_0, train_acc:0.3612-0.0000, val_acc:0.3610-0.0000, test_acc:0.3750-0.0000, shared_acc:0.5165-0.0000, l2_error:0.5802-0.0000, time_taken:0.0118-0.0000, 
	server_epoch_1, train_acc:0.3030-0.0000, val_acc:0.3001-0.0000, test_acc:0.3103-0.0000, shared_acc:0.5146-0.0000, l2_error:0.4644-0.0000, time_taken:0.0034-0.0000, 
*client_8:
	server_epoch_0, train_acc:0.6206-0.0000, val_acc:0.5880-0.0000, test_acc:0.6176-0.0000, shared_acc:0.5122-0.0000, l2_error:0.5802-0.0000, time_taken:0.0118-0.0000, 
	server_epoch_1, train_acc:0.7387-0.0000, val_acc:0.7083-0.0000, test_acc:0.7398-0.0000, shared_acc:0.4930-0.0000, l2_error:0.4644-0.0000, time_taken:0.0034-0.0000, 
*client_9:
	server_epoch_0, train_acc:0.5297-0.0000, val_acc:0.5852-0.0000, test_acc:0.5401-0.0000, shared_acc:0.5005-0.0000, l2_error:0.5802-0.0000, time_taken:0.0118-0.0000, 
	server_epoch_1, train_acc:0.3729-0.0000, val_acc:0.3111-0.0000, test_acc:0.4362-0.0000, shared_acc:0.4585-0.0000, l2_error:0.4644-0.0000, time_taken:0.0034-0.0000, 
Function 'main' executed in 39.2279 seconds (Start: 2025-11-12 09:52:04, End: 2025-11-12 09:52:43)
